#
# There is insufficient memory for the Java Runtime Environment to continue.
# Native memory allocation (malloc) failed to allocate 1011312 bytes for Chunk::new
# Possible reasons:
#   The system is out of physical RAM or swap space
#   The process is running with CompressedOops enabled, and the Java Heap may be blocking the growth of the native heap
# Possible solutions:
#   Reduce memory load on the system
#   Increase physical memory or swap space
#   Check if swap backing store is full
#   Decrease Java heap size (-Xmx/-Xms)
#   Decrease number of Java threads
#   Decrease Java thread stack sizes (-Xss)
#   Set larger code cache with -XX:ReservedCodeCacheSize=
#   JVM is running with Unscaled Compressed Oops mode in which the Java heap is
#     placed in the first 4GB address space. The Java Heap base address is the
#     maximum limit for the native heap growth. Please use -XX:HeapBaseMinAddress
#     to set the Java Heap base and to place the Java Heap above 4GB virtual address.
# This output file may be truncated or incomplete.
#
#  Out of Memory Error (arena.cpp:191), pid=10544, tid=2388
#
# JRE version: OpenJDK Runtime Environment Temurin-17.0.10+7 (17.0.10+7) (build 17.0.10+7)
# Java VM: OpenJDK 64-Bit Server VM Temurin-17.0.10+7 (17.0.10+7, mixed mode, tiered, compressed oops, compressed class ptrs, parallel gc, windows-amd64)
# No core dump will be written. Minidumps are not enabled by default on client versions of Windows
#

---------------  S U M M A R Y ------------

Command Line: --add-modules=ALL-SYSTEM --add-opens=java.base/java.util=ALL-UNNAMED --add-opens=java.base/java.lang=ALL-UNNAMED --add-opens=java.base/sun.nio.fs=ALL-UNNAMED -Declipse.application=org.eclipse.jdt.ls.core.id1 -Dosgi.bundles.defaultStartLevel=4 -Declipse.product=org.eclipse.jdt.ls.core.product -Djava.import.generatesMetadataFilesAtProjectRoot=false -DDetectVMInstallationsJob.disabled=true -Dfile.encoding=utf8 -XX:+UseParallelGC -XX:GCTimeRatio=4 -XX:AdaptiveSizePolicyWeight=90 -Dsun.zip.disableMemoryMapping=true -Xmx1G -Xms100m -Xlog:disable -javaagent:c:\Users\DELL\.vscode\extensions\redhat.java-1.30.0-win32-x64\lombok\lombok-1.18.32.jar c:\Users\DELL\.vscode\extensions\redhat.java-1.30.0-win32-x64\server\plugins\org.eclipse.equinox.launcher_1.6.800.v20240330-1250.jar -configuration c:\Users\DELL\AppData\Roaming\Code\User\globalStorage\redhat.java\1.30.0\config_ss_win -data c:\Users\DELL\AppData\Roaming\Code\User\workspaceStorage\dae1452efd752c700ad62780db8628e0\redhat.java\ss_ws --pipe=\\.\pipe\lsp-666b8d49780c1b8f7e414f20358c8cf2-sock

Host: Intel(R) Core(TM) i5-10300H CPU @ 2.50GHz, 8 cores, 7G,  Windows 11 , 64 bit Build 22621 (10.0.22621.3374)
Time: Fri May  3 14:23:05 2024 India Standard Time elapsed time: 10.335557 seconds (0d 0h 0m 10s)

---------------  T H R E A D  ---------------

Current thread (0x000001fb11097bb0):  JavaThread "C2 CompilerThread1" daemon [_thread_in_native, id=2388, stack(0x0000003a77d00000,0x0000003a77e00000)]


Current CompileTask:
C2:  10335 4851       4       org.eclipse.jdt.internal.compiler.lookup.BinaryTypeBinding::createMethod (1724 bytes)

Stack: [0x0000003a77d00000,0x0000003a77e00000]
Native frames: (J=compiled Java code, j=interpreted, Vv=VM code, C=native code)
V  [jvm.dll+0x67d2c9]
V  [jvm.dll+0x834afa]
V  [jvm.dll+0x8365be]
V  [jvm.dll+0x836c23]
V  [jvm.dll+0x2477ff]
V  [jvm.dll+0xac514]
V  [jvm.dll+0xacb5c]
V  [jvm.dll+0x3667d7]
V  [jvm.dll+0x1bca1d]
V  [jvm.dll+0x21a049]
V  [jvm.dll+0x219311]
V  [jvm.dll+0x1a502d]
V  [jvm.dll+0x2290de]
V  [jvm.dll+0x2272ac]
V  [jvm.dll+0x7e9bb7]
V  [jvm.dll+0x7e3fba]
V  [jvm.dll+0x67c1b5]
C  [ucrtbase.dll+0x29333]
C  [KERNEL32.DLL+0x1257d]
C  [ntdll.dll+0x5aa48]


---------------  P R O C E S S  ---------------

Threads class SMR info:
_java_thread_list=0x000001fb1126e810, length=36, elements={
0x000001fb74c2f790, 0x000001fb7ebf5f30, 0x000001fb7ebf71a0, 0x000001fb79ab5c70,
0x000001fb79ab8750, 0x000001fb7ec18ff0, 0x000001fb7ec19500, 0x000001fb7ec24250,
0x000001fb7ec273c0, 0x000001fb7ec304a0, 0x000001fb7ec1a940, 0x000001fb7ec19f20,
0x000001fb7ec1b870, 0x000001fb7ec1a430, 0x000001fb7ec19a10, 0x000001fb7ec1b360,
0x000001fb7ec1c290, 0x000001fb7ec18ae0, 0x000001fb0fc5d1e0, 0x000001fb0fc5ccd0,
0x000001fb0fc5c7c0, 0x000001fb0fc5f040, 0x000001fb0fc5f550, 0x000001fb0fc5d6f0,
0x000001fb0fc5dc00, 0x000001fb0fc580e0, 0x000001fb0fc59a30, 0x000001fb0fc585f0,
0x000001fb0fc5a960, 0x000001fb0fc5bda0, 0x000001fb0fc58b00, 0x000001fb0fc5e110,
0x000001fb0fc5e620, 0x000001fb0fc59f40, 0x000001fb0fc5eb30, 0x000001fb11097bb0
}

Java Threads: ( => current thread )
  0x000001fb74c2f790 JavaThread "main" [_thread_blocked, id=18708, stack(0x0000003a76d00000,0x0000003a76e00000)]
  0x000001fb7ebf5f30 JavaThread "Reference Handler" daemon [_thread_blocked, id=11328, stack(0x0000003a77000000,0x0000003a77100000)]
  0x000001fb7ebf71a0 JavaThread "Finalizer" daemon [_thread_blocked, id=7864, stack(0x0000003a77100000,0x0000003a77200000)]
  0x000001fb79ab5c70 JavaThread "Signal Dispatcher" daemon [_thread_blocked, id=17728, stack(0x0000003a77200000,0x0000003a77300000)]
  0x000001fb79ab8750 JavaThread "Attach Listener" daemon [_thread_blocked, id=3300, stack(0x0000003a77300000,0x0000003a77400000)]
  0x000001fb7ec18ff0 JavaThread "Service Thread" daemon [_thread_blocked, id=3912, stack(0x0000003a77400000,0x0000003a77500000)]
  0x000001fb7ec19500 JavaThread "Monitor Deflation Thread" daemon [_thread_blocked, id=14848, stack(0x0000003a77500000,0x0000003a77600000)]
  0x000001fb7ec24250 JavaThread "C2 CompilerThread0" daemon [_thread_blocked, id=16264, stack(0x0000003a77600000,0x0000003a77700000)]
  0x000001fb7ec273c0 JavaThread "C1 CompilerThread0" daemon [_thread_blocked, id=5836, stack(0x0000003a77700000,0x0000003a77800000)]
  0x000001fb7ec304a0 JavaThread "Sweeper thread" daemon [_thread_blocked, id=18164, stack(0x0000003a77800000,0x0000003a77900000)]
  0x000001fb7ec1a940 JavaThread "Common-Cleaner" daemon [_thread_blocked, id=2832, stack(0x0000003a77900000,0x0000003a77a00000)]
  0x000001fb7ec19f20 JavaThread "Notification Thread" daemon [_thread_blocked, id=5324, stack(0x0000003a77b00000,0x0000003a77c00000)]
  0x000001fb7ec1b870 JavaThread "Active Thread: Equinox Container: a2c9f4c5-cade-4bdf-b165-c8be5bf1d2d8" [_thread_blocked, id=18196, stack(0x0000003a78400000,0x0000003a78500000)]
  0x000001fb7ec1a430 JavaThread "Framework Event Dispatcher: Equinox Container: a2c9f4c5-cade-4bdf-b165-c8be5bf1d2d8" daemon [_thread_blocked, id=16992, stack(0x0000003a78500000,0x0000003a78600000)]
  0x000001fb7ec19a10 JavaThread "Start Level: Equinox Container: a2c9f4c5-cade-4bdf-b165-c8be5bf1d2d8" daemon [_thread_blocked, id=4612, stack(0x0000003a78600000,0x0000003a78700000)]
  0x000001fb7ec1b360 JavaThread "SCR Component Actor" daemon [_thread_blocked, id=9008, stack(0x0000003a78700000,0x0000003a78800000)]
  0x000001fb7ec1c290 JavaThread "Worker-JM" [_thread_blocked, id=10032, stack(0x0000003a77a00000,0x0000003a77b00000)]
  0x000001fb7ec18ae0 JavaThread "Worker-0" [_thread_blocked, id=5828, stack(0x0000003a78900000,0x0000003a78a00000)]
  0x000001fb0fc5d1e0 JavaThread "Worker-1" [_thread_blocked, id=18148, stack(0x0000003a78a00000,0x0000003a78b00000)]
  0x000001fb0fc5ccd0 JavaThread "JNA Cleaner" daemon [_thread_blocked, id=6064, stack(0x0000003a78b00000,0x0000003a78c00000)]
  0x000001fb0fc5c7c0 JavaThread "Thread-2" daemon [_thread_in_native, id=11912, stack(0x0000003a78d00000,0x0000003a78e00000)]
  0x000001fb0fc5f040 JavaThread "Thread-3" daemon [_thread_in_native, id=4296, stack(0x0000003a78e00000,0x0000003a78f00000)]
  0x000001fb0fc5f550 JavaThread "Thread-4" daemon [_thread_in_native, id=9896, stack(0x0000003a78f00000,0x0000003a79000000)]
  0x000001fb0fc5d6f0 JavaThread "Thread-5" daemon [_thread_in_native, id=15812, stack(0x0000003a79000000,0x0000003a79100000)]
  0x000001fb0fc5dc00 JavaThread "Thread-6" daemon [_thread_in_native, id=10440, stack(0x0000003a79100000,0x0000003a79200000)]
  0x000001fb0fc580e0 JavaThread "Thread-7" daemon [_thread_in_native, id=14312, stack(0x0000003a79200000,0x0000003a79300000)]
  0x000001fb0fc59a30 JavaThread "Thread-8" daemon [_thread_in_native, id=9516, stack(0x0000003a79300000,0x0000003a79400000)]
  0x000001fb0fc585f0 JavaThread "Thread-9" daemon [_thread_in_native, id=6952, stack(0x0000003a79400000,0x0000003a79500000)]
  0x000001fb0fc5a960 JavaThread "Thread-10" daemon [_thread_in_native, id=17108, stack(0x0000003a79500000,0x0000003a79600000)]
  0x000001fb0fc5bda0 JavaThread "pool-2-thread-1" [_thread_blocked, id=16068, stack(0x0000003a79600000,0x0000003a79700000)]
  0x000001fb0fc58b00 JavaThread "WorkspaceEventsHandler" [_thread_blocked, id=2228, stack(0x0000003a79700000,0x0000003a79800000)]
  0x000001fb0fc5e110 JavaThread "pool-1-thread-1" [_thread_blocked, id=7700, stack(0x0000003a79800000,0x0000003a79900000)]
  0x000001fb0fc5e620 JavaThread "ForkJoinPool.commonPool-worker-1" daemon [_thread_blocked, id=9528, stack(0x0000003a79900000,0x0000003a79a00000)]
  0x000001fb0fc59f40 JavaThread "ForkJoinPool.commonPool-worker-2" daemon [_thread_blocked, id=13804, stack(0x0000003a79a00000,0x0000003a79b00000)]
  0x000001fb0fc5eb30 JavaThread "ForkJoinPool.commonPool-worker-3" daemon [_thread_blocked, id=16632, stack(0x0000003a79b00000,0x0000003a79c00000)]
=>0x000001fb11097bb0 JavaThread "C2 CompilerThread1" daemon [_thread_in_native, id=2388, stack(0x0000003a77d00000,0x0000003a77e00000)]

Other Threads:
  0x000001fb7ebf24c0 VMThread "VM Thread" [stack: 0x0000003a76f00000,0x0000003a77000000] [id=17156]
  0x000001fb0f098430 WatcherThread [stack: 0x0000003a77c00000,0x0000003a77d00000] [id=7716]
  0x000001fb74c44270 GCTaskThread "GC Thread#0" [stack: 0x0000003a76e00000,0x0000003a76f00000] [id=10880]
  0x000001fb0f429ee0 GCTaskThread "GC Thread#1" [stack: 0x0000003a77e00000,0x0000003a77f00000] [id=2984]
  0x000001fb0f42a1a0 GCTaskThread "GC Thread#2" [stack: 0x0000003a77f00000,0x0000003a78000000] [id=9444]
  0x000001fb0f42a460 GCTaskThread "GC Thread#3" [stack: 0x0000003a78000000,0x0000003a78100000] [id=4332]
  0x000001fb0f42a720 GCTaskThread "GC Thread#4" [stack: 0x0000003a78100000,0x0000003a78200000] [id=5144]
  0x000001fb0f42a9e0 GCTaskThread "GC Thread#5" [stack: 0x0000003a78200000,0x0000003a78300000] [id=18804]
  0x000001fb0f150090 GCTaskThread "GC Thread#6" [stack: 0x0000003a78300000,0x0000003a78400000] [id=1692]
  0x000001fb0f1b5e80 GCTaskThread "GC Thread#7" [stack: 0x0000003a78800000,0x0000003a78900000] [id=112]

Threads with active compile tasks:
C2 CompilerThread1    10397 4851       4       org.eclipse.jdt.internal.compiler.lookup.BinaryTypeBinding::createMethod (1724 bytes)

VM state: not at safepoint (normal execution)

VM Mutex/Monitor currently owned by a thread: None

Heap address: 0x00000000c0000000, size: 1024 MB, Compressed Oops mode: 32-bit

CDS archive(s) not mapped
Compressed class space mapped at: 0x0000000100000000-0x0000000140000000, reserved size: 1073741824
Narrow klass base: 0x0000000000000000, Narrow klass shift: 3, Narrow klass range: 0x140000000

GC Precious Log:
 CPUs: 8 total, 8 available
 Memory: 7985M
 Large Page Support: Disabled
 NUMA Support: Disabled
 Compressed Oops: Enabled (32-bit)
 Alignments: Space 512K, Generation 512K, Heap 2M
 Heap Min Capacity: 100M
 Heap Initial Capacity: 100M
 Heap Max Capacity: 1G
 Pre-touch: Disabled
 Parallel Workers: 8

Heap:
 PSYoungGen      total 20480K, used 7391K [0x00000000eab00000, 0x00000000ec380000, 0x0000000100000000)
  eden space 19968K, 34% used [0x00000000eab00000,0x00000000eb1b7f30,0x00000000ebe80000)
  from space 512K, 100% used [0x00000000ec280000,0x00000000ec300000,0x00000000ec300000)
  to   space 512K, 0% used [0x00000000ec300000,0x00000000ec300000,0x00000000ec380000)
 ParOldGen       total 68608K, used 30346K [0x00000000c0000000, 0x00000000c4300000, 0x00000000eab00000)
  object space 68608K, 44% used [0x00000000c0000000,0x00000000c1da2930,0x00000000c4300000)
 Metaspace       used 47754K, committed 48576K, reserved 1114112K
  class space    used 4830K, committed 5248K, reserved 1048576K

Card table byte_map: [0x000001fb745c0000,0x000001fb747d0000] _byte_map_base: 0x000001fb73fc0000

Marking Bits: (ParMarkBitMap*) 0x00007fff0ce9d7d0
 Begin Bits: [0x000001fb778c0000, 0x000001fb788c0000)
 End Bits:   [0x000001fb788c0000, 0x000001fb798c0000)

Polling page: 0x000001fb72bf0000

Metaspace:

Usage:
  Non-class:     41.92 MB used.
      Class:      4.72 MB used.
       Both:     46.64 MB used.

Virtual space:
  Non-class space:       64.00 MB reserved,      42.31 MB ( 66%) committed,  1 nodes.
      Class space:        1.00 GB reserved,       5.12 MB ( <1%) committed,  1 nodes.
             Both:        1.06 GB reserved,      47.44 MB (  4%) committed. 

Chunk freelists:
   Non-Class:  5.28 MB
       Class:  10.71 MB
        Both:  15.99 MB

MaxMetaspaceSize: unlimited
CompressedClassSpaceSize: 1.00 GB
Initial GC threshold: 21.00 MB
Current GC threshold: 58.38 MB
CDS: off
MetaspaceReclaimPolicy: balanced
 - commit_granule_bytes: 65536.
 - commit_granule_words: 8192.
 - virtual_space_node_default_size: 8388608.
 - enlarge_chunks_in_place: 1.
 - new_chunks_are_fully_committed: 0.
 - uncommit_free_chunks: 1.
 - use_allocation_guard: 0.
 - handle_deallocations: 1.


Internal statistics:

num_allocs_failed_limit: 6.
num_arena_births: 446.
num_arena_deaths: 14.
num_vsnodes_births: 2.
num_vsnodes_deaths: 0.
num_space_committed: 759.
num_space_uncommitted: 0.
num_chunks_returned_to_freelist: 20.
num_chunks_taken_from_freelist: 2101.
num_chunk_merges: 11.
num_chunk_splits: 1347.
num_chunks_enlarged: 877.
num_inconsistent_stats: 0.

CodeHeap 'non-profiled nmethods': size=120000Kb used=2693Kb max_used=2693Kb free=117306Kb
 bounds [0x000001fb07ad0000, 0x000001fb07d80000, 0x000001fb0f000000]
CodeHeap 'profiled nmethods': size=120000Kb used=10487Kb max_used=10487Kb free=109512Kb
 bounds [0x000001fb00000000, 0x000001fb00a40000, 0x000001fb07530000]
CodeHeap 'non-nmethods': size=5760Kb used=1340Kb max_used=1429Kb free=4419Kb
 bounds [0x000001fb07530000, 0x000001fb077a0000, 0x000001fb07ad0000]
 total_blobs=5590 nmethods=4908 adapters=595
 compilation: enabled
              stopped_count=0, restarted_count=0
 full_count=0

Compilation events (20 events):
Event: 9.678 Thread 0x000001fb7ec273c0 nmethod 4912 0x000001fb00a3ad10 code [0x000001fb00a3aea0, 0x000001fb00a3b038]
Event: 9.688 Thread 0x000001fb7ec273c0 4913       3       java.lang.reflect.Proxy::newProxyInstance (35 bytes)
Event: 9.688 Thread 0x000001fb7ec273c0 nmethod 4913 0x000001fb00a3b110 code [0x000001fb00a3b300, 0x000001fb00a3b758]
Event: 9.688 Thread 0x000001fb7ec273c0 4914       3       java.lang.reflect.Proxy::getProxyConstructor (92 bytes)
Event: 9.689 Thread 0x000001fb7ec273c0 nmethod 4914 0x000001fb00a3b910 code [0x000001fb00a3bc00, 0x000001fb00a3d138]
Event: 9.689 Thread 0x000001fb7ec273c0 4915       3       java.lang.reflect.Proxy::<init> (15 bytes)
Event: 9.689 Thread 0x000001fb7ec273c0 nmethod 4915 0x000001fb00a3d710 code [0x000001fb00a3d8c0, 0x000001fb00a3dba8]
Event: 10.150 Thread 0x000001fb7ec24250 nmethod 4874 0x000001fb07d5dc10 code [0x000001fb07d5e4a0, 0x000001fb07d68ac0]
Event: 10.151 Thread 0x000001fb7ec24250 4878       4       org.eclipse.jdt.internal.compiler.util.CharDelegateMap::get (25 bytes)
Event: 10.161 Thread 0x000001fb7ec24250 nmethod 4878 0x000001fb07d6e010 code [0x000001fb07d6e1c0, 0x000001fb07d6e8f8]
Event: 10.161 Thread 0x000001fb7ec24250 4896       4       org.eclipse.jdt.internal.compiler.classfmt.MethodInfo::getSelector (49 bytes)
Event: 10.200 Thread 0x000001fb7ec24250 nmethod 4896 0x000001fb07d6ee10 code [0x000001fb07d6f000, 0x000001fb07d700f8]
Event: 10.200 Thread 0x000001fb7ec24250 4882       4       org.eclipse.jdt.internal.compiler.parser.ScannerHelper::isJavaIdentifierStart (28 bytes)
Event: 10.201 Thread 0x000001fb7ec24250 nmethod 4882 0x000001fb07d70a90 code [0x000001fb07d70c00, 0x000001fb07d70cd8]
Event: 10.201 Thread 0x000001fb7ec24250 4883       4       org.eclipse.jdt.internal.compiler.parser.ScannerHelper::isJavaIdentifierPart (28 bytes)
Event: 10.202 Thread 0x000001fb7ec24250 nmethod 4883 0x000001fb07d70d90 code [0x000001fb07d70f00, 0x000001fb07d70fb8]
Event: 10.202 Thread 0x000001fb7ec24250 4897       4       org.eclipse.jdt.internal.compiler.env.ITypeAnnotationWalker$1::toReceiver (2 bytes)
Event: 10.202 Thread 0x000001fb7ec24250 nmethod 4897 0x000001fb07d71090 code [0x000001fb07d71200, 0x000001fb07d71278]
Event: 10.202 Thread 0x000001fb7ec24250 4900       4       org.eclipse.jdt.internal.compiler.env.ITypeAnnotationWalker$1::toMethodReturn (2 bytes)
Event: 10.202 Thread 0x000001fb7ec24250 nmethod 4900 0x000001fb07d71390 code [0x000001fb07d71500, 0x000001fb07d71578]

GC Heap History (20 events):
Event: 6.073 GC heap before
{Heap before GC invocations=14 (full 2):
 PSYoungGen      total 20480K, used 19968K [0x00000000eab00000, 0x00000000ec580000, 0x0000000100000000)
  eden space 19968K, 100% used [0x00000000eab00000,0x00000000ebe80000,0x00000000ebe80000)
  from space 512K, 0% used [0x00000000ebe80000,0x00000000ebe80000,0x00000000ebf00000)
  to   space 2560K, 0% used [0x00000000ec300000,0x00000000ec300000,0x00000000ec580000)
 ParOldGen       total 68608K, used 16600K [0x00000000c0000000, 0x00000000c4300000, 0x00000000eab00000)
  object space 68608K, 24% used [0x00000000c0000000,0x00000000c1036250,0x00000000c4300000)
 Metaspace       used 37371K, committed 38080K, reserved 1114112K
  class space    used 3767K, committed 4096K, reserved 1048576K
}
Event: 6.076 GC heap after
{Heap after GC invocations=14 (full 2):
 PSYoungGen      total 21504K, used 1515K [0x00000000eab00000, 0x00000000ec480000, 0x0000000100000000)
  eden space 19968K, 0% used [0x00000000eab00000,0x00000000eab00000,0x00000000ebe80000)
  from space 1536K, 98% used [0x00000000ec300000,0x00000000ec47ae90,0x00000000ec480000)
  to   space 2048K, 0% used [0x00000000ec080000,0x00000000ec080000,0x00000000ec280000)
 ParOldGen       total 68608K, used 16608K [0x00000000c0000000, 0x00000000c4300000, 0x00000000eab00000)
  object space 68608K, 24% used [0x00000000c0000000,0x00000000c1038250,0x00000000c4300000)
 Metaspace       used 37371K, committed 38080K, reserved 1114112K
  class space    used 3767K, committed 4096K, reserved 1048576K
}
Event: 6.147 GC heap before
{Heap before GC invocations=15 (full 2):
 PSYoungGen      total 21504K, used 21483K [0x00000000eab00000, 0x00000000ec480000, 0x0000000100000000)
  eden space 19968K, 100% used [0x00000000eab00000,0x00000000ebe80000,0x00000000ebe80000)
  from space 1536K, 98% used [0x00000000ec300000,0x00000000ec47ae90,0x00000000ec480000)
  to   space 2048K, 0% used [0x00000000ec080000,0x00000000ec080000,0x00000000ec280000)
 ParOldGen       total 68608K, used 16608K [0x00000000c0000000, 0x00000000c4300000, 0x00000000eab00000)
  object space 68608K, 24% used [0x00000000c0000000,0x00000000c1038250,0x00000000c4300000)
 Metaspace       used 37504K, committed 38208K, reserved 1114112K
  class space    used 3786K, committed 4096K, reserved 1048576K
}
Event: 6.149 GC heap after
{Heap after GC invocations=15 (full 2):
 PSYoungGen      total 22016K, used 2048K [0x00000000eab00000, 0x00000000ec680000, 0x0000000100000000)
  eden space 19968K, 0% used [0x00000000eab00000,0x00000000eab00000,0x00000000ebe80000)
  from space 2048K, 100% used [0x00000000ec080000,0x00000000ec280000,0x00000000ec280000)
  to   space 4096K, 0% used [0x00000000ec280000,0x00000000ec280000,0x00000000ec680000)
 ParOldGen       total 68608K, used 18075K [0x00000000c0000000, 0x00000000c4300000, 0x00000000eab00000)
  object space 68608K, 26% used [0x00000000c0000000,0x00000000c11a6c50,0x00000000c4300000)
 Metaspace       used 37504K, committed 38208K, reserved 1114112K
  class space    used 3786K, committed 4096K, reserved 1048576K
}
Event: 6.197 GC heap before
{Heap before GC invocations=16 (full 2):
 PSYoungGen      total 22016K, used 22016K [0x00000000eab00000, 0x00000000ec680000, 0x0000000100000000)
  eden space 19968K, 100% used [0x00000000eab00000,0x00000000ebe80000,0x00000000ebe80000)
  from space 2048K, 100% used [0x00000000ec080000,0x00000000ec280000,0x00000000ec280000)
  to   space 4096K, 0% used [0x00000000ec280000,0x00000000ec280000,0x00000000ec680000)
 ParOldGen       total 68608K, used 18075K [0x00000000c0000000, 0x00000000c4300000, 0x00000000eab00000)
  object space 68608K, 26% used [0x00000000c0000000,0x00000000c11a6c50,0x00000000c4300000)
 Metaspace       used 37526K, committed 38272K, reserved 1114112K
  class space    used 3791K, committed 4160K, reserved 1048576K
}
Event: 6.200 GC heap after
{Heap after GC invocations=16 (full 2):
 PSYoungGen      total 22528K, used 2496K [0x00000000eab00000, 0x00000000ec500000, 0x0000000100000000)
  eden space 19968K, 0% used [0x00000000eab00000,0x00000000eab00000,0x00000000ebe80000)
  from space 2560K, 97% used [0x00000000ec280000,0x00000000ec4f0010,0x00000000ec500000)
  to   space 3072K, 0% used [0x00000000ebf00000,0x00000000ebf00000,0x00000000ec200000)
 ParOldGen       total 68608K, used 20147K [0x00000000c0000000, 0x00000000c4300000, 0x00000000eab00000)
  object space 68608K, 29% used [0x00000000c0000000,0x00000000c13acc50,0x00000000c4300000)
 Metaspace       used 37526K, committed 38272K, reserved 1114112K
  class space    used 3791K, committed 4160K, reserved 1048576K
}
Event: 6.288 GC heap before
{Heap before GC invocations=17 (full 2):
 PSYoungGen      total 22528K, used 22464K [0x00000000eab00000, 0x00000000ec500000, 0x0000000100000000)
  eden space 19968K, 100% used [0x00000000eab00000,0x00000000ebe80000,0x00000000ebe80000)
  from space 2560K, 97% used [0x00000000ec280000,0x00000000ec4f0010,0x00000000ec500000)
  to   space 3072K, 0% used [0x00000000ebf00000,0x00000000ebf00000,0x00000000ec200000)
 ParOldGen       total 68608K, used 20147K [0x00000000c0000000, 0x00000000c4300000, 0x00000000eab00000)
  object space 68608K, 29% used [0x00000000c0000000,0x00000000c13acc50,0x00000000c4300000)
 Metaspace       used 37578K, committed 38336K, reserved 1114112K
  class space    used 3794K, committed 4160K, reserved 1048576K
}
Event: 6.293 GC heap after
{Heap after GC invocations=17 (full 2):
 PSYoungGen      total 23040K, used 3042K [0x00000000eab00000, 0x00000000eca80000, 0x0000000100000000)
  eden space 19968K, 0% used [0x00000000eab00000,0x00000000eab00000,0x00000000ebe80000)
  from space 3072K, 99% used [0x00000000ebf00000,0x00000000ec1f8800,0x00000000ec200000)
  to   space 6144K, 0% used [0x00000000ec480000,0x00000000ec480000,0x00000000eca80000)
 ParOldGen       total 68608K, used 22547K [0x00000000c0000000, 0x00000000c4300000, 0x00000000eab00000)
  object space 68608K, 32% used [0x00000000c0000000,0x00000000c1604c60,0x00000000c4300000)
 Metaspace       used 37578K, committed 38336K, reserved 1114112K
  class space    used 3794K, committed 4160K, reserved 1048576K
}
Event: 6.795 GC heap before
{Heap before GC invocations=18 (full 2):
 PSYoungGen      total 23040K, used 23010K [0x00000000eab00000, 0x00000000eca80000, 0x0000000100000000)
  eden space 19968K, 100% used [0x00000000eab00000,0x00000000ebe80000,0x00000000ebe80000)
  from space 3072K, 99% used [0x00000000ebf00000,0x00000000ec1f8800,0x00000000ec200000)
  to   space 6144K, 0% used [0x00000000ec480000,0x00000000ec480000,0x00000000eca80000)
 ParOldGen       total 68608K, used 22547K [0x00000000c0000000, 0x00000000c4300000, 0x00000000eab00000)
  object space 68608K, 32% used [0x00000000c0000000,0x00000000c1604c60,0x00000000c4300000)
 Metaspace       used 39783K, committed 40512K, reserved 1114112K
  class space    used 4074K, committed 4416K, reserved 1048576K
}
Event: 6.801 GC heap after
{Heap after GC invocations=18 (full 2):
 PSYoungGen      total 23040K, used 2770K [0x00000000eab00000, 0x00000000ec780000, 0x0000000100000000)
  eden space 19968K, 0% used [0x00000000eab00000,0x00000000eab00000,0x00000000ebe80000)
  from space 3072K, 90% used [0x00000000ec480000,0x00000000ec7349c0,0x00000000ec780000)
  to   space 4096K, 0% used [0x00000000ebf80000,0x00000000ebf80000,0x00000000ec380000)
 ParOldGen       total 68608K, used 25423K [0x00000000c0000000, 0x00000000c4300000, 0x00000000eab00000)
  object space 68608K, 37% used [0x00000000c0000000,0x00000000c18d3fb8,0x00000000c4300000)
 Metaspace       used 39783K, committed 40512K, reserved 1114112K
  class space    used 4074K, committed 4416K, reserved 1048576K
}
Event: 7.284 GC heap before
{Heap before GC invocations=19 (full 2):
 PSYoungGen      total 23040K, used 22738K [0x00000000eab00000, 0x00000000ec780000, 0x0000000100000000)
  eden space 19968K, 100% used [0x00000000eab00000,0x00000000ebe80000,0x00000000ebe80000)
  from space 3072K, 90% used [0x00000000ec480000,0x00000000ec7349c0,0x00000000ec780000)
  to   space 4096K, 0% used [0x00000000ebf80000,0x00000000ebf80000,0x00000000ec380000)
 ParOldGen       total 68608K, used 25423K [0x00000000c0000000, 0x00000000c4300000, 0x00000000eab00000)
  object space 68608K, 37% used [0x00000000c0000000,0x00000000c18d3fb8,0x00000000c4300000)
 Metaspace       used 40569K, committed 41280K, reserved 1114112K
  class space    used 4182K, committed 4544K, reserved 1048576K
}
Event: 7.287 GC heap after
{Heap after GC invocations=19 (full 2):
 PSYoungGen      total 24064K, used 384K [0x00000000eab00000, 0x00000000ec500000, 0x0000000100000000)
  eden space 19968K, 0% used [0x00000000eab00000,0x00000000eab00000,0x00000000ebe80000)
  from space 4096K, 9% used [0x00000000ebf80000,0x00000000ebfe0000,0x00000000ec380000)
  to   space 1536K, 0% used [0x00000000ec380000,0x00000000ec380000,0x00000000ec500000)
 ParOldGen       total 68608K, used 27868K [0x00000000c0000000, 0x00000000c4300000, 0x00000000eab00000)
  object space 68608K, 40% used [0x00000000c0000000,0x00000000c1b371f8,0x00000000c4300000)
 Metaspace       used 40569K, committed 41280K, reserved 1114112K
  class space    used 4182K, committed 4544K, reserved 1048576K
}
Event: 7.830 GC heap before
{Heap before GC invocations=20 (full 2):
 PSYoungGen      total 24064K, used 20238K [0x00000000eab00000, 0x00000000ec500000, 0x0000000100000000)
  eden space 19968K, 99% used [0x00000000eab00000,0x00000000ebe63920,0x00000000ebe80000)
  from space 4096K, 9% used [0x00000000ebf80000,0x00000000ebfe0000,0x00000000ec380000)
  to   space 1536K, 0% used [0x00000000ec380000,0x00000000ec380000,0x00000000ec500000)
 ParOldGen       total 68608K, used 27868K [0x00000000c0000000, 0x00000000c4300000, 0x00000000eab00000)
  object space 68608K, 40% used [0x00000000c0000000,0x00000000c1b371f8,0x00000000c4300000)
 Metaspace       used 41956K, committed 42688K, reserved 1114112K
  class space    used 4274K, committed 4608K, reserved 1048576K
}
Event: 7.833 GC heap after
{Heap after GC invocations=20 (full 2):
 PSYoungGen      total 21504K, used 1511K [0x00000000eab00000, 0x00000000ec500000, 0x0000000100000000)
  eden space 19968K, 0% used [0x00000000eab00000,0x00000000eab00000,0x00000000ebe80000)
  from space 1536K, 98% used [0x00000000ec380000,0x00000000ec4f9e20,0x00000000ec500000)
  to   space 2048K, 0% used [0x00000000ec100000,0x00000000ec100000,0x00000000ec300000)
 ParOldGen       total 68608K, used 28100K [0x00000000c0000000, 0x00000000c4300000, 0x00000000eab00000)
  object space 68608K, 40% used [0x00000000c0000000,0x00000000c1b711f8,0x00000000c4300000)
 Metaspace       used 41956K, committed 42688K, reserved 1114112K
  class space    used 4274K, committed 4608K, reserved 1048576K
}
Event: 7.987 GC heap before
{Heap before GC invocations=21 (full 2):
 PSYoungGen      total 21504K, used 21479K [0x00000000eab00000, 0x00000000ec500000, 0x0000000100000000)
  eden space 19968K, 100% used [0x00000000eab00000,0x00000000ebe80000,0x00000000ebe80000)
  from space 1536K, 98% used [0x00000000ec380000,0x00000000ec4f9e20,0x00000000ec500000)
  to   space 2048K, 0% used [0x00000000ec100000,0x00000000ec100000,0x00000000ec300000)
 ParOldGen       total 68608K, used 28100K [0x00000000c0000000, 0x00000000c4300000, 0x00000000eab00000)
  object space 68608K, 40% used [0x00000000c0000000,0x00000000c1b711f8,0x00000000c4300000)
 Metaspace       used 41982K, committed 42688K, reserved 1114112K
  class space    used 4274K, committed 4608K, reserved 1048576K
}
Event: 7.989 GC heap after
{Heap after GC invocations=21 (full 2):
 PSYoungGen      total 22016K, used 538K [0x00000000eab00000, 0x00000000ec400000, 0x0000000100000000)
  eden space 19968K, 0% used [0x00000000eab00000,0x00000000eab00000,0x00000000ebe80000)
  from space 2048K, 26% used [0x00000000ec100000,0x00000000ec186ac0,0x00000000ec300000)
  to   space 1024K, 0% used [0x00000000ec300000,0x00000000ec300000,0x00000000ec400000)
 ParOldGen       total 68608K, used 28699K [0x00000000c0000000, 0x00000000c4300000, 0x00000000eab00000)
  object space 68608K, 41% used [0x00000000c0000000,0x00000000c1c06e48,0x00000000c4300000)
 Metaspace       used 41982K, committed 42688K, reserved 1114112K
  class space    used 4274K, committed 4608K, reserved 1048576K
}
Event: 8.552 GC heap before
{Heap before GC invocations=22 (full 2):
 PSYoungGen      total 22016K, used 20506K [0x00000000eab00000, 0x00000000ec400000, 0x0000000100000000)
  eden space 19968K, 100% used [0x00000000eab00000,0x00000000ebe80000,0x00000000ebe80000)
  from space 2048K, 26% used [0x00000000ec100000,0x00000000ec186ac0,0x00000000ec300000)
  to   space 1024K, 0% used [0x00000000ec300000,0x00000000ec300000,0x00000000ec400000)
 ParOldGen       total 68608K, used 28699K [0x00000000c0000000, 0x00000000c4300000, 0x00000000eab00000)
  object space 68608K, 41% used [0x00000000c0000000,0x00000000c1c06e48,0x00000000c4300000)
 Metaspace       used 44208K, committed 44928K, reserved 1114112K
  class space    used 4483K, committed 4800K, reserved 1048576K
}
Event: 8.554 GC heap after
{Heap after GC invocations=22 (full 2):
 PSYoungGen      total 20480K, used 384K [0x00000000eab00000, 0x00000000ec380000, 0x0000000100000000)
  eden space 19968K, 0% used [0x00000000eab00000,0x00000000eab00000,0x00000000ebe80000)
  from space 512K, 75% used [0x00000000ec300000,0x00000000ec360000,0x00000000ec380000)
  to   space 512K, 0% used [0x00000000ec280000,0x00000000ec280000,0x00000000ec300000)
 ParOldGen       total 68608K, used 28739K [0x00000000c0000000, 0x00000000c4300000, 0x00000000eab00000)
  object space 68608K, 41% used [0x00000000c0000000,0x00000000c1c10e48,0x00000000c4300000)
 Metaspace       used 44208K, committed 44928K, reserved 1114112K
  class space    used 4483K, committed 4800K, reserved 1048576K
}
Event: 9.557 GC heap before
{Heap before GC invocations=23 (full 2):
 PSYoungGen      total 20480K, used 20352K [0x00000000eab00000, 0x00000000ec380000, 0x0000000100000000)
  eden space 19968K, 100% used [0x00000000eab00000,0x00000000ebe80000,0x00000000ebe80000)
  from space 512K, 75% used [0x00000000ec300000,0x00000000ec360000,0x00000000ec380000)
  to   space 512K, 0% used [0x00000000ec280000,0x00000000ec280000,0x00000000ec300000)
 ParOldGen       total 68608K, used 28739K [0x00000000c0000000, 0x00000000c4300000, 0x00000000eab00000)
  object space 68608K, 41% used [0x00000000c0000000,0x00000000c1c10e48,0x00000000c4300000)
 Metaspace       used 47048K, committed 47872K, reserved 1114112K
  class space    used 4762K, committed 5184K, reserved 1048576K
}
Event: 9.559 GC heap after
{Heap after GC invocations=23 (full 2):
 PSYoungGen      total 20480K, used 512K [0x00000000eab00000, 0x00000000ec380000, 0x0000000100000000)
  eden space 19968K, 0% used [0x00000000eab00000,0x00000000eab00000,0x00000000ebe80000)
  from space 512K, 100% used [0x00000000ec280000,0x00000000ec300000,0x00000000ec300000)
  to   space 512K, 0% used [0x00000000ec300000,0x00000000ec300000,0x00000000ec380000)
 ParOldGen       total 68608K, used 30346K [0x00000000c0000000, 0x00000000c4300000, 0x00000000eab00000)
  object space 68608K, 44% used [0x00000000c0000000,0x00000000c1da2930,0x00000000c4300000)
 Metaspace       used 47048K, committed 47872K, reserved 1114112K
  class space    used 4762K, committed 5184K, reserved 1048576K
}

Dll operation events (10 events):
Event: 0.013 Loaded shared library c:\Users\DELL\.vscode\extensions\redhat.java-1.30.0-win32-x64\jre\17.0.10-win32-x86_64\bin\java.dll
Event: 0.154 Loaded shared library c:\Users\DELL\.vscode\extensions\redhat.java-1.30.0-win32-x64\jre\17.0.10-win32-x86_64\bin\zip.dll
Event: 0.157 Loaded shared library C:\Users\DELL\.vscode\extensions\redhat.java-1.30.0-win32-x64\jre\17.0.10-win32-x86_64\bin\instrument.dll
Event: 0.169 Loaded shared library C:\Users\DELL\.vscode\extensions\redhat.java-1.30.0-win32-x64\jre\17.0.10-win32-x86_64\bin\net.dll
Event: 0.171 Loaded shared library C:\Users\DELL\.vscode\extensions\redhat.java-1.30.0-win32-x64\jre\17.0.10-win32-x86_64\bin\nio.dll
Event: 0.179 Loaded shared library C:\Users\DELL\.vscode\extensions\redhat.java-1.30.0-win32-x64\jre\17.0.10-win32-x86_64\bin\zip.dll
Event: 0.195 Loaded shared library C:\Users\DELL\.vscode\extensions\redhat.java-1.30.0-win32-x64\jre\17.0.10-win32-x86_64\bin\jimage.dll
Event: 0.240 Loaded shared library c:\Users\DELL\.vscode\extensions\redhat.java-1.30.0-win32-x64\jre\17.0.10-win32-x86_64\bin\verify.dll
Event: 1.591 Loaded shared library C:\Users\DELL\AppData\Roaming\Code\User\globalStorage\redhat.java\1.30.0\config_ss_win\org.eclipse.equinox.launcher\org.eclipse.equinox.launcher.win32.win32.x86_64_1.2.900.v20240213-1244\eclipse_11900.dll
Event: 5.419 Loaded shared library C:\Users\DELL\AppData\Local\Temp\jna-2094529\jna17610281524678376414.dll

Deoptimization events (20 events):
Event: 9.592 Thread 0x000001fb0fc5d1e0 Uncommon trap: trap_request=0xffffffde fr.pc=0x000001fb07d2e5cc relative=0x00000000000031ac
Event: 9.592 Thread 0x000001fb0fc5d1e0 Uncommon trap: reason=class_check action=maybe_recompile pc=0x000001fb07d2e5cc method=org.eclipse.jdt.internal.core.JavaModelCache.getInfo(Lorg/eclipse/jdt/core/IJavaElement;)Lorg/eclipse/jdt/internal/compiler/env/IElementInfo; @ 138 c2
Event: 9.592 Thread 0x000001fb0fc5d1e0 DEOPT PACKING pc=0x000001fb07d2e5cc sp=0x0000003a78afd960
Event: 9.592 Thread 0x000001fb0fc5d1e0 DEOPT UNPACKING pc=0x000001fb075866a3 sp=0x0000003a78afd8e0 mode 2
Event: 9.592 Thread 0x000001fb0fc5d1e0 Uncommon trap: trap_request=0xffffffde fr.pc=0x000001fb07d2e5cc relative=0x00000000000031ac
Event: 9.592 Thread 0x000001fb0fc5d1e0 Uncommon trap: reason=class_check action=maybe_recompile pc=0x000001fb07d2e5cc method=org.eclipse.jdt.internal.core.JavaModelCache.getInfo(Lorg/eclipse/jdt/core/IJavaElement;)Lorg/eclipse/jdt/internal/compiler/env/IElementInfo; @ 138 c2
Event: 9.592 Thread 0x000001fb0fc5d1e0 DEOPT PACKING pc=0x000001fb07d2e5cc sp=0x0000003a78afdc80
Event: 9.592 Thread 0x000001fb0fc5d1e0 DEOPT UNPACKING pc=0x000001fb075866a3 sp=0x0000003a78afdc00 mode 2
Event: 9.601 Thread 0x000001fb0fc5d1e0 Uncommon trap: trap_request=0xffffffde fr.pc=0x000001fb07d2e5cc relative=0x00000000000031ac
Event: 9.601 Thread 0x000001fb0fc5d1e0 Uncommon trap: reason=class_check action=maybe_recompile pc=0x000001fb07d2e5cc method=org.eclipse.jdt.internal.core.JavaModelCache.getInfo(Lorg/eclipse/jdt/core/IJavaElement;)Lorg/eclipse/jdt/internal/compiler/env/IElementInfo; @ 138 c2
Event: 9.601 Thread 0x000001fb0fc5d1e0 DEOPT PACKING pc=0x000001fb07d2e5cc sp=0x0000003a78afd600
Event: 9.601 Thread 0x000001fb0fc5d1e0 DEOPT UNPACKING pc=0x000001fb075866a3 sp=0x0000003a78afd580 mode 2
Event: 9.601 Thread 0x000001fb0fc5d1e0 Uncommon trap: trap_request=0xffffffde fr.pc=0x000001fb07d2e5cc relative=0x00000000000031ac
Event: 9.601 Thread 0x000001fb0fc5d1e0 Uncommon trap: reason=class_check action=maybe_recompile pc=0x000001fb07d2e5cc method=org.eclipse.jdt.internal.core.JavaModelCache.getInfo(Lorg/eclipse/jdt/core/IJavaElement;)Lorg/eclipse/jdt/internal/compiler/env/IElementInfo; @ 138 c2
Event: 9.601 Thread 0x000001fb0fc5d1e0 DEOPT PACKING pc=0x000001fb07d2e5cc sp=0x0000003a78afd920
Event: 9.601 Thread 0x000001fb0fc5d1e0 DEOPT UNPACKING pc=0x000001fb075866a3 sp=0x0000003a78afd8a0 mode 2
Event: 9.641 Thread 0x000001fb0fc5d1e0 Uncommon trap: trap_request=0xffffffcc fr.pc=0x000001fb07d5a788 relative=0x00000000000010e8
Event: 9.641 Thread 0x000001fb0fc5d1e0 Uncommon trap: reason=intrinsic_or_type_checked_inlining action=make_not_entrant pc=0x000001fb07d5a788 method=java.util.ArrayList.toArray([Ljava/lang/Object;)[Ljava/lang/Object; @ 36 c2
Event: 9.641 Thread 0x000001fb0fc5d1e0 DEOPT PACKING pc=0x000001fb07d5a788 sp=0x0000003a78afdee0
Event: 9.641 Thread 0x000001fb0fc5d1e0 DEOPT UNPACKING pc=0x000001fb075866a3 sp=0x0000003a78afde18 mode 2

Classes unloaded (7 events):
Event: 2.980 Thread 0x000001fb7ebf24c0 Unloading class 0x000000010021e400 'java/lang/invoke/LambdaForm$MH+0x000000010021e400'
Event: 2.980 Thread 0x000001fb7ebf24c0 Unloading class 0x000000010021e000 'java/lang/invoke/LambdaForm$MH+0x000000010021e000'
Event: 2.980 Thread 0x000001fb7ebf24c0 Unloading class 0x000000010021dc00 'java/lang/invoke/LambdaForm$MH+0x000000010021dc00'
Event: 2.980 Thread 0x000001fb7ebf24c0 Unloading class 0x000000010021d800 'java/lang/invoke/LambdaForm$MH+0x000000010021d800'
Event: 2.980 Thread 0x000001fb7ebf24c0 Unloading class 0x000000010021d400 'java/lang/invoke/LambdaForm$BMH+0x000000010021d400'
Event: 2.980 Thread 0x000001fb7ebf24c0 Unloading class 0x000000010021d000 'java/lang/invoke/LambdaForm$DMH+0x000000010021d000'
Event: 2.980 Thread 0x000001fb7ebf24c0 Unloading class 0x0000000100218400 'java/lang/invoke/LambdaForm$DMH+0x0000000100218400'

Classes redefined (0 events):
No events

Internal exceptions (20 events):
Event: 6.503 Thread 0x000001fb0fc59f40 Exception <a 'java/lang/NoSuchMethodError'{0x00000000eae1d5e8}: 'java.lang.Object java.lang.invoke.DirectMethodHandle$Holder.invokeInterface(java.lang.Object, java.lang.Object, java.lang.Object)'> (0x00000000eae1d5e8) 
thrown [s\src\hotspot\share\interpreter\linkResolver.cpp, line 759]
Event: 6.503 Thread 0x000001fb0fc5e620 Exception <a 'java/lang/NoSuchMethodError'{0x00000000eae780f0}: 'java.lang.Object java.lang.invoke.DirectMethodHandle$Holder.invokeInterface(java.lang.Object, java.lang.Object, java.lang.Object)'> (0x00000000eae780f0) 
thrown [s\src\hotspot\share\interpreter\linkResolver.cpp, line 759]
Event: 6.503 Thread 0x000001fb0fc5e110 Exception <a 'java/lang/NoSuchMethodError'{0x00000000eae999c8}: 'java.lang.Object java.lang.invoke.DirectMethodHandle$Holder.invokeInterface(java.lang.Object, java.lang.Object, java.lang.Object)'> (0x00000000eae999c8) 
thrown [s\src\hotspot\share\interpreter\linkResolver.cpp, line 759]
Event: 6.503 Thread 0x000001fb0fc5eb30 Exception <a 'java/lang/NoSuchMethodError'{0x00000000eae363a0}: 'java.lang.Object java.lang.invoke.DirectMethodHandle$Holder.invokeInterface(java.lang.Object, java.lang.Object, java.lang.Object)'> (0x00000000eae363a0) 
thrown [s\src\hotspot\share\interpreter\linkResolver.cpp, line 759]
Event: 6.804 Thread 0x000001fb0fc5e110 Exception <a 'java/lang/LinkageError'{0x00000000eab16ab8}: loader lombok.launch.ShadowClassLoader @4d7bc309 attempted duplicate class definition for lombok.launch.PatchFixesHider$Transform. (lombok.launch.PatchFixesHider$Transform is in unnamed module of loader lombok.launch.ShadowClassLoader @4d7bc309, parent loader org.eclipse.osgi.internal.loader.EquinoxClassLoader @f502203)> (0x00000000eab16ab8) 
thrown [s\src\hotspot\share\classfile\systemDictionary.cpp, line 1724]
Event: 6.805 Thread 0x000001fb0fc5eb30 Exception <a 'java/lang/LinkageError'{0x00000000eab1f1b8}: loader lombok.launch.ShadowClassLoader @4d7bc309 attempted duplicate class definition for lombok.launch.PatchFixesHider$Transform. (lombok.launch.PatchFixesHider$Transform is in unnamed module of loader lombok.launch.ShadowClassLoader @4d7bc309, parent loader org.eclipse.osgi.internal.loader.EquinoxClassLoader @f502203)> (0x00000000eab1f1b8) 
thrown [s\src\hotspot\share\classfile\systemDictionary.cpp, line 1724]
Event: 6.805 Thread 0x000001fb0fc5e620 Exception <a 'java/lang/LinkageError'{0x00000000eab34cb0}: loader lombok.launch.ShadowClassLoader @4d7bc309 attempted duplicate class definition for lombok.launch.PatchFixesHider$Transform. (lombok.launch.PatchFixesHider$Transform is in unnamed module of loader lombok.launch.ShadowClassLoader @4d7bc309, parent loader org.eclipse.osgi.internal.loader.EquinoxClassLoader @f502203)> (0x00000000eab34cb0) 
thrown [s\src\hotspot\share\classfile\systemDictionary.cpp, line 1724]
Event: 7.602 Thread 0x000001fb0fc5eb30 Exception <a 'java/lang/LinkageError'{0x00000000eafa50a8}: loader lombok.launch.ShadowClassLoader @4d7bc309 attempted duplicate class definition for lombok.launch.PatchFixesHider$ValPortal. (lombok.launch.PatchFixesHider$ValPortal is in unnamed module of loader lombok.launch.ShadowClassLoader @4d7bc309, parent loader org.eclipse.osgi.internal.loader.EquinoxClassLoader @f502203)> (0x00000000eafa50a8) 
thrown [s\src\hotspot\share\classfile\systemDictionary.cpp, line 1724]
Event: 8.593 Thread 0x000001fb0fc5e110 Exception <a 'java/lang/ClassNotFoundException'{0x00000000eac41348}: sun/util/logging/resources/spi/loggingProvider> (0x00000000eac41348) 
thrown [s\src\hotspot\share\classfile\systemDictionary.cpp, line 256]
Event: 9.093 Thread 0x000001fb0fc59f40 Exception <a 'java/lang/NoSuchMethodError'{0x00000000eb081d90}: 'int java.lang.invoke.DirectMethodHandle$Holder.invokeInterface(java.lang.Object, java.lang.Object)'> (0x00000000eb081d90) 
thrown [s\src\hotspot\share\interpreter\linkResolver.cpp, line 759]
Event: 9.093 Thread 0x000001fb0fc59f40 Exception <a 'java/lang/IncompatibleClassChangeError'{0x00000000eb0855e0}: Found class java.lang.Object, but interface was expected> (0x00000000eb0855e0) 
thrown [s\src\hotspot\share\interpreter\linkResolver.cpp, line 826]
Event: 9.157 Thread 0x000001fb0fc59f40 Exception <a 'java/lang/NoSuchMethodError'{0x00000000eb2de9a8}: 'int java.lang.invoke.DirectMethodHandle$Holder.invokeStatic(java.lang.Object, java.lang.Object, java.lang.Object, int)'> (0x00000000eb2de9a8) 
thrown [s\src\hotspot\share\interpreter\linkResolver.cpp, line 759]
Event: 9.183 Thread 0x000001fb0fc59f40 Exception <a 'java/lang/NoSuchMethodError'{0x00000000eb398600}: 'int java.lang.invoke.DirectMethodHandle$Holder.invokeVirtual(java.lang.Object, java.lang.Object, java.lang.Object)'> (0x00000000eb398600) 
thrown [s\src\hotspot\share\interpreter\linkResolver.cpp, line 759]
Event: 9.196 Thread 0x000001fb0fc59f40 Exception <a 'java/lang/NoSuchMethodError'{0x00000000eb3b93a0}: 'int java.lang.invoke.DirectMethodHandle$Holder.invokeSpecialIFC(java.lang.Object, java.lang.Object, java.lang.Object)'> (0x00000000eb3b93a0) 
thrown [s\src\hotspot\share\interpreter\linkResolver.cpp, line 759]
Event: 9.283 Thread 0x000001fb0fc59f40 Exception <a 'java/io/FileNotFoundException'{0x00000000eb65aee8}> (0x00000000eb65aee8) 
thrown [s\src\hotspot\share\prims\jni.cpp, line 516]
Event: 9.284 Thread 0x000001fb0fc59f40 Exception <a 'java/io/FileNotFoundException'{0x00000000eb65c178}> (0x00000000eb65c178) 
thrown [s\src\hotspot\share\prims\jni.cpp, line 516]
Event: 9.425 Thread 0x000001fb0fc59f40 Exception <a 'java/lang/NoSuchMethodError'{0x00000000ebb20b28}: 'void java.lang.invoke.DirectMethodHandle$Holder.invokeStatic(java.lang.Object, int, java.lang.Object)'> (0x00000000ebb20b28) 
thrown [s\src\hotspot\share\interpreter\linkResolver.cpp, line 759]
Event: 9.633 Thread 0x000001fb0fc5d1e0 Exception <a 'java/io/FileNotFoundException'{0x00000000eaf88ba8}> (0x00000000eaf88ba8) 
thrown [s\src\hotspot\share\prims\jni.cpp, line 516]
Event: 9.633 Thread 0x000001fb0fc5d1e0 Exception <a 'java/io/FileNotFoundException'{0x00000000eaf89b98}> (0x00000000eaf89b98) 
thrown [s\src\hotspot\share\prims\jni.cpp, line 516]
Event: 9.633 Thread 0x000001fb0fc5d1e0 Exception <a 'java/io/FileNotFoundException'{0x00000000eaf8a8f8}> (0x00000000eaf8a8f8) 
thrown [s\src\hotspot\share\prims\jni.cpp, line 516]

VM Operations (20 events):
Event: 6.739 Executing VM operation: HandshakeAllThreads
Event: 6.739 Executing VM operation: HandshakeAllThreads done
Event: 6.794 Executing VM operation: ParallelGCFailedAllocation
Event: 6.801 Executing VM operation: ParallelGCFailedAllocation done
Event: 7.284 Executing VM operation: ParallelGCFailedAllocation
Event: 7.287 Executing VM operation: ParallelGCFailedAllocation done
Event: 7.830 Executing VM operation: ParallelGCFailedAllocation
Event: 7.833 Executing VM operation: ParallelGCFailedAllocation done
Event: 7.987 Executing VM operation: ParallelGCFailedAllocation
Event: 7.989 Executing VM operation: ParallelGCFailedAllocation done
Event: 8.339 Executing VM operation: HandshakeAllThreads
Event: 8.339 Executing VM operation: HandshakeAllThreads done
Event: 8.552 Executing VM operation: ParallelGCFailedAllocation
Event: 8.557 Executing VM operation: ParallelGCFailedAllocation done
Event: 9.039 Executing VM operation: HandshakeAllThreads
Event: 9.039 Executing VM operation: HandshakeAllThreads done
Event: 9.200 Executing VM operation: HandshakeAllThreads
Event: 9.200 Executing VM operation: HandshakeAllThreads done
Event: 9.557 Executing VM operation: ParallelGCFailedAllocation
Event: 9.559 Executing VM operation: ParallelGCFailedAllocation done

Events (20 events):
Event: 9.033 loading class java/lang/UnsupportedClassVersionError
Event: 9.033 loading class java/lang/UnsupportedClassVersionError done
Event: 9.042 loading class jdk/internal/reflect/UnsafeQualifiedStaticIntegerFieldAccessorImpl
Event: 9.042 loading class jdk/internal/reflect/UnsafeQualifiedStaticIntegerFieldAccessorImpl done
Event: 9.093 loading class java/util/stream/MatchOps$MatchKind
Event: 9.093 loading class java/util/stream/MatchOps$MatchKind done
Event: 9.094 loading class java/util/stream/MatchOps
Event: 9.094 loading class java/util/stream/MatchOps done
Event: 9.094 loading class java/util/stream/MatchOps$MatchOp
Event: 9.095 loading class java/util/stream/MatchOps$MatchOp done
Event: 9.096 loading class java/util/stream/MatchOps$BooleanTerminalSink
Event: 9.096 loading class java/util/stream/MatchOps$BooleanTerminalSink done
Event: 9.097 loading class java/util/stream/MatchOps$1MatchSink
Event: 9.097 loading class java/util/stream/MatchOps$1MatchSink done
Event: 9.183 loading class java/util/stream/ReduceOps$4
Event: 9.192 loading class java/util/stream/ReduceOps$4 done
Event: 9.192 loading class java/util/stream/ReduceOps$4ReducingSink
Event: 9.192 loading class java/util/stream/ReduceOps$4ReducingSink done
Event: 9.409 loading class java/util/function/BiPredicate
Event: 9.410 loading class java/util/function/BiPredicate done


Dynamic libraries:
0x00007ff749fd0000 - 0x00007ff749fde000 	c:\Users\DELL\.vscode\extensions\redhat.java-1.30.0-win32-x64\jre\17.0.10-win32-x86_64\bin\java.exe
0x00007fff5e910000 - 0x00007fff5eb26000 	C:\Windows\SYSTEM32\ntdll.dll
0x00007fff5d7a0000 - 0x00007fff5d864000 	C:\Windows\System32\KERNEL32.DLL
0x00007fff5bfa0000 - 0x00007fff5c347000 	C:\Windows\System32\KERNELBASE.dll
0x00007fff5c350000 - 0x00007fff5c461000 	C:\Windows\System32\ucrtbase.dll
0x00007fff4b700000 - 0x00007fff4b717000 	c:\Users\DELL\.vscode\extensions\redhat.java-1.30.0-win32-x64\jre\17.0.10-win32-x86_64\bin\jli.dll
0x00007fff4aea0000 - 0x00007fff4aebb000 	c:\Users\DELL\.vscode\extensions\redhat.java-1.30.0-win32-x64\jre\17.0.10-win32-x86_64\bin\VCRUNTIME140.dll
0x00007fff5d440000 - 0x00007fff5d5ee000 	C:\Windows\System32\USER32.dll
0x00007fff5bc60000 - 0x00007fff5bc86000 	C:\Windows\System32\win32u.dll
0x00007fff5dae0000 - 0x00007fff5db09000 	C:\Windows\System32\GDI32.dll
0x00007fff42100000 - 0x00007fff42393000 	C:\Windows\WinSxS\amd64_microsoft.windows.common-controls_6595b64144ccf1df_6.0.22621.3235_none_270f74e173860f98\COMCTL32.dll
0x00007fff5be00000 - 0x00007fff5bf19000 	C:\Windows\System32\gdi32full.dll
0x00007fff5c640000 - 0x00007fff5c6e7000 	C:\Windows\System32\msvcrt.dll
0x00007fff5c4e0000 - 0x00007fff5c57a000 	C:\Windows\System32\msvcp_win.dll
0x00007fff5dee0000 - 0x00007fff5df11000 	C:\Windows\System32\IMM32.DLL
0x00007fff58ac0000 - 0x00007fff58acc000 	c:\Users\DELL\.vscode\extensions\redhat.java-1.30.0-win32-x64\jre\17.0.10-win32-x86_64\bin\vcruntime140_1.dll
0x00007fff3dba0000 - 0x00007fff3dc2d000 	c:\Users\DELL\.vscode\extensions\redhat.java-1.30.0-win32-x64\jre\17.0.10-win32-x86_64\bin\msvcp140.dll
0x00007fff0c300000 - 0x00007fff0cf62000 	c:\Users\DELL\.vscode\extensions\redhat.java-1.30.0-win32-x64\jre\17.0.10-win32-x86_64\bin\server\jvm.dll
0x00007fff5cb00000 - 0x00007fff5cbb2000 	C:\Windows\System32\ADVAPI32.dll
0x00007fff5e790000 - 0x00007fff5e838000 	C:\Windows\System32\sechost.dll
0x00007fff5bc30000 - 0x00007fff5bc58000 	C:\Windows\System32\bcrypt.dll
0x00007fff5dda0000 - 0x00007fff5deb5000 	C:\Windows\System32\RPCRT4.dll
0x00007fff5aad0000 - 0x00007fff5ab1d000 	C:\Windows\SYSTEM32\POWRPROF.dll
0x00007fff41d10000 - 0x00007fff41d19000 	C:\Windows\SYSTEM32\WSOCK32.dll
0x00007fff52640000 - 0x00007fff52674000 	C:\Windows\SYSTEM32\WINMM.dll
0x00007fff5da60000 - 0x00007fff5dad1000 	C:\Windows\System32\WS2_32.dll
0x00007fff4ce40000 - 0x00007fff4ce4a000 	C:\Windows\SYSTEM32\VERSION.dll
0x00007fff5aab0000 - 0x00007fff5aac3000 	C:\Windows\SYSTEM32\UMPDC.dll
0x00007fff5ad60000 - 0x00007fff5ad78000 	C:\Windows\SYSTEM32\kernel.appcore.dll
0x00007fff53d70000 - 0x00007fff53d7a000 	c:\Users\DELL\.vscode\extensions\redhat.java-1.30.0-win32-x64\jre\17.0.10-win32-x86_64\bin\jimage.dll
0x00007fff59030000 - 0x00007fff59263000 	C:\Windows\SYSTEM32\DBGHELP.DLL
0x00007fff5d0b0000 - 0x00007fff5d438000 	C:\Windows\System32\combase.dll
0x00007fff5ca10000 - 0x00007fff5cae7000 	C:\Windows\System32\OLEAUT32.dll
0x00007fff4bee0000 - 0x00007fff4bf12000 	C:\Windows\SYSTEM32\dbgcore.DLL
0x00007fff5bf20000 - 0x00007fff5bf99000 	C:\Windows\System32\bcryptPrimitives.dll
0x00007fff53d30000 - 0x00007fff53d3e000 	c:\Users\DELL\.vscode\extensions\redhat.java-1.30.0-win32-x64\jre\17.0.10-win32-x86_64\bin\instrument.dll
0x00007fff48f80000 - 0x00007fff48fa5000 	c:\Users\DELL\.vscode\extensions\redhat.java-1.30.0-win32-x64\jre\17.0.10-win32-x86_64\bin\java.dll
0x00007fff4ab60000 - 0x00007fff4ab78000 	c:\Users\DELL\.vscode\extensions\redhat.java-1.30.0-win32-x64\jre\17.0.10-win32-x86_64\bin\zip.dll
0x00007fff5df30000 - 0x00007fff5e78c000 	C:\Windows\System32\SHELL32.dll
0x00007fff59ba0000 - 0x00007fff5a499000 	C:\Windows\SYSTEM32\windows.storage.dll
0x00007fff59a60000 - 0x00007fff59b9e000 	C:\Windows\SYSTEM32\wintypes.dll
0x00007fff5c910000 - 0x00007fff5ca03000 	C:\Windows\System32\SHCORE.dll
0x00007fff5c6f0000 - 0x00007fff5c74e000 	C:\Windows\System32\shlwapi.dll
0x00007fff5bb60000 - 0x00007fff5bb81000 	C:\Windows\SYSTEM32\profapi.dll
0x00007fff48f60000 - 0x00007fff48f79000 	C:\Users\DELL\.vscode\extensions\redhat.java-1.30.0-win32-x64\jre\17.0.10-win32-x86_64\bin\net.dll
0x00007fff56020000 - 0x00007fff56156000 	C:\Windows\SYSTEM32\WINHTTP.dll
0x00007fff5b1d0000 - 0x00007fff5b239000 	C:\Windows\system32\mswsock.dll
0x00007fff48f10000 - 0x00007fff48f26000 	C:\Users\DELL\.vscode\extensions\redhat.java-1.30.0-win32-x64\jre\17.0.10-win32-x86_64\bin\nio.dll
0x00007fff50620000 - 0x00007fff50630000 	c:\Users\DELL\.vscode\extensions\redhat.java-1.30.0-win32-x64\jre\17.0.10-win32-x86_64\bin\verify.dll
0x00007fff444e0000 - 0x00007fff4451e000 	C:\Users\DELL\AppData\Roaming\Code\User\globalStorage\redhat.java\1.30.0\config_ss_win\org.eclipse.equinox.launcher\org.eclipse.equinox.launcher.win32.win32.x86_64_1.2.900.v20240213-1244\eclipse_11900.dll
0x00007fff5d5f0000 - 0x00007fff5d795000 	C:\Windows\System32\ole32.dll
0x00007fff5b430000 - 0x00007fff5b44b000 	C:\Windows\SYSTEM32\CRYPTSP.dll
0x00007fff5acc0000 - 0x00007fff5acf5000 	C:\Windows\system32\rsaenh.dll
0x00007fff5b2d0000 - 0x00007fff5b2f8000 	C:\Windows\SYSTEM32\USERENV.dll
0x00007fff5b450000 - 0x00007fff5b45c000 	C:\Windows\SYSTEM32\CRYPTBASE.dll
0x00007fff5a770000 - 0x00007fff5a79d000 	C:\Windows\SYSTEM32\IPHLPAPI.DLL
0x00007fff5da50000 - 0x00007fff5da59000 	C:\Windows\System32\NSI.dll
0x00007fff55cb0000 - 0x00007fff55cc9000 	C:\Windows\SYSTEM32\dhcpcsvc6.DLL
0x00007fff55bc0000 - 0x00007fff55bdf000 	C:\Windows\SYSTEM32\dhcpcsvc.DLL
0x00007fff5a7a0000 - 0x00007fff5a899000 	C:\Windows\SYSTEM32\DNSAPI.dll
0x00007fff3bba0000 - 0x00007fff3bbe5000 	C:\Users\DELL\AppData\Local\Temp\jna-2094529\jna17610281524678376414.dll
0x00007fff5caf0000 - 0x00007fff5caf8000 	C:\Windows\System32\PSAPI.DLL

dbghelp: loaded successfully - version: 4.0.5 - missing functions: none
symbol engine: initialized successfully - sym options: 0x614 - pdb path: .;c:\Users\DELL\.vscode\extensions\redhat.java-1.30.0-win32-x64\jre\17.0.10-win32-x86_64\bin;C:\Windows\SYSTEM32;C:\Windows\WinSxS\amd64_microsoft.windows.common-controls_6595b64144ccf1df_6.0.22621.3235_none_270f74e173860f98;c:\Users\DELL\.vscode\extensions\redhat.java-1.30.0-win32-x64\jre\17.0.10-win32-x86_64\bin\server;C:\Users\DELL\AppData\Roaming\Code\User\globalStorage\redhat.java\1.30.0\config_ss_win\org.eclipse.equinox.launcher\org.eclipse.equinox.launcher.win32.win32.x86_64_1.2.900.v20240213-1244;C:\Users\DELL\AppData\Local\Temp\jna-2094529

VM Arguments:
jvm_args: --add-modules=ALL-SYSTEM --add-opens=java.base/java.util=ALL-UNNAMED --add-opens=java.base/java.lang=ALL-UNNAMED --add-opens=java.base/sun.nio.fs=ALL-UNNAMED -Declipse.application=org.eclipse.jdt.ls.core.id1 -Dosgi.bundles.defaultStartLevel=4 -Declipse.product=org.eclipse.jdt.ls.core.product -Djava.import.generatesMetadataFilesAtProjectRoot=false -DDetectVMInstallationsJob.disabled=true -Dfile.encoding=utf8 -XX:+UseParallelGC -XX:GCTimeRatio=4 -XX:AdaptiveSizePolicyWeight=90 -Dsun.zip.disableMemoryMapping=true -Xmx1G -Xms100m -Xlog:disable -javaagent:c:\Users\DELL\.vscode\extensions\redhat.java-1.30.0-win32-x64\lombok\lombok-1.18.32.jar 
java_command: c:\Users\DELL\.vscode\extensions\redhat.java-1.30.0-win32-x64\server\plugins\org.eclipse.equinox.launcher_1.6.800.v20240330-1250.jar -configuration c:\Users\DELL\AppData\Roaming\Code\User\globalStorage\redhat.java\1.30.0\config_ss_win -data c:\Users\DELL\AppData\Roaming\Code\User\workspaceStorage\dae1452efd752c700ad62780db8628e0\redhat.java\ss_ws --pipe=\\.\pipe\lsp-666b8d49780c1b8f7e414f20358c8cf2-sock
java_class_path (initial): c:\Users\DELL\.vscode\extensions\redhat.java-1.30.0-win32-x64\server\plugins\org.eclipse.equinox.launcher_1.6.800.v20240330-1250.jar
Launcher Type: SUN_STANDARD

[Global flags]
    uintx AdaptiveSizePolicyWeight                 = 90                                        {product} {command line}
     intx CICompilerCount                          = 4                                         {product} {ergonomic}
    uintx GCTimeRatio                              = 4                                         {product} {command line}
   size_t InitialHeapSize                          = 104857600                                 {product} {command line}
   size_t MaxHeapSize                              = 1073741824                                {product} {command line}
   size_t MaxNewSize                               = 357564416                                 {product} {ergonomic}
   size_t MinHeapDeltaBytes                        = 524288                                    {product} {ergonomic}
   size_t MinHeapSize                              = 104857600                                 {product} {command line}
   size_t NewSize                                  = 34603008                                  {product} {ergonomic}
    uintx NonNMethodCodeHeapSize                   = 5839372                                {pd product} {ergonomic}
    uintx NonProfiledCodeHeapSize                  = 122909434                              {pd product} {ergonomic}
   size_t OldSize                                  = 70254592                                  {product} {ergonomic}
    uintx ProfiledCodeHeapSize                     = 122909434                              {pd product} {ergonomic}
    uintx ReservedCodeCacheSize                    = 251658240                              {pd product} {ergonomic}
     bool SegmentedCodeCache                       = true                                      {product} {ergonomic}
   size_t SoftMaxHeapSize                          = 1073741824                             {manageable} {ergonomic}
     bool UseCompressedClassPointers               = true                           {product lp64_product} {ergonomic}
     bool UseCompressedOops                        = true                           {product lp64_product} {ergonomic}
     bool UseLargePagesIndividualAllocation        = false                                  {pd product} {ergonomic}
     bool UseParallelGC                            = true                                      {product} {command line}

Logging:
Log output configuration:
 #0: stdout all=off uptime,level,tags
 #1: stderr all=off uptime,level,tags

Environment Variables:
JAVA_HOME=C:\Users\DELL\AppData\Local\Programs\Eclipse Adoptium\jdk-17.0.8.101-hotspot\
PATH=C:\Program Files\Common Files\Oracle\Java\javapath;C:\Windows\system32;C:\Windows;C:\Windows\System32\Wbem;C:\Windows\System32\WindowsPowerShell\v1.0\;C:\Windows\System32\OpenSSH\;C:\Program Files\nodejs\;C:\Users\DELL\AppData\Local\Programs\Eclipse Adoptium\jdk-17.0.8.101-hotspot\bin;C:\Users\DELL\AppData\Local\Microsoft\WindowsApps;;C:\Users\DELL\AppData\Local\Programs\Microsoft VS Code\bin;C:\Users\DELL\AppData\Roaming\npm
USERNAME=DELL
OS=Windows_NT
PROCESSOR_IDENTIFIER=Intel64 Family 6 Model 165 Stepping 2, GenuineIntel
TMP=C:\Users\DELL\AppData\Local\Temp
TEMP=C:\Users\DELL\AppData\Local\Temp



Periodic native trim disabled


---------------  S Y S T E M  ---------------

OS:
 Windows 11 , 64 bit Build 22621 (10.0.22621.3374)
OS uptime: 1 days 4:22 hours

CPU: total 8 (initial active 8) (4 cores per cpu, 2 threads per core) family 6 model 165 stepping 2 microcode 0xf8, cx8, cmov, fxsr, ht, mmx, 3dnowpref, sse, sse2, sse3, ssse3, sse4.1, sse4.2, popcnt, lzcnt, tsc, tscinvbit, avx, avx2, aes, erms, clmul, bmi1, bmi2, adx, fma, vzeroupper, clflush, clflushopt
Processor Information for all 8 processors :
  Max Mhz: 2496, Current Mhz: 2496, Mhz Limit: 2496

Memory: 4k page, system-wide physical 7985M (211M free)
TotalPageFile size 32561M (AvailPageFile size 9M)
current process WorkingSet (physical memory assigned to process): 209M, peak: 215M
current process commit charge ("private bytes"): 290M, peak: 295M

vm_info: OpenJDK 64-Bit Server VM (17.0.10+7) for windows-amd64 JRE (17.0.10+7), built on Jan 16 2024 23:25:11 by "admin" with MS VC++ 16.10 / 16.11 (VS2019)

END.
