#
# There is insufficient memory for the Java Runtime Environment to continue.
# Native memory allocation (mmap) failed to map 65536 bytes for Failed to commit metaspace.
# Possible reasons:
#   The system is out of physical RAM or swap space
#   The process is running with CompressedOops enabled, and the Java Heap may be blocking the growth of the native heap
# Possible solutions:
#   Reduce memory load on the system
#   Increase physical memory or swap space
#   Check if swap backing store is full
#   Decrease Java heap size (-Xmx/-Xms)
#   Decrease number of Java threads
#   Decrease Java thread stack sizes (-Xss)
#   Set larger code cache with -XX:ReservedCodeCacheSize=
#   JVM is running with Unscaled Compressed Oops mode in which the Java heap is
#     placed in the first 4GB address space. The Java Heap base address is the
#     maximum limit for the native heap growth. Please use -XX:HeapBaseMinAddress
#     to set the Java Heap base and to place the Java Heap above 4GB virtual address.
# This output file may be truncated or incomplete.
#
#  Out of Memory Error (virtualSpaceNode.cpp:110), pid=14936, tid=12352
#
# JRE version: OpenJDK Runtime Environment Temurin-17.0.10+7 (17.0.10+7) (build 17.0.10+7)
# Java VM: OpenJDK 64-Bit Server VM Temurin-17.0.10+7 (17.0.10+7, mixed mode, tiered, compressed oops, compressed class ptrs, parallel gc, windows-amd64)
# No core dump will be written. Minidumps are not enabled by default on client versions of Windows
#

---------------  S U M M A R Y ------------

Command Line: --add-modules=ALL-SYSTEM --add-opens=java.base/java.util=ALL-UNNAMED --add-opens=java.base/java.lang=ALL-UNNAMED --add-opens=java.base/sun.nio.fs=ALL-UNNAMED -Declipse.application=org.eclipse.jdt.ls.core.id1 -Dosgi.bundles.defaultStartLevel=4 -Declipse.product=org.eclipse.jdt.ls.core.product -Djava.import.generatesMetadataFilesAtProjectRoot=false -DDetectVMInstallationsJob.disabled=true -Dfile.encoding=utf8 -XX:+UseParallelGC -XX:GCTimeRatio=4 -XX:AdaptiveSizePolicyWeight=90 -Dsun.zip.disableMemoryMapping=true -Xmx1G -Xms100m -Xlog:disable -javaagent:c:\Users\DELL\.vscode\extensions\redhat.java-1.30.0-win32-x64\lombok\lombok-1.18.32.jar c:\Users\DELL\.vscode\extensions\redhat.java-1.30.0-win32-x64\server\plugins\org.eclipse.equinox.launcher_1.6.800.v20240330-1250.jar -configuration c:\Users\DELL\AppData\Roaming\Code\User\globalStorage\redhat.java\1.30.0\config_ss_win -data c:\Users\DELL\AppData\Roaming\Code\User\workspaceStorage\dae1452efd752c700ad62780db8628e0\redhat.java\ss_ws --pipe=\\.\pipe\lsp-455eeff6afe24c60a170a5661686140b-sock

Host: Intel(R) Core(TM) i5-10300H CPU @ 2.50GHz, 8 cores, 7G,  Windows 11 , 64 bit Build 22621 (10.0.22621.3374)
Time: Fri May  3 14:23:06 2024 India Standard Time elapsed time: 0.697833 seconds (0d 0h 0m 0s)

---------------  T H R E A D  ---------------

Current thread (0x00000179385fe690):  JavaThread "main" [_thread_in_vm, id=12352, stack(0x0000004f96f00000,0x0000004f97000000)]

Stack: [0x0000004f96f00000,0x0000004f97000000]
Native frames: (J=compiled Java code, j=interpreted, Vv=VM code, C=native code)
V  [jvm.dll+0x67d2c9]
V  [jvm.dll+0x834afa]
V  [jvm.dll+0x8365be]
V  [jvm.dll+0x836c23]
V  [jvm.dll+0x2477ff]
V  [jvm.dll+0x8307bb]
V  [jvm.dll+0x621d16]
V  [jvm.dll+0x621d7a]
V  [jvm.dll+0x6245aa]
V  [jvm.dll+0x6226b6]
V  [jvm.dll+0x24516c]
V  [jvm.dll+0x6d413d]
V  [jvm.dll+0x6d4b7f]
V  [jvm.dll+0x373644]
V  [jvm.dll+0x3726c4]
V  [jvm.dll+0x372668]
V  [jvm.dll+0x38264a]
C  0x00000179427dae05

The last pc belongs to new (printed below).
Java frames: (J=compiled Java code, j=interpreted, Vv=VM code)
j  java.util.LinkedHashMap.entrySet()Ljava/util/Set;+10 java.base@17.0.10
j  java.util.jar.Attributes.entrySet()Ljava/util/Set;+4 java.base@17.0.10
j  sun.security.util.SignatureFileVerifier.verifyManifestHash(Ljava/util/jar/Manifest;Lsun/security/util/ManifestDigester;Ljava/util/List;)Z+17 java.base@17.0.10
j  sun.security.util.SignatureFileVerifier.processImpl(Ljava/util/Hashtable;Ljava/util/List;Ljava/lang/String;)V+243 java.base@17.0.10
j  sun.security.util.SignatureFileVerifier.process(Ljava/util/Hashtable;Ljava/util/List;Ljava/lang/String;)V+12 java.base@17.0.10
j  java.util.jar.JarVerifier.processEntry(Lsun/security/util/ManifestEntryVerifier;)V+400 java.base@17.0.10
j  java.util.jar.JarVerifier.update(I[BIILsun/security/util/ManifestEntryVerifier;)V+39 java.base@17.0.10
j  java.util.jar.JarFile.initializeVerifier()V+163 java.base@17.0.10
j  java.util.jar.JarFile.ensureInitialization()V+41 java.base@17.0.10
j  java.util.jar.JavaUtilJarAccessImpl.ensureInitialization(Ljava/util/jar/JarFile;)V+1 java.base@17.0.10
j  jdk.internal.loader.URLClassPath$JarLoader$2.getManifest()Ljava/util/jar/Manifest;+10 java.base@17.0.10
j  jdk.internal.loader.BuiltinClassLoader.defineClass(Ljava/lang/String;Ljdk/internal/loader/Resource;)Ljava/lang/Class;+29 java.base@17.0.10
j  jdk.internal.loader.BuiltinClassLoader.findClassOnClassPathOrNull(Ljava/lang/String;)Ljava/lang/Class;+37 java.base@17.0.10
j  jdk.internal.loader.BuiltinClassLoader.loadClassOrNull(Ljava/lang/String;Z)Ljava/lang/Class;+111 java.base@17.0.10
j  jdk.internal.loader.BuiltinClassLoader.loadClass(Ljava/lang/String;Z)Ljava/lang/Class;+3 java.base@17.0.10
j  jdk.internal.loader.ClassLoaders$AppClassLoader.loadClass(Ljava/lang/String;Z)Ljava/lang/Class;+36 java.base@17.0.10
j  java.lang.ClassLoader.loadClass(Ljava/lang/String;)Ljava/lang/Class;+3 java.base@17.0.10
v  ~StubRoutines::call_stub
j  java.lang.Class.forName0(Ljava/lang/String;ZLjava/lang/ClassLoader;Ljava/lang/Class;)Ljava/lang/Class;+0 java.base@17.0.10
j  java.lang.Class.forName(Ljava/lang/String;ZLjava/lang/ClassLoader;)Ljava/lang/Class;+43 java.base@17.0.10
j  sun.launcher.LauncherHelper.loadMainClass(ILjava/lang/String;)Ljava/lang/Class;+95 java.base@17.0.10
j  sun.launcher.LauncherHelper.checkAndLoadMain(ZILjava/lang/String;)Ljava/lang/Class;+42 java.base@17.0.10
v  ~StubRoutines::call_stub
new  187 new  [0x00000179427dac80, 0x00000179427daea0]  544 bytes
[MachCode]
  0x00000179427dac80: 4883 ec08 | c5fa 1104 | 24eb 1f48 | 83ec 10c5 | fb11 0424 | eb14 4883 | ec10 4889 | 0424 48c7 
  0x00000179427daca0: 4424 0800 | 0000 00eb | 0150 410f | b755 010f | cac1 ea10 | 488b 4de8 | 488b 4908 | 488b 4908 
  0x00000179427dacc0: 488b 4108 | 807c 1004 | 070f 85d6 | 0000 0066 | 8b54 d148 | 488b 4928 | 488b 4cd1 | 0851 80b9 
  0x00000179427dace0: 3301 0000 | 040f 85b9 | 0000 008b | 5108 f7c2 | 0100 0000 | 0f85 aa00 | 0000 498b | 8708 0100 
  0x00000179427dad00: 0048 8d1c | 1049 3b9f | 1801 0000 | 0f87 9200 | 0000 4989 | 9f08 0100 | 00e9 0000 | 0000 4883 
  0x00000179427dad20: ea10 0f84 | 0f00 0000 | 33c9 c1ea | 0348 894c | d008 48ff | ca75 f648 | c700 0100 | 0000 5933 
  0x00000179427dad40: f689 700c | 48c1 e903 | 8948 0849 | ba7a 35e8 | 0cff 7f00 | 0041 803a | 000f 8440 | 0000 0050 
  0x00000179427dad60: 488b c848 | 83ec 20f7 | c40f 0000 | 000f 841a | 0000 0048 | 83ec 0849 | ba20 309e | 0cff 7f00 
  0x00000179427dad80: 0041 ffd2 | 4883 c408 | e90d 0000 | 0049 ba20 | 309e 0cff | 7f00 0041 | ffd2 4883 | c420 58e9 
  0x00000179427dada0: cd00 0000 | 5948 8b55 | e848 8b52 | 0848 8b52 | 0845 0fb7 | 4501 410f | c841 c1e8 | 10e8 0500 
  0x00000179427dadc0: 0000 e9aa | 0000 0048 | 8d44 2408 | 4c89 6dc0 | 498b cfc5 | f877 4989 | afa8 0200 | 0049 8987 
  0x00000179427dade0: 9802 0000 | 4883 ec20 | f7c4 0f00 | 0000 0f84 | 1a00 0000 | 4883 ec08 | 49ba c025 | 680c ff7f 
  0x00000179427dae00: 0000 41ff | d248 83c4 | 08e9 0d00 | 0000 49ba | c025 680c | ff7f 0000 | 41ff d248 | 83c4 2049 
  0x00000179427dae20: c787 9802 | 0000 0000 | 0000 49c7 | 87a8 0200 | 0000 0000 | 0049 c787 | a002 0000 | 0000 0000 
  0x00000179427dae40: c5f8 7749 | 817f 0800 | 0000 000f | 8405 0000 | 00e9 aa60 | feff 498b | 87f0 0200 | 0049 c787 
  0x00000179427dae60: f002 0000 | 0000 0000 | 4c8b 6dc0 | 4c8b 75c8 | c341 0fb6 | 5d03 4983 | c503 49ba | 90a1 ea0c 
  0x00000179427dae80: ff7f 0000 | 41ff 24da | 0000 0000 | 0000 0000 | 0000 0000 | 0000 0000 | 0000 0000 | 0000 0000 
[/MachCode]

---------------  P R O C E S S  ---------------

Threads class SMR info:
_java_thread_list=0x00000179518f1200, length=13, elements={
0x00000179385fe690, 0x000001794c482030, 0x000001794c483130, 0x000001794c48df50,
0x000001794c48e920, 0x00000179386ad760, 0x00000179386ae130, 0x00000179515b5030,
0x0000017951606810, 0x0000017951625550, 0x000001793865f960, 0x00000179518f6830,
0x0000017951923e20
}

Java Threads: ( => current thread )
=>0x00000179385fe690 JavaThread "main" [_thread_in_vm, id=12352, stack(0x0000004f96f00000,0x0000004f97000000)]
  0x000001794c482030 JavaThread "Reference Handler" daemon [_thread_blocked, id=7012, stack(0x0000004f97200000,0x0000004f97300000)]
  0x000001794c483130 JavaThread "Finalizer" daemon [_thread_blocked, id=19436, stack(0x0000004f97300000,0x0000004f97400000)]
  0x000001794c48df50 JavaThread "Signal Dispatcher" daemon [_thread_blocked, id=7348, stack(0x0000004f97400000,0x0000004f97500000)]
  0x000001794c48e920 JavaThread "Attach Listener" daemon [_thread_blocked, id=4344, stack(0x0000004f97500000,0x0000004f97600000)]
  0x00000179386ad760 JavaThread "Service Thread" daemon [_thread_blocked, id=14628, stack(0x0000004f97600000,0x0000004f97700000)]
  0x00000179386ae130 JavaThread "Monitor Deflation Thread" daemon [_thread_blocked, id=18788, stack(0x0000004f97700000,0x0000004f97800000)]
  0x00000179515b5030 JavaThread "C2 CompilerThread0" daemon [_thread_blocked, id=7360, stack(0x0000004f97800000,0x0000004f97900000)]
  0x0000017951606810 JavaThread "C1 CompilerThread0" daemon [_thread_blocked, id=12908, stack(0x0000004f97900000,0x0000004f97a00000)]
  0x0000017951625550 JavaThread "Sweeper thread" daemon [_thread_blocked, id=4668, stack(0x0000004f97a00000,0x0000004f97b00000)]
  0x000001793865f960 JavaThread "Common-Cleaner" daemon [_thread_blocked, id=5960, stack(0x0000004f97b00000,0x0000004f97c00000)]
  0x00000179518f6830 JavaThread "C2 CompilerThread1" daemon [_thread_blocked, id=17272, stack(0x0000004f97c00000,0x0000004f97d00000)]
  0x0000017951923e20 JavaThread "Notification Thread" daemon [_thread_blocked, id=7748, stack(0x0000004f97d00000,0x0000004f97e00000)]

Other Threads:
  0x00000179386a98c0 VMThread "VM Thread" [stack: 0x0000004f97100000,0x0000004f97200000] [id=13736]
  0x00000179527cf750 WatcherThread [stack: 0x0000004f97e00000,0x0000004f97f00000] [id=14120]
  0x0000017938613170 GCTaskThread "GC Thread#0" [stack: 0x0000004f97000000,0x0000004f97100000] [id=16748]

Threads with active compile tasks:

VM state: not at safepoint (normal execution)

VM Mutex/Monitor currently owned by a thread:  ([mutex/lock_event])
[0x00000179385f9c20] Metaspace_lock - owner thread: 0x00000179385fe690

Heap address: 0x00000000c0000000, size: 1024 MB, Compressed Oops mode: 32-bit

CDS archive(s) not mapped
Compressed class space mapped at: 0x0000000100000000-0x0000000140000000, reserved size: 1073741824
Narrow klass base: 0x0000000000000000, Narrow klass shift: 3, Narrow klass range: 0x140000000

GC Precious Log:
 CPUs: 8 total, 8 available
 Memory: 7985M
 Large Page Support: Disabled
 NUMA Support: Disabled
 Compressed Oops: Enabled (32-bit)
 Alignments: Space 512K, Generation 512K, Heap 2M
 Heap Min Capacity: 100M
 Heap Initial Capacity: 100M
 Heap Max Capacity: 1G
 Pre-touch: Disabled
 Parallel Workers: 8

Heap:
 PSYoungGen      total 29696K, used 13420K [0x00000000eab00000, 0x00000000ecc00000, 0x0000000100000000)
  eden space 25600K, 52% used [0x00000000eab00000,0x00000000eb81b3b0,0x00000000ec400000)
  from space 4096K, 0% used [0x00000000ec800000,0x00000000ec800000,0x00000000ecc00000)
  to   space 4096K, 0% used [0x00000000ec400000,0x00000000ec400000,0x00000000ec800000)
 ParOldGen       total 68608K, used 0K [0x00000000c0000000, 0x00000000c4300000, 0x00000000eab00000)
  object space 68608K, 0% used [0x00000000c0000000,0x00000000c0000000,0x00000000c4300000)
 Metaspace       used 8862K, committed 8960K, reserved 1114112K
  class space    used 878K, committed 960K, reserved 1048576K

Card table byte_map: [0x0000017937fa0000,0x00000179381b0000] _byte_map_base: 0x00000179379a0000

Marking Bits: (ParMarkBitMap*) 0x00007fff0ce9d7d0
 Begin Bits: [0x000001794a290000, 0x000001794b290000)
 End Bits:   [0x000001794b290000, 0x000001794c290000)

Polling page: 0x0000017936770000

Metaspace:

Usage:
  Non-class:      7.80 MB used.
      Class:    878.02 KB used.
       Both:      8.66 MB used.

Virtual space:
  Non-class space:       64.00 MB reserved,       7.81 MB ( 12%) committed,  1 nodes.
      Class space:        1.00 GB reserved,     960.00 KB ( <1%) committed,  1 nodes.
             Both:        1.06 GB reserved,       8.75 MB ( <1%) committed. 

Chunk freelists:
   Non-Class:  8.00 MB
       Class:  15.09 MB
        Both:  23.09 MB

MaxMetaspaceSize: unlimited
CompressedClassSpaceSize: 1.00 GB
Initial GC threshold: 21.00 MB
Current GC threshold: 21.00 MB
CDS: off
MetaspaceReclaimPolicy: balanced
 - commit_granule_bytes: 65536.
 - commit_granule_words: 8192.
 - virtual_space_node_default_size: 8388608.
 - enlarge_chunks_in_place: 1.
 - new_chunks_are_fully_committed: 0.
 - uncommit_free_chunks: 1.
 - use_allocation_guard: 0.
 - handle_deallocations: 1.


Internal statistics:

num_allocs_failed_limit: 0.
num_arena_births: 10.
num_arena_deaths: 0.
num_vsnodes_births: 2.
num_vsnodes_deaths: 0.
num_space_committed: 140.
num_space_uncommitted: 0.
num_chunks_returned_to_freelist: 0.
num_chunks_taken_from_freelist: 41.
num_chunk_merges: 0.
num_chunk_splits: 23.
num_chunks_enlarged: 22.
num_inconsistent_stats: 0.

CodeHeap 'non-profiled nmethods': size=120000Kb used=224Kb max_used=224Kb free=119775Kb
 bounds [0x0000017942d60000, 0x0000017942fd0000, 0x000001794a290000]
CodeHeap 'profiled nmethods': size=120000Kb used=816Kb max_used=816Kb free=119184Kb
 bounds [0x000001793b290000, 0x000001793b500000, 0x00000179427c0000]
CodeHeap 'non-nmethods': size=5760Kb used=1132Kb max_used=1154Kb free=4627Kb
 bounds [0x00000179427c0000, 0x0000017942a30000, 0x0000017942d60000]
 total_blobs=999 nmethods=578 adapters=336
 compilation: enabled
              stopped_count=0, restarted_count=0
 full_count=0

Compilation events (20 events):
Event: 0.662 Thread 0x0000017951606810  569       3       java.math.MutableBigInteger::mulsub (110 bytes)
Event: 0.662 Thread 0x0000017951606810 nmethod 569 0x000001793b358910 code [0x000001793b358ac0, 0x000001793b358d98]
Event: 0.663 Thread 0x00000179515b5030  570 %     4       java.math.BigInteger::implMulAdd @ 24 (81 bytes)
Event: 0.666 Thread 0x00000179515b5030 nmethod 570% 0x0000017942d92d90 code [0x0000017942d92f20, 0x0000017942d93118]
Event: 0.685 Thread 0x00000179515b5030  571       4       java.math.BigInteger::implMulAdd (81 bytes)
Event: 0.687 Thread 0x00000179518f6830 nmethod 520 0x0000017942d93310 code [0x0000017942d93540, 0x0000017942d949f8]
Event: 0.688 Thread 0x00000179515b5030 nmethod 571 0x0000017942d95a90 code [0x0000017942d95c00, 0x0000017942d95d58]
Event: 0.691 Thread 0x00000179518f6830  572       4       java.math.BigInteger::mulAdd (19 bytes)
Event: 0.691 Thread 0x00000179515b5030  573       4       java.math.BigInteger::implMulAddCheck (176 bytes)
Event: 0.693 Thread 0x00000179518f6830 nmethod 572 0x0000017942d95f10 code [0x0000017942d960a0, 0x0000017942d96218]
Event: 0.693 Thread 0x0000017951606810  574       3       sun.invoke.util.VerifyAccess::isTypeVisible (118 bytes)
Event: 0.693 Thread 0x00000179515b5030 nmethod 573 0x0000017942d96710 code [0x0000017942d968a0, 0x0000017942d969b8]
Event: 0.694 Thread 0x00000179515b5030  578       4       java.lang.CharacterDataLatin1::toLowerCase (39 bytes)
Event: 0.694 Thread 0x00000179515b5030 nmethod 578 0x0000017942d96b10 code [0x0000017942d96c80, 0x0000017942d96d78]
Event: 0.695 Thread 0x00000179515b5030  579   !   4       java.lang.String::replace (258 bytes)
Event: 0.695 Thread 0x0000017951606810 nmethod 574 0x000001793b358f10 code [0x000001793b359320, 0x000001793b35b1d8]
Event: 0.695 Thread 0x0000017951606810  576       3       java.lang.CharacterDataLatin1::isWhitespace (23 bytes)
Event: 0.695 Thread 0x0000017951606810 nmethod 576 0x000001793b35bb10 code [0x000001793b35bcc0, 0x000001793b35beb8]
Event: 0.695 Thread 0x0000017951606810  577       1       java.lang.Integer::intValue (5 bytes)
Event: 0.695 Thread 0x0000017951606810 nmethod 577 0x0000017942d96e90 code [0x0000017942d97020, 0x0000017942d970f8]

GC Heap History (0 events):
No events

Dll operation events (8 events):
Event: 0.017 Loaded shared library c:\Users\DELL\.vscode\extensions\redhat.java-1.30.0-win32-x64\jre\17.0.10-win32-x86_64\bin\java.dll
Event: 0.234 Loaded shared library c:\Users\DELL\.vscode\extensions\redhat.java-1.30.0-win32-x64\jre\17.0.10-win32-x86_64\bin\zip.dll
Event: 0.237 Loaded shared library C:\Users\DELL\.vscode\extensions\redhat.java-1.30.0-win32-x64\jre\17.0.10-win32-x86_64\bin\instrument.dll
Event: 0.255 Loaded shared library C:\Users\DELL\.vscode\extensions\redhat.java-1.30.0-win32-x64\jre\17.0.10-win32-x86_64\bin\net.dll
Event: 0.258 Loaded shared library C:\Users\DELL\.vscode\extensions\redhat.java-1.30.0-win32-x64\jre\17.0.10-win32-x86_64\bin\nio.dll
Event: 0.272 Loaded shared library C:\Users\DELL\.vscode\extensions\redhat.java-1.30.0-win32-x64\jre\17.0.10-win32-x86_64\bin\zip.dll
Event: 0.298 Loaded shared library C:\Users\DELL\.vscode\extensions\redhat.java-1.30.0-win32-x64\jre\17.0.10-win32-x86_64\bin\jimage.dll
Event: 0.371 Loaded shared library c:\Users\DELL\.vscode\extensions\redhat.java-1.30.0-win32-x64\jre\17.0.10-win32-x86_64\bin\verify.dll

Deoptimization events (20 events):
Event: 0.516 Thread 0x00000179385fe690 DEOPT PACKING pc=0x0000017942d6de5c sp=0x0000004f96ffda40
Event: 0.516 Thread 0x00000179385fe690 DEOPT UNPACKING pc=0x00000179428166a3 sp=0x0000004f96ffd9b0 mode 2
Event: 0.518 Thread 0x00000179385fe690 DEOPT PACKING pc=0x000001793b2ab500 sp=0x0000004f96ffb8a0
Event: 0.518 Thread 0x00000179385fe690 DEOPT UNPACKING pc=0x0000017942816e43 sp=0x0000004f96ffad60 mode 0
Event: 0.561 Thread 0x00000179385fe690 Uncommon trap: trap_request=0xffffff45 fr.pc=0x0000017942d76fc4 relative=0x00000000000000c4
Event: 0.561 Thread 0x00000179385fe690 Uncommon trap: reason=unstable_if action=reinterpret pc=0x0000017942d76fc4 method=java.net.URI.match(CJJ)Z @ 45 c2
Event: 0.561 Thread 0x00000179385fe690 DEOPT PACKING pc=0x0000017942d76fc4 sp=0x0000004f96ffc6c0
Event: 0.561 Thread 0x00000179385fe690 DEOPT UNPACKING pc=0x00000179428166a3 sp=0x0000004f96ffc648 mode 2
Event: 0.570 Thread 0x00000179385fe690 Uncommon trap: trap_request=0xffffff45 fr.pc=0x0000017942d88edc relative=0x000000000000067c
Event: 0.570 Thread 0x00000179385fe690 Uncommon trap: reason=unstable_if action=reinterpret pc=0x0000017942d88edc method=java.lang.String.replace(Ljava/lang/CharSequence;Ljava/lang/CharSequence;)Ljava/lang/String; @ 48 c2
Event: 0.570 Thread 0x00000179385fe690 DEOPT PACKING pc=0x0000017942d88edc sp=0x0000004f96ffc630
Event: 0.570 Thread 0x00000179385fe690 DEOPT UNPACKING pc=0x00000179428166a3 sp=0x0000004f96ffc5b0 mode 2
Event: 0.646 Thread 0x00000179385fe690 Uncommon trap: trap_request=0xffffff45 fr.pc=0x0000017942d75e84 relative=0x0000000000000304
Event: 0.646 Thread 0x00000179385fe690 Uncommon trap: reason=unstable_if action=reinterpret pc=0x0000017942d75e84 method=java.lang.StringUTF16.compress([CI[BII)I @ 20 c2
Event: 0.646 Thread 0x00000179385fe690 DEOPT PACKING pc=0x0000017942d75e84 sp=0x0000004f96ffb7a0
Event: 0.646 Thread 0x00000179385fe690 DEOPT UNPACKING pc=0x00000179428166a3 sp=0x0000004f96ffb720 mode 2
Event: 0.663 Thread 0x00000179385fe690 Uncommon trap: trap_request=0xffffff6e fr.pc=0x0000017942d92964 relative=0x00000000000001e4
Event: 0.663 Thread 0x00000179385fe690 Uncommon trap: reason=loop_limit_check action=maybe_recompile pc=0x0000017942d92964 method=java.math.BigInteger.implMulAdd([I[IIII)I @ 26 c2
Event: 0.663 Thread 0x00000179385fe690 DEOPT PACKING pc=0x0000017942d92964 sp=0x0000004f96ffd540
Event: 0.663 Thread 0x00000179385fe690 DEOPT UNPACKING pc=0x00000179428166a3 sp=0x0000004f96ffd490 mode 2

Classes unloaded (0 events):
No events

Classes redefined (0 events):
No events

Internal exceptions (2 events):
Event: 0.208 Thread 0x00000179385fe690 Exception <a 'java/lang/NoSuchMethodError'{0x00000000eacb4d38}: 'void java.lang.invoke.DirectMethodHandle$Holder.invokeStatic(java.lang.Object, java.lang.Object, java.lang.Object)'> (0x00000000eacb4d38) 
thrown [s\src\hotspot\share\interpreter\linkResolver.cpp, line 759]
Event: 0.397 Thread 0x00000179385fe690 Exception <a 'java/lang/reflect/InvocationTargetException'{0x00000000eafe5d40}> (0x00000000eafe5d40) 
thrown [s\src\hotspot\share\runtime\reflection.cpp, line 1121]

VM Operations (2 events):
Event: 0.214 Executing VM operation: HandshakeAllThreads
Event: 0.214 Executing VM operation: HandshakeAllThreads done

Events (20 events):
Event: 0.660 loading class sun/security/provider/SHA5$SHA384
Event: 0.660 loading class sun/security/provider/SHA5
Event: 0.660 loading class sun/security/provider/SHA5 done
Event: 0.660 loading class sun/security/provider/SHA5$SHA384 done
Event: 0.694 loading class sun/security/util/JarConstraintsParameters
Event: 0.694 loading class sun/security/util/ConstraintsParameters
Event: 0.694 loading class sun/security/util/ConstraintsParameters done
Event: 0.694 loading class sun/security/util/JarConstraintsParameters done
Event: 0.695 loading class java/security/interfaces/ECKey
Event: 0.695 loading class java/security/interfaces/ECKey done
Event: 0.695 loading class java/security/interfaces/XECKey
Event: 0.695 loading class java/security/interfaces/XECKey done
Event: 0.695 loading class sun/security/util/KeyUtil
Event: 0.695 loading class sun/security/util/KeyUtil done
Event: 0.695 loading class sun/security/util/Length
Event: 0.695 loading class sun/security/util/Length done
Event: 0.695 loading class javax/crypto/SecretKey
Event: 0.695 loading class javax/crypto/SecretKey done
Event: 0.696 loading class java/util/LinkedHashMap$LinkedEntrySet
Event: 0.696 loading class java/util/LinkedHashMap$LinkedEntrySet done


Dynamic libraries:
0x00007ff749fd0000 - 0x00007ff749fde000 	c:\Users\DELL\.vscode\extensions\redhat.java-1.30.0-win32-x64\jre\17.0.10-win32-x86_64\bin\java.exe
0x00007fff5e910000 - 0x00007fff5eb26000 	C:\Windows\SYSTEM32\ntdll.dll
0x00007fff5d7a0000 - 0x00007fff5d864000 	C:\Windows\System32\KERNEL32.DLL
0x00007fff5bfa0000 - 0x00007fff5c347000 	C:\Windows\System32\KERNELBASE.dll
0x00007fff5c350000 - 0x00007fff5c461000 	C:\Windows\System32\ucrtbase.dll
0x00007fff4b700000 - 0x00007fff4b717000 	c:\Users\DELL\.vscode\extensions\redhat.java-1.30.0-win32-x64\jre\17.0.10-win32-x86_64\bin\jli.dll
0x00007fff5d440000 - 0x00007fff5d5ee000 	C:\Windows\System32\USER32.dll
0x00007fff5bc60000 - 0x00007fff5bc86000 	C:\Windows\System32\win32u.dll
0x00007fff5dae0000 - 0x00007fff5db09000 	C:\Windows\System32\GDI32.dll
0x00007fff5be00000 - 0x00007fff5bf19000 	C:\Windows\System32\gdi32full.dll
0x00007fff5c4e0000 - 0x00007fff5c57a000 	C:\Windows\System32\msvcp_win.dll
0x00007fff4aea0000 - 0x00007fff4aebb000 	c:\Users\DELL\.vscode\extensions\redhat.java-1.30.0-win32-x64\jre\17.0.10-win32-x86_64\bin\VCRUNTIME140.dll
0x00007fff42100000 - 0x00007fff42393000 	C:\Windows\WinSxS\amd64_microsoft.windows.common-controls_6595b64144ccf1df_6.0.22621.3235_none_270f74e173860f98\COMCTL32.dll
0x00007fff5c640000 - 0x00007fff5c6e7000 	C:\Windows\System32\msvcrt.dll
0x00007fff5dee0000 - 0x00007fff5df11000 	C:\Windows\System32\IMM32.DLL
0x00007fff58ac0000 - 0x00007fff58acc000 	c:\Users\DELL\.vscode\extensions\redhat.java-1.30.0-win32-x64\jre\17.0.10-win32-x86_64\bin\vcruntime140_1.dll
0x00007fff3dba0000 - 0x00007fff3dc2d000 	c:\Users\DELL\.vscode\extensions\redhat.java-1.30.0-win32-x64\jre\17.0.10-win32-x86_64\bin\msvcp140.dll
0x00007fff0c300000 - 0x00007fff0cf62000 	c:\Users\DELL\.vscode\extensions\redhat.java-1.30.0-win32-x64\jre\17.0.10-win32-x86_64\bin\server\jvm.dll
0x00007fff5cb00000 - 0x00007fff5cbb2000 	C:\Windows\System32\ADVAPI32.dll
0x00007fff5e790000 - 0x00007fff5e838000 	C:\Windows\System32\sechost.dll
0x00007fff5bc30000 - 0x00007fff5bc58000 	C:\Windows\System32\bcrypt.dll
0x00007fff5dda0000 - 0x00007fff5deb5000 	C:\Windows\System32\RPCRT4.dll
0x00007fff5aad0000 - 0x00007fff5ab1d000 	C:\Windows\SYSTEM32\POWRPROF.dll
0x00007fff52640000 - 0x00007fff52674000 	C:\Windows\SYSTEM32\WINMM.dll
0x00007fff4ce40000 - 0x00007fff4ce4a000 	C:\Windows\SYSTEM32\VERSION.dll
0x00007fff41d10000 - 0x00007fff41d19000 	C:\Windows\SYSTEM32\WSOCK32.dll
0x00007fff5da60000 - 0x00007fff5dad1000 	C:\Windows\System32\WS2_32.dll
0x00007fff5aab0000 - 0x00007fff5aac3000 	C:\Windows\SYSTEM32\UMPDC.dll
0x00007fff5ad60000 - 0x00007fff5ad78000 	C:\Windows\SYSTEM32\kernel.appcore.dll
0x00007fff53d70000 - 0x00007fff53d7a000 	c:\Users\DELL\.vscode\extensions\redhat.java-1.30.0-win32-x64\jre\17.0.10-win32-x86_64\bin\jimage.dll
0x00007fff59030000 - 0x00007fff59263000 	C:\Windows\SYSTEM32\DBGHELP.DLL
0x00007fff5d0b0000 - 0x00007fff5d438000 	C:\Windows\System32\combase.dll
0x00007fff5ca10000 - 0x00007fff5cae7000 	C:\Windows\System32\OLEAUT32.dll
0x00007fff4bee0000 - 0x00007fff4bf12000 	C:\Windows\SYSTEM32\dbgcore.DLL
0x00007fff5bf20000 - 0x00007fff5bf99000 	C:\Windows\System32\bcryptPrimitives.dll
0x00007fff53d30000 - 0x00007fff53d3e000 	c:\Users\DELL\.vscode\extensions\redhat.java-1.30.0-win32-x64\jre\17.0.10-win32-x86_64\bin\instrument.dll
0x00007fff48f80000 - 0x00007fff48fa5000 	c:\Users\DELL\.vscode\extensions\redhat.java-1.30.0-win32-x64\jre\17.0.10-win32-x86_64\bin\java.dll
0x00007fff4ab60000 - 0x00007fff4ab78000 	c:\Users\DELL\.vscode\extensions\redhat.java-1.30.0-win32-x64\jre\17.0.10-win32-x86_64\bin\zip.dll
0x00007fff5df30000 - 0x00007fff5e78c000 	C:\Windows\System32\SHELL32.dll
0x00007fff59ba0000 - 0x00007fff5a499000 	C:\Windows\SYSTEM32\windows.storage.dll
0x00007fff59a60000 - 0x00007fff59b9e000 	C:\Windows\SYSTEM32\wintypes.dll
0x00007fff5c910000 - 0x00007fff5ca03000 	C:\Windows\System32\SHCORE.dll
0x00007fff5c6f0000 - 0x00007fff5c74e000 	C:\Windows\System32\shlwapi.dll
0x00007fff5bb60000 - 0x00007fff5bb81000 	C:\Windows\SYSTEM32\profapi.dll
0x00007fff48f60000 - 0x00007fff48f79000 	C:\Users\DELL\.vscode\extensions\redhat.java-1.30.0-win32-x64\jre\17.0.10-win32-x86_64\bin\net.dll
0x00007fff56020000 - 0x00007fff56156000 	C:\Windows\SYSTEM32\WINHTTP.dll
0x00007fff5b1d0000 - 0x00007fff5b239000 	C:\Windows\system32\mswsock.dll
0x00007fff48f10000 - 0x00007fff48f26000 	C:\Users\DELL\.vscode\extensions\redhat.java-1.30.0-win32-x64\jre\17.0.10-win32-x86_64\bin\nio.dll
0x00007fff50620000 - 0x00007fff50630000 	c:\Users\DELL\.vscode\extensions\redhat.java-1.30.0-win32-x64\jre\17.0.10-win32-x86_64\bin\verify.dll

dbghelp: loaded successfully - version: 4.0.5 - missing functions: none
symbol engine: initialized successfully - sym options: 0x614 - pdb path: .;c:\Users\DELL\.vscode\extensions\redhat.java-1.30.0-win32-x64\jre\17.0.10-win32-x86_64\bin;C:\Windows\SYSTEM32;C:\Windows\WinSxS\amd64_microsoft.windows.common-controls_6595b64144ccf1df_6.0.22621.3235_none_270f74e173860f98;c:\Users\DELL\.vscode\extensions\redhat.java-1.30.0-win32-x64\jre\17.0.10-win32-x86_64\bin\server

VM Arguments:
jvm_args: --add-modules=ALL-SYSTEM --add-opens=java.base/java.util=ALL-UNNAMED --add-opens=java.base/java.lang=ALL-UNNAMED --add-opens=java.base/sun.nio.fs=ALL-UNNAMED -Declipse.application=org.eclipse.jdt.ls.core.id1 -Dosgi.bundles.defaultStartLevel=4 -Declipse.product=org.eclipse.jdt.ls.core.product -Djava.import.generatesMetadataFilesAtProjectRoot=false -DDetectVMInstallationsJob.disabled=true -Dfile.encoding=utf8 -XX:+UseParallelGC -XX:GCTimeRatio=4 -XX:AdaptiveSizePolicyWeight=90 -Dsun.zip.disableMemoryMapping=true -Xmx1G -Xms100m -Xlog:disable -javaagent:c:\Users\DELL\.vscode\extensions\redhat.java-1.30.0-win32-x64\lombok\lombok-1.18.32.jar 
java_command: c:\Users\DELL\.vscode\extensions\redhat.java-1.30.0-win32-x64\server\plugins\org.eclipse.equinox.launcher_1.6.800.v20240330-1250.jar -configuration c:\Users\DELL\AppData\Roaming\Code\User\globalStorage\redhat.java\1.30.0\config_ss_win -data c:\Users\DELL\AppData\Roaming\Code\User\workspaceStorage\dae1452efd752c700ad62780db8628e0\redhat.java\ss_ws --pipe=\\.\pipe\lsp-455eeff6afe24c60a170a5661686140b-sock
java_class_path (initial): c:\Users\DELL\.vscode\extensions\redhat.java-1.30.0-win32-x64\server\plugins\org.eclipse.equinox.launcher_1.6.800.v20240330-1250.jar
Launcher Type: SUN_STANDARD

[Global flags]
    uintx AdaptiveSizePolicyWeight                 = 90                                        {product} {command line}
     intx CICompilerCount                          = 4                                         {product} {ergonomic}
    uintx GCTimeRatio                              = 4                                         {product} {command line}
   size_t InitialHeapSize                          = 104857600                                 {product} {command line}
   size_t MaxHeapSize                              = 1073741824                                {product} {command line}
   size_t MaxNewSize                               = 357564416                                 {product} {ergonomic}
   size_t MinHeapDeltaBytes                        = 524288                                    {product} {ergonomic}
   size_t MinHeapSize                              = 104857600                                 {product} {command line}
   size_t NewSize                                  = 34603008                                  {product} {ergonomic}
    uintx NonNMethodCodeHeapSize                   = 5839372                                {pd product} {ergonomic}
    uintx NonProfiledCodeHeapSize                  = 122909434                              {pd product} {ergonomic}
   size_t OldSize                                  = 70254592                                  {product} {ergonomic}
    uintx ProfiledCodeHeapSize                     = 122909434                              {pd product} {ergonomic}
    uintx ReservedCodeCacheSize                    = 251658240                              {pd product} {ergonomic}
     bool SegmentedCodeCache                       = true                                      {product} {ergonomic}
   size_t SoftMaxHeapSize                          = 1073741824                             {manageable} {ergonomic}
     bool UseCompressedClassPointers               = true                           {product lp64_product} {ergonomic}
     bool UseCompressedOops                        = true                           {product lp64_product} {ergonomic}
     bool UseLargePagesIndividualAllocation        = false                                  {pd product} {ergonomic}
     bool UseParallelGC                            = true                                      {product} {command line}

Logging:
Log output configuration:
 #0: stdout all=off uptime,level,tags
 #1: stderr all=off uptime,level,tags

Environment Variables:
JAVA_HOME=C:\Users\DELL\AppData\Local\Programs\Eclipse Adoptium\jdk-17.0.8.101-hotspot\
PATH=C:\Program Files\Common Files\Oracle\Java\javapath;C:\Windows\system32;C:\Windows;C:\Windows\System32\Wbem;C:\Windows\System32\WindowsPowerShell\v1.0\;C:\Windows\System32\OpenSSH\;C:\Program Files\nodejs\;C:\Users\DELL\AppData\Local\Programs\Eclipse Adoptium\jdk-17.0.8.101-hotspot\bin;C:\Users\DELL\AppData\Local\Microsoft\WindowsApps;;C:\Users\DELL\AppData\Local\Programs\Microsoft VS Code\bin;C:\Users\DELL\AppData\Roaming\npm
USERNAME=DELL
OS=Windows_NT
PROCESSOR_IDENTIFIER=Intel64 Family 6 Model 165 Stepping 2, GenuineIntel
TMP=C:\Users\DELL\AppData\Local\Temp
TEMP=C:\Users\DELL\AppData\Local\Temp



Periodic native trim disabled


---------------  S Y S T E M  ---------------

OS:
 Windows 11 , 64 bit Build 22621 (10.0.22621.3374)
OS uptime: 1 days 4:22 hours

CPU: total 8 (initial active 8) (4 cores per cpu, 2 threads per core) family 6 model 165 stepping 2 microcode 0xf8, cx8, cmov, fxsr, ht, mmx, 3dnowpref, sse, sse2, sse3, ssse3, sse4.1, sse4.2, popcnt, lzcnt, tsc, tscinvbit, avx, avx2, aes, erms, clmul, bmi1, bmi2, adx, fma, vzeroupper, clflush, clflushopt
Processor Information for all 8 processors :
  Max Mhz: 2496, Current Mhz: 2496, Mhz Limit: 2496

Memory: 4k page, system-wide physical 7985M (413M free)
TotalPageFile size 32561M (AvailPageFile size 140M)
current process WorkingSet (physical memory assigned to process): 55M, peak: 55M
current process commit charge ("private bytes"): 194M, peak: 195M

vm_info: OpenJDK 64-Bit Server VM (17.0.10+7) for windows-amd64 JRE (17.0.10+7), built on Jan 16 2024 23:25:11 by "admin" with MS VC++ 16.10 / 16.11 (VS2019)

END.
