#
# There is insufficient memory for the Java Runtime Environment to continue.
# Native memory allocation (malloc) failed to allocate 1105056 bytes for Chunk::new
# Possible reasons:
#   The system is out of physical RAM or swap space
#   The process is running with CompressedOops enabled, and the Java Heap may be blocking the growth of the native heap
# Possible solutions:
#   Reduce memory load on the system
#   Increase physical memory or swap space
#   Check if swap backing store is full
#   Decrease Java heap size (-Xmx/-Xms)
#   Decrease number of Java threads
#   Decrease Java thread stack sizes (-Xss)
#   Set larger code cache with -XX:ReservedCodeCacheSize=
#   JVM is running with Unscaled Compressed Oops mode in which the Java heap is
#     placed in the first 4GB address space. The Java Heap base address is the
#     maximum limit for the native heap growth. Please use -XX:HeapBaseMinAddress
#     to set the Java Heap base and to place the Java Heap above 4GB virtual address.
# This output file may be truncated or incomplete.
#
#  Out of Memory Error (arena.cpp:191), pid=4724, tid=3880
#
# JRE version: OpenJDK Runtime Environment Temurin-17.0.10+7 (17.0.10+7) (build 17.0.10+7)
# Java VM: OpenJDK 64-Bit Server VM Temurin-17.0.10+7 (17.0.10+7, mixed mode, tiered, compressed oops, compressed class ptrs, parallel gc, windows-amd64)
# No core dump will be written. Minidumps are not enabled by default on client versions of Windows
#

---------------  S U M M A R Y ------------

Command Line: --add-modules=ALL-SYSTEM --add-opens=java.base/java.util=ALL-UNNAMED --add-opens=java.base/java.lang=ALL-UNNAMED --add-opens=java.base/sun.nio.fs=ALL-UNNAMED -Declipse.application=org.eclipse.jdt.ls.core.id1 -Dosgi.bundles.defaultStartLevel=4 -Declipse.product=org.eclipse.jdt.ls.core.product -Djava.import.generatesMetadataFilesAtProjectRoot=false -DDetectVMInstallationsJob.disabled=true -Dfile.encoding=utf8 -XX:+UseParallelGC -XX:GCTimeRatio=4 -XX:AdaptiveSizePolicyWeight=90 -Dsun.zip.disableMemoryMapping=true -Xmx1G -Xms100m -Xlog:disable -javaagent:c:\Users\DELL\.vscode\extensions\redhat.java-1.30.0-win32-x64\lombok\lombok-1.18.32.jar c:\Users\DELL\.vscode\extensions\redhat.java-1.30.0-win32-x64\server\plugins\org.eclipse.equinox.launcher_1.6.800.v20240330-1250.jar -configuration c:\Users\DELL\AppData\Roaming\Code\User\globalStorage\redhat.java\1.30.0\config_ss_win -data c:\Users\DELL\AppData\Roaming\Code\User\workspaceStorage\dae1452efd752c700ad62780db8628e0\redhat.java\ss_ws --pipe=\\.\pipe\lsp-afb7dc1b234b2bc077f6e1eceafc042f-sock

Host: Intel(R) Core(TM) i5-10300H CPU @ 2.50GHz, 8 cores, 7G,  Windows 11 , 64 bit Build 22621 (10.0.22621.3374)
Time: Fri May  3 14:14:55 2024 India Standard Time elapsed time: 10.973997 seconds (0d 0h 0m 10s)

---------------  T H R E A D  ---------------

Current thread (0x000001e0687f7d20):  JavaThread "C2 CompilerThread0" daemon [_thread_in_native, id=3880, stack(0x00000011d4f00000,0x00000011d5000000)]


Current CompileTask:
C2:  10974 5245       4       org.eclipse.jdt.internal.compiler.lookup.BinaryTypeBinding::createMethod (1724 bytes)

Stack: [0x00000011d4f00000,0x00000011d5000000]
Native frames: (J=compiled Java code, j=interpreted, Vv=VM code, C=native code)
V  [jvm.dll+0x67d2c9]
V  [jvm.dll+0x834afa]
V  [jvm.dll+0x8365be]
V  [jvm.dll+0x836c23]
V  [jvm.dll+0x2477ff]
V  [jvm.dll+0xac514]
V  [jvm.dll+0xacb5c]
V  [jvm.dll+0x2aed1f]
V  [jvm.dll+0x584b67]
V  [jvm.dll+0x2228a2]
V  [jvm.dll+0x222c8f]
V  [jvm.dll+0x21bdb6]
V  [jvm.dll+0x219201]
V  [jvm.dll+0x1a502d]
V  [jvm.dll+0x2290de]
V  [jvm.dll+0x2272ac]
V  [jvm.dll+0x7e9bb7]
V  [jvm.dll+0x7e3fba]
V  [jvm.dll+0x67c1b5]
C  [ucrtbase.dll+0x29333]
C  [KERNEL32.DLL+0x1257d]
C  [ntdll.dll+0x5aa48]


---------------  P R O C E S S  ---------------

Threads class SMR info:
_java_thread_list=0x000001e06b5df710, length=36, elements={
0x000001e04f8b1160, 0x000001e0687c4010, 0x000001e0687c5540, 0x000001e0687dca40,
0x000001e0687dd6d0, 0x000001e0687de460, 0x000001e0687ebc20, 0x000001e0687f7d20,
0x000001e0687fa9f0, 0x000001e068807520, 0x000001e06891a4d0, 0x000001e068b6e540,
0x000001e06a114790, 0x000001e069e8d1b0, 0x000001e06a49a0c0, 0x000001e06a4ab710,
0x000001e06a6f5fe0, 0x000001e06a6f55c0, 0x000001e06a6f5ad0, 0x000001e06a6f7420,
0x000001e06a6f7930, 0x000001e06a6f8860, 0x000001e06a6f7e40, 0x000001e06a6f8350,
0x000001e06a6f50b0, 0x000001e06af03810, 0x000001e06af01ec0, 0x000001e06af05b80,
0x000001e06af00060, 0x000001e06af06090, 0x000001e06af05160, 0x000001e06af023d0,
0x000001e06af06ab0, 0x000001e06af05670, 0x000001e06af06fc0, 0x000001e06af074d0
}

Java Threads: ( => current thread )
  0x000001e04f8b1160 JavaThread "main" [_thread_blocked, id=6880, stack(0x00000011d4600000,0x00000011d4700000)]
  0x000001e0687c4010 JavaThread "Reference Handler" daemon [_thread_blocked, id=14764, stack(0x00000011d4900000,0x00000011d4a00000)]
  0x000001e0687c5540 JavaThread "Finalizer" daemon [_thread_blocked, id=1988, stack(0x00000011d4a00000,0x00000011d4b00000)]
  0x000001e0687dca40 JavaThread "Signal Dispatcher" daemon [_thread_blocked, id=14728, stack(0x00000011d4b00000,0x00000011d4c00000)]
  0x000001e0687dd6d0 JavaThread "Attach Listener" daemon [_thread_blocked, id=9176, stack(0x00000011d4c00000,0x00000011d4d00000)]
  0x000001e0687de460 JavaThread "Service Thread" daemon [_thread_blocked, id=11160, stack(0x00000011d4d00000,0x00000011d4e00000)]
  0x000001e0687ebc20 JavaThread "Monitor Deflation Thread" daemon [_thread_blocked, id=17896, stack(0x00000011d4e00000,0x00000011d4f00000)]
=>0x000001e0687f7d20 JavaThread "C2 CompilerThread0" daemon [_thread_in_native, id=3880, stack(0x00000011d4f00000,0x00000011d5000000)]
  0x000001e0687fa9f0 JavaThread "C1 CompilerThread0" daemon [_thread_blocked, id=9196, stack(0x00000011d5000000,0x00000011d5100000)]
  0x000001e068807520 JavaThread "Sweeper thread" daemon [_thread_blocked, id=10536, stack(0x00000011d5100000,0x00000011d5200000)]
  0x000001e06891a4d0 JavaThread "Common-Cleaner" daemon [_thread_blocked, id=1884, stack(0x00000011d5200000,0x00000011d5300000)]
  0x000001e068b6e540 JavaThread "Notification Thread" daemon [_thread_blocked, id=12944, stack(0x00000011d5400000,0x00000011d5500000)]
  0x000001e06a114790 JavaThread "Active Thread: Equinox Container: db1dbdbc-4603-42eb-a1aa-23d6ebb3fff7" [_thread_blocked, id=16828, stack(0x00000011d5d00000,0x00000011d5e00000)]
  0x000001e069e8d1b0 JavaThread "Framework Event Dispatcher: Equinox Container: db1dbdbc-4603-42eb-a1aa-23d6ebb3fff7" daemon [_thread_blocked, id=13180, stack(0x00000011d5e00000,0x00000011d5f00000)]
  0x000001e06a49a0c0 JavaThread "Start Level: Equinox Container: db1dbdbc-4603-42eb-a1aa-23d6ebb3fff7" daemon [_thread_blocked, id=9860, stack(0x00000011d5f00000,0x00000011d6000000)]
  0x000001e06a4ab710 JavaThread "SCR Component Actor" daemon [_thread_blocked, id=14228, stack(0x00000011d6000000,0x00000011d6100000)]
  0x000001e06a6f5fe0 JavaThread "Worker-JM" [_thread_blocked, id=9932, stack(0x00000011d5300000,0x00000011d5400000)]
  0x000001e06a6f55c0 JavaThread "Worker-0" [_thread_blocked, id=6108, stack(0x00000011d5600000,0x00000011d5700000)]
  0x000001e06a6f5ad0 JavaThread "Worker-1" [_thread_blocked, id=16196, stack(0x00000011d6300000,0x00000011d6400000)]
  0x000001e06a6f7420 JavaThread "JNA Cleaner" daemon [_thread_blocked, id=3908, stack(0x00000011d6400000,0x00000011d6500000)]
  0x000001e06a6f7930 JavaThread "Thread-2" daemon [_thread_in_native, id=14740, stack(0x00000011d6500000,0x00000011d6600000)]
  0x000001e06a6f8860 JavaThread "Thread-3" daemon [_thread_in_native, id=9836, stack(0x00000011d6600000,0x00000011d6700000)]
  0x000001e06a6f7e40 JavaThread "Thread-4" daemon [_thread_in_native, id=15796, stack(0x00000011d6700000,0x00000011d6800000)]
  0x000001e06a6f8350 JavaThread "Thread-5" daemon [_thread_in_native, id=7372, stack(0x00000011d6800000,0x00000011d6900000)]
  0x000001e06a6f50b0 JavaThread "Thread-6" daemon [_thread_in_native, id=17868, stack(0x00000011d6900000,0x00000011d6a00000)]
  0x000001e06af03810 JavaThread "Thread-7" daemon [_thread_in_native, id=10556, stack(0x00000011d6a00000,0x00000011d6b00000)]
  0x000001e06af01ec0 JavaThread "Thread-8" daemon [_thread_in_native, id=1896, stack(0x00000011d6b00000,0x00000011d6c00000)]
  0x000001e06af05b80 JavaThread "Thread-9" daemon [_thread_in_native, id=7248, stack(0x00000011d6c00000,0x00000011d6d00000)]
  0x000001e06af00060 JavaThread "Thread-10" daemon [_thread_in_native, id=10032, stack(0x00000011d6d00000,0x00000011d6e00000)]
  0x000001e06af06090 JavaThread "pool-2-thread-1" [_thread_blocked, id=15436, stack(0x00000011d6e00000,0x00000011d6f00000)]
  0x000001e06af05160 JavaThread "WorkspaceEventsHandler" [_thread_blocked, id=6868, stack(0x00000011d7000000,0x00000011d7100000)]
  0x000001e06af023d0 JavaThread "pool-1-thread-1" [_thread_blocked, id=16000, stack(0x00000011d7100000,0x00000011d7200000)]
  0x000001e06af06ab0 JavaThread "ForkJoinPool.commonPool-worker-1" daemon [_thread_blocked, id=12992, stack(0x00000011d7200000,0x00000011d7300000)]
  0x000001e06af05670 JavaThread "ForkJoinPool.commonPool-worker-2" daemon [_thread_blocked, id=16448, stack(0x00000011d7300000,0x00000011d7400000)]
  0x000001e06af06fc0 JavaThread "Worker-2" [_thread_blocked, id=18924, stack(0x00000011d6f00000,0x00000011d7000000)]
  0x000001e06af074d0 JavaThread "ForkJoinPool.commonPool-worker-3" daemon [_thread_blocked, id=2160, stack(0x00000011d6200000,0x00000011d6300000)]

Other Threads:
  0x000001e04f94ec70 VMThread "VM Thread" [stack: 0x00000011d4800000,0x00000011d4900000] [id=8496]
  0x000001e068b6bbd0 WatcherThread [stack: 0x00000011d5500000,0x00000011d5600000] [id=16732]
  0x000001e04f8c4e80 GCTaskThread "GC Thread#0" [stack: 0x00000011d4700000,0x00000011d4800000] [id=16512]
  0x000001e069cea030 GCTaskThread "GC Thread#1" [stack: 0x00000011d5700000,0x00000011d5800000] [id=7980]
  0x000001e069cea2f0 GCTaskThread "GC Thread#2" [stack: 0x00000011d5800000,0x00000011d5900000] [id=17540]
  0x000001e069cea5b0 GCTaskThread "GC Thread#3" [stack: 0x00000011d5900000,0x00000011d5a00000] [id=4552]
  0x000001e069fc58e0 GCTaskThread "GC Thread#4" [stack: 0x00000011d5a00000,0x00000011d5b00000] [id=6096]
  0x000001e069fc5ba0 GCTaskThread "GC Thread#5" [stack: 0x00000011d5b00000,0x00000011d5c00000] [id=9348]
  0x000001e069fc5e60 GCTaskThread "GC Thread#6" [stack: 0x00000011d5c00000,0x00000011d5d00000] [id=2920]
  0x000001e06a112040 GCTaskThread "GC Thread#7" [stack: 0x00000011d6100000,0x00000011d6200000] [id=9624]

Threads with active compile tasks:
C2 CompilerThread0    11002 5245       4       org.eclipse.jdt.internal.compiler.lookup.BinaryTypeBinding::createMethod (1724 bytes)

VM state: not at safepoint (normal execution)

VM Mutex/Monitor currently owned by a thread: None

Heap address: 0x00000000c0000000, size: 1024 MB, Compressed Oops mode: 32-bit

CDS archive(s) not mapped
Compressed class space mapped at: 0x0000000100000000-0x0000000140000000, reserved size: 1073741824
Narrow klass base: 0x0000000000000000, Narrow klass shift: 3, Narrow klass range: 0x140000000

GC Precious Log:
 CPUs: 8 total, 8 available
 Memory: 7985M
 Large Page Support: Disabled
 NUMA Support: Disabled
 Compressed Oops: Enabled (32-bit)
 Alignments: Space 512K, Generation 512K, Heap 2M
 Heap Min Capacity: 100M
 Heap Initial Capacity: 100M
 Heap Max Capacity: 1G
 Pre-touch: Disabled
 Parallel Workers: 8

Heap:
 PSYoungGen      total 23040K, used 18968K [0x00000000eab00000, 0x00000000ecb00000, 0x0000000100000000)
  eden space 21504K, 81% used [0x00000000eab00000,0x00000000ebc08820,0x00000000ec000000)
  from space 1536K, 99% used [0x00000000ec480000,0x00000000ec5fd9c0,0x00000000ec600000)
  to   space 5120K, 0% used [0x00000000ec600000,0x00000000ec600000,0x00000000ecb00000)
 ParOldGen       total 68608K, used 32186K [0x00000000c0000000, 0x00000000c4300000, 0x00000000eab00000)
  object space 68608K, 46% used [0x00000000c0000000,0x00000000c1f6e998,0x00000000c4300000)
 Metaspace       used 49808K, committed 50688K, reserved 1114112K
  class space    used 5078K, committed 5440K, reserved 1048576K

Card table byte_map: [0x000001e04f260000,0x000001e04f470000] _byte_map_base: 0x000001e04ec60000

Marking Bits: (ParMarkBitMap*) 0x00007fff0acad7d0
 Begin Bits: [0x000001e061530000, 0x000001e062530000)
 End Bits:   [0x000001e062530000, 0x000001e063530000)

Polling page: 0x000001e04f050000

Metaspace:

Usage:
  Non-class:     43.68 MB used.
      Class:      4.96 MB used.
       Both:     48.64 MB used.

Virtual space:
  Non-class space:       64.00 MB reserved,      44.19 MB ( 69%) committed,  1 nodes.
      Class space:        1.00 GB reserved,       5.31 MB ( <1%) committed,  1 nodes.
             Both:        1.06 GB reserved,      49.50 MB (  5%) committed. 

Chunk freelists:
   Non-Class:  3.67 MB
       Class:  10.73 MB
        Both:  14.41 MB

MaxMetaspaceSize: unlimited
CompressedClassSpaceSize: 1.00 GB
Initial GC threshold: 21.00 MB
Current GC threshold: 58.38 MB
CDS: off
MetaspaceReclaimPolicy: balanced
 - commit_granule_bytes: 65536.
 - commit_granule_words: 8192.
 - virtual_space_node_default_size: 8388608.
 - enlarge_chunks_in_place: 1.
 - new_chunks_are_fully_committed: 0.
 - uncommit_free_chunks: 1.
 - use_allocation_guard: 0.
 - handle_deallocations: 1.


Internal statistics:

num_allocs_failed_limit: 6.
num_arena_births: 450.
num_arena_deaths: 14.
num_vsnodes_births: 2.
num_vsnodes_deaths: 0.
num_space_committed: 792.
num_space_uncommitted: 0.
num_chunks_returned_to_freelist: 20.
num_chunks_taken_from_freelist: 2194.
num_chunk_merges: 8.
num_chunk_splits: 1412.
num_chunks_enlarged: 899.
num_inconsistent_stats: 0.

CodeHeap 'non-profiled nmethods': size=120000Kb used=2851Kb max_used=2851Kb free=117148Kb
 bounds [0x000001e05a000000, 0x000001e05a2d0000, 0x000001e061530000]
CodeHeap 'profiled nmethods': size=120000Kb used=11831Kb max_used=11831Kb free=108168Kb
 bounds [0x000001e052530000, 0x000001e0530c0000, 0x000001e059a60000]
CodeHeap 'non-nmethods': size=5760Kb used=1348Kb max_used=1410Kb free=4411Kb
 bounds [0x000001e059a60000, 0x000001e059cd0000, 0x000001e05a000000]
 total_blobs=6024 nmethods=5332 adapters=605
 compilation: enabled
              stopped_count=0, restarted_count=0
 full_count=0

Compilation events (20 events):
Event: 10.932 Thread 0x000001e0687fa9f0 5332       3       org.eclipse.jdt.core.compiler.CharOperation::arrayConcat (43 bytes)
Event: 10.932 Thread 0x000001e0687fa9f0 nmethod 5332 0x000001e0530b9a10 code [0x000001e0530b9be0, 0x000001e0530ba1e8]
Event: 10.932 Thread 0x000001e0687fa9f0 5342       1       org.eclipse.jdt.internal.compiler.classfmt.FieldInfoWithAnnotation::getAnnotations (5 bytes)
Event: 10.932 Thread 0x000001e0687fa9f0 nmethod 5342 0x000001e05a2c8810 code [0x000001e05a2c89a0, 0x000001e05a2c8a78]
Event: 10.933 Thread 0x000001e0687fa9f0 5343       1       org.eclipse.jdt.internal.compiler.problem.DefaultProblem::getID (5 bytes)
Event: 10.933 Thread 0x000001e0687fa9f0 nmethod 5343 0x000001e05a2c8b10 code [0x000001e05a2c8ca0, 0x000001e05a2c8d78]
Event: 10.933 Thread 0x000001e0687fa9f0 5344       3       java.lang.Integer::equals (29 bytes)
Event: 10.933 Thread 0x000001e0687fa9f0 nmethod 5344 0x000001e0530ba390 code [0x000001e0530ba540, 0x000001e0530ba918]
Event: 10.935 Thread 0x000001e0687fa9f0 5345       3       java.util.Calendar::setFieldsComputed (117 bytes)
Event: 10.936 Thread 0x000001e0687fa9f0 nmethod 5345 0x000001e0530baa10 code [0x000001e0530babe0, 0x000001e0530bb058]
Event: 10.936 Thread 0x000001e0687fa9f0 5346  s    3       java.lang.StringBuffer::toString (59 bytes)
Event: 10.936 Thread 0x000001e0687fa9f0 nmethod 5346 0x000001e0530bb310 code [0x000001e0530bb500, 0x000001e0530bba98]
Event: 10.936 Thread 0x000001e0687fa9f0 5347       3       com.google.gson.stream.JsonWriter::open (19 bytes)
Event: 10.936 Thread 0x000001e0687fa9f0 nmethod 5347 0x000001e0530bbc10 code [0x000001e0530bbdc0, 0x000001e0530bc028]
Event: 10.936 Thread 0x000001e0687fa9f0 5348       3       com.google.gson.stream.JsonWriter::close (95 bytes)
Event: 10.937 Thread 0x000001e0687fa9f0 nmethod 5348 0x000001e0530bc190 code [0x000001e0530bc420, 0x000001e0530bce98]
Event: 10.940 Thread 0x000001e0687fa9f0 5349       3       org.eclipse.osgi.framework.util.ArrayMap::getValue (11 bytes)
Event: 10.940 Thread 0x000001e0687fa9f0 nmethod 5349 0x000001e0530bd290 code [0x000001e0530bd440, 0x000001e0530bd608]
Event: 10.941 Thread 0x000001e0687fa9f0 5350       3       java.lang.StringCoding::implEncodeAsciiArray (47 bytes)
Event: 10.942 Thread 0x000001e0687fa9f0 nmethod 5350 0x000001e0530bd710 code [0x000001e0530bd8c0, 0x000001e0530bdb18]

GC Heap History (20 events):
Event: 6.080 GC heap before
{Heap before GC invocations=14 (full 2):
 PSYoungGen      total 24576K, used 24256K [0x00000000eab00000, 0x00000000ec680000, 0x0000000100000000)
  eden space 22016K, 100% used [0x00000000eab00000,0x00000000ec080000,0x00000000ec080000)
  from space 2560K, 87% used [0x00000000ec280000,0x00000000ec4b0010,0x00000000ec500000)
  to   space 1536K, 0% used [0x00000000ec500000,0x00000000ec500000,0x00000000ec680000)
 ParOldGen       total 68608K, used 14447K [0x00000000c0000000, 0x00000000c4300000, 0x00000000eab00000)
  object space 68608K, 21% used [0x00000000c0000000,0x00000000c0e1be80,0x00000000c4300000)
 Metaspace       used 37681K, committed 38464K, reserved 1114112K
  class space    used 3807K, committed 4160K, reserved 1048576K
}
Event: 6.084 GC heap after
{Heap after GC invocations=14 (full 2):
 PSYoungGen      total 23040K, used 1504K [0x00000000eab00000, 0x00000000eca80000, 0x0000000100000000)
  eden space 21504K, 0% used [0x00000000eab00000,0x00000000eab00000,0x00000000ec000000)
  from space 1536K, 97% used [0x00000000ec500000,0x00000000ec678010,0x00000000ec680000)
  to   space 5120K, 0% used [0x00000000ec000000,0x00000000ec000000,0x00000000ec500000)
 ParOldGen       total 68608K, used 17239K [0x00000000c0000000, 0x00000000c4300000, 0x00000000eab00000)
  object space 68608K, 25% used [0x00000000c0000000,0x00000000c10d5e80,0x00000000c4300000)
 Metaspace       used 37681K, committed 38464K, reserved 1114112K
  class space    used 3807K, committed 4160K, reserved 1048576K
}
Event: 6.172 GC heap before
{Heap before GC invocations=15 (full 2):
 PSYoungGen      total 23040K, used 23008K [0x00000000eab00000, 0x00000000eca80000, 0x0000000100000000)
  eden space 21504K, 100% used [0x00000000eab00000,0x00000000ec000000,0x00000000ec000000)
  from space 1536K, 97% used [0x00000000ec500000,0x00000000ec678010,0x00000000ec680000)
  to   space 5120K, 0% used [0x00000000ec000000,0x00000000ec000000,0x00000000ec500000)
 ParOldGen       total 68608K, used 17239K [0x00000000c0000000, 0x00000000c4300000, 0x00000000eab00000)
  object space 68608K, 25% used [0x00000000c0000000,0x00000000c10d5e80,0x00000000c4300000)
 Metaspace       used 37682K, committed 38464K, reserved 1114112K
  class space    used 3807K, committed 4160K, reserved 1048576K
}
Event: 6.175 GC heap after
{Heap after GC invocations=15 (full 2):
 PSYoungGen      total 24064K, used 2432K [0x00000000eab00000, 0x00000000ec700000, 0x0000000100000000)
  eden space 21504K, 0% used [0x00000000eab00000,0x00000000eab00000,0x00000000ec000000)
  from space 2560K, 95% used [0x00000000ec000000,0x00000000ec260000,0x00000000ec280000)
  to   space 3584K, 0% used [0x00000000ec380000,0x00000000ec380000,0x00000000ec700000)
 ParOldGen       total 68608K, used 18740K [0x00000000c0000000, 0x00000000c4300000, 0x00000000eab00000)
  object space 68608K, 27% used [0x00000000c0000000,0x00000000c124d3e0,0x00000000c4300000)
 Metaspace       used 37682K, committed 38464K, reserved 1114112K
  class space    used 3807K, committed 4160K, reserved 1048576K
}
Event: 6.264 GC heap before
{Heap before GC invocations=16 (full 2):
 PSYoungGen      total 24064K, used 23936K [0x00000000eab00000, 0x00000000ec700000, 0x0000000100000000)
  eden space 21504K, 100% used [0x00000000eab00000,0x00000000ec000000,0x00000000ec000000)
  from space 2560K, 95% used [0x00000000ec000000,0x00000000ec260000,0x00000000ec280000)
  to   space 3584K, 0% used [0x00000000ec380000,0x00000000ec380000,0x00000000ec700000)
 ParOldGen       total 68608K, used 18740K [0x00000000c0000000, 0x00000000c4300000, 0x00000000eab00000)
  object space 68608K, 27% used [0x00000000c0000000,0x00000000c124d3e0,0x00000000c4300000)
 Metaspace       used 37682K, committed 38464K, reserved 1114112K
  class space    used 3807K, committed 4160K, reserved 1048576K
}
Event: 6.270 GC heap after
{Heap after GC invocations=16 (full 2):
 PSYoungGen      total 24576K, used 2592K [0x00000000eab00000, 0x00000000ec680000, 0x0000000100000000)
  eden space 21504K, 0% used [0x00000000eab00000,0x00000000eab00000,0x00000000ec000000)
  from space 3072K, 84% used [0x00000000ec380000,0x00000000ec608010,0x00000000ec680000)
  to   space 3072K, 0% used [0x00000000ec080000,0x00000000ec080000,0x00000000ec380000)
 ParOldGen       total 68608K, used 21052K [0x00000000c0000000, 0x00000000c4300000, 0x00000000eab00000)
  object space 68608K, 30% used [0x00000000c0000000,0x00000000c148f3e0,0x00000000c4300000)
 Metaspace       used 37682K, committed 38464K, reserved 1114112K
  class space    used 3807K, committed 4160K, reserved 1048576K
}
Event: 6.657 GC heap before
{Heap before GC invocations=17 (full 2):
 PSYoungGen      total 24576K, used 24096K [0x00000000eab00000, 0x00000000ec680000, 0x0000000100000000)
  eden space 21504K, 100% used [0x00000000eab00000,0x00000000ec000000,0x00000000ec000000)
  from space 3072K, 84% used [0x00000000ec380000,0x00000000ec608010,0x00000000ec680000)
  to   space 3072K, 0% used [0x00000000ec080000,0x00000000ec080000,0x00000000ec380000)
 ParOldGen       total 68608K, used 21052K [0x00000000c0000000, 0x00000000c4300000, 0x00000000eab00000)
  object space 68608K, 30% used [0x00000000c0000000,0x00000000c148f3e0,0x00000000c4300000)
 Metaspace       used 38336K, committed 39104K, reserved 1114112K
  class space    used 3884K, committed 4224K, reserved 1048576K
}
Event: 6.662 GC heap after
{Heap after GC invocations=17 (full 2):
 PSYoungGen      total 24576K, used 3072K [0x00000000eab00000, 0x00000000ecf00000, 0x0000000100000000)
  eden space 21504K, 0% used [0x00000000eab00000,0x00000000eab00000,0x00000000ec000000)
  from space 3072K, 100% used [0x00000000ec080000,0x00000000ec380000,0x00000000ec380000)
  to   space 7680K, 0% used [0x00000000ec780000,0x00000000ec780000,0x00000000ecf00000)
 ParOldGen       total 68608K, used 24729K [0x00000000c0000000, 0x00000000c4300000, 0x00000000eab00000)
  object space 68608K, 36% used [0x00000000c0000000,0x00000000c1826410,0x00000000c4300000)
 Metaspace       used 38336K, committed 39104K, reserved 1114112K
  class space    used 3884K, committed 4224K, reserved 1048576K
}
Event: 7.206 GC heap before
{Heap before GC invocations=18 (full 2):
 PSYoungGen      total 24576K, used 24576K [0x00000000eab00000, 0x00000000ecf00000, 0x0000000100000000)
  eden space 21504K, 100% used [0x00000000eab00000,0x00000000ec000000,0x00000000ec000000)
  from space 3072K, 100% used [0x00000000ec080000,0x00000000ec380000,0x00000000ec380000)
  to   space 7680K, 0% used [0x00000000ec780000,0x00000000ec780000,0x00000000ecf00000)
 ParOldGen       total 68608K, used 24729K [0x00000000c0000000, 0x00000000c4300000, 0x00000000eab00000)
  object space 68608K, 36% used [0x00000000c0000000,0x00000000c1826410,0x00000000c4300000)
 Metaspace       used 40243K, committed 41088K, reserved 1114112K
  class space    used 4145K, committed 4480K, reserved 1048576K
}
Event: 7.211 GC heap after
{Heap after GC invocations=18 (full 2):
 PSYoungGen      total 22528K, used 920K [0x00000000eab00000, 0x00000000ec880000, 0x0000000100000000)
  eden space 21504K, 0% used [0x00000000eab00000,0x00000000eab00000,0x00000000ec000000)
  from space 1024K, 89% used [0x00000000ec780000,0x00000000ec866248,0x00000000ec880000)
  to   space 3072K, 0% used [0x00000000ec280000,0x00000000ec280000,0x00000000ec580000)
 ParOldGen       total 68608K, used 27489K [0x00000000c0000000, 0x00000000c4300000, 0x00000000eab00000)
  object space 68608K, 40% used [0x00000000c0000000,0x00000000c1ad8410,0x00000000c4300000)
 Metaspace       used 40243K, committed 41088K, reserved 1114112K
  class space    used 4145K, committed 4480K, reserved 1048576K
}
Event: 7.806 GC heap before
{Heap before GC invocations=19 (full 2):
 PSYoungGen      total 22528K, used 22424K [0x00000000eab00000, 0x00000000ec880000, 0x0000000100000000)
  eden space 21504K, 100% used [0x00000000eab00000,0x00000000ec000000,0x00000000ec000000)
  from space 1024K, 89% used [0x00000000ec780000,0x00000000ec866248,0x00000000ec880000)
  to   space 3072K, 0% used [0x00000000ec280000,0x00000000ec280000,0x00000000ec580000)
 ParOldGen       total 68608K, used 27489K [0x00000000c0000000, 0x00000000c4300000, 0x00000000eab00000)
  object space 68608K, 40% used [0x00000000c0000000,0x00000000c1ad8410,0x00000000c4300000)
 Metaspace       used 41668K, committed 42496K, reserved 1114112K
  class space    used 4277K, committed 4608K, reserved 1048576K
}
Event: 7.808 GC heap after
{Heap after GC invocations=19 (full 2):
 PSYoungGen      total 24576K, used 512K [0x00000000eab00000, 0x00000000ec800000, 0x0000000100000000)
  eden space 21504K, 0% used [0x00000000eab00000,0x00000000eab00000,0x00000000ec000000)
  from space 3072K, 16% used [0x00000000ec280000,0x00000000ec300000,0x00000000ec580000)
  to   space 1024K, 0% used [0x00000000ec700000,0x00000000ec700000,0x00000000ec800000)
 ParOldGen       total 68608K, used 28296K [0x00000000c0000000, 0x00000000c4300000, 0x00000000eab00000)
  object space 68608K, 41% used [0x00000000c0000000,0x00000000c1ba2210,0x00000000c4300000)
 Metaspace       used 41668K, committed 42496K, reserved 1114112K
  class space    used 4277K, committed 4608K, reserved 1048576K
}
Event: 7.952 GC heap before
{Heap before GC invocations=20 (full 2):
 PSYoungGen      total 24576K, used 22016K [0x00000000eab00000, 0x00000000ec800000, 0x0000000100000000)
  eden space 21504K, 100% used [0x00000000eab00000,0x00000000ec000000,0x00000000ec000000)
  from space 3072K, 16% used [0x00000000ec280000,0x00000000ec300000,0x00000000ec580000)
  to   space 1024K, 0% used [0x00000000ec700000,0x00000000ec700000,0x00000000ec800000)
 ParOldGen       total 68608K, used 28296K [0x00000000c0000000, 0x00000000c4300000, 0x00000000eab00000)
  object space 68608K, 41% used [0x00000000c0000000,0x00000000c1ba2210,0x00000000c4300000)
 Metaspace       used 41934K, committed 42816K, reserved 1114112K
  class space    used 4291K, committed 4672K, reserved 1048576K
}
Event: 7.953 GC heap after
{Heap after GC invocations=20 (full 2):
 PSYoungGen      total 22528K, used 935K [0x00000000eab00000, 0x00000000ec800000, 0x0000000100000000)
  eden space 21504K, 0% used [0x00000000eab00000,0x00000000eab00000,0x00000000ec000000)
  from space 1024K, 91% used [0x00000000ec700000,0x00000000ec7e9f90,0x00000000ec800000)
  to   space 1536K, 0% used [0x00000000ec500000,0x00000000ec500000,0x00000000ec680000)
 ParOldGen       total 68608K, used 28640K [0x00000000c0000000, 0x00000000c4300000, 0x00000000eab00000)
  object space 68608K, 41% used [0x00000000c0000000,0x00000000c1bf8210,0x00000000c4300000)
 Metaspace       used 41934K, committed 42816K, reserved 1114112K
  class space    used 4291K, committed 4672K, reserved 1048576K
}
Event: 8.468 GC heap before
{Heap before GC invocations=21 (full 2):
 PSYoungGen      total 22528K, used 22439K [0x00000000eab00000, 0x00000000ec800000, 0x0000000100000000)
  eden space 21504K, 100% used [0x00000000eab00000,0x00000000ec000000,0x00000000ec000000)
  from space 1024K, 91% used [0x00000000ec700000,0x00000000ec7e9f90,0x00000000ec800000)
  to   space 1536K, 0% used [0x00000000ec500000,0x00000000ec500000,0x00000000ec680000)
 ParOldGen       total 68608K, used 28672K [0x00000000c0000000, 0x00000000c4300000, 0x00000000eab00000)
  object space 68608K, 41% used [0x00000000c0000000,0x00000000c1c001b8,0x00000000c4300000)
 Metaspace       used 43794K, committed 44608K, reserved 1114112K
  class space    used 4448K, committed 4800K, reserved 1048576K
}
Event: 8.470 GC heap after
{Heap after GC invocations=21 (full 2):
 PSYoungGen      total 23040K, used 415K [0x00000000eab00000, 0x00000000ec780000, 0x0000000100000000)
  eden space 21504K, 0% used [0x00000000eab00000,0x00000000eab00000,0x00000000ec000000)
  from space 1536K, 27% used [0x00000000ec500000,0x00000000ec567f00,0x00000000ec680000)
  to   space 1024K, 0% used [0x00000000ec680000,0x00000000ec680000,0x00000000ec780000)
 ParOldGen       total 68608K, used 28728K [0x00000000c0000000, 0x00000000c4300000, 0x00000000eab00000)
  object space 68608K, 41% used [0x00000000c0000000,0x00000000c1c0e1b8,0x00000000c4300000)
 Metaspace       used 43794K, committed 44608K, reserved 1114112K
  class space    used 4448K, committed 4800K, reserved 1048576K
}
Event: 9.139 GC heap before
{Heap before GC invocations=22 (full 2):
 PSYoungGen      total 23040K, used 21919K [0x00000000eab00000, 0x00000000ec780000, 0x0000000100000000)
  eden space 21504K, 100% used [0x00000000eab00000,0x00000000ec000000,0x00000000ec000000)
  from space 1536K, 27% used [0x00000000ec500000,0x00000000ec567f00,0x00000000ec680000)
  to   space 1024K, 0% used [0x00000000ec680000,0x00000000ec680000,0x00000000ec780000)
 ParOldGen       total 68608K, used 28836K [0x00000000c0000000, 0x00000000c4300000, 0x00000000eab00000)
  object space 68608K, 42% used [0x00000000c0000000,0x00000000c1c29380,0x00000000c4300000)
 Metaspace       used 46778K, committed 47616K, reserved 1114112K
  class space    used 4787K, committed 5120K, reserved 1048576K
}
Event: 9.141 GC heap after
{Heap after GC invocations=22 (full 2):
 PSYoungGen      total 22528K, used 1007K [0x00000000eab00000, 0x00000000ec780000, 0x0000000100000000)
  eden space 21504K, 0% used [0x00000000eab00000,0x00000000eab00000,0x00000000ec000000)
  from space 1024K, 98% used [0x00000000ec680000,0x00000000ec77be78,0x00000000ec780000)
  to   space 1536K, 0% used [0x00000000ec480000,0x00000000ec480000,0x00000000ec600000)
 ParOldGen       total 68608K, used 29084K [0x00000000c0000000, 0x00000000c4300000, 0x00000000eab00000)
  object space 68608K, 42% used [0x00000000c0000000,0x00000000c1c67380,0x00000000c4300000)
 Metaspace       used 46778K, committed 47616K, reserved 1114112K
  class space    used 4787K, committed 5120K, reserved 1048576K
}
Event: 9.675 GC heap before
{Heap before GC invocations=23 (full 2):
 PSYoungGen      total 22528K, used 22511K [0x00000000eab00000, 0x00000000ec780000, 0x0000000100000000)
  eden space 21504K, 100% used [0x00000000eab00000,0x00000000ec000000,0x00000000ec000000)
  from space 1024K, 98% used [0x00000000ec680000,0x00000000ec77be78,0x00000000ec780000)
  to   space 1536K, 0% used [0x00000000ec480000,0x00000000ec480000,0x00000000ec600000)
 ParOldGen       total 68608K, used 29084K [0x00000000c0000000, 0x00000000c4300000, 0x00000000eab00000)
  object space 68608K, 42% used [0x00000000c0000000,0x00000000c1c67380,0x00000000c4300000)
 Metaspace       used 48164K, committed 48896K, reserved 1114112K
  class space    used 4919K, committed 5248K, reserved 1048576K
}
Event: 9.680 GC heap after
{Heap after GC invocations=23 (full 2):
 PSYoungGen      total 23040K, used 1526K [0x00000000eab00000, 0x00000000ecb00000, 0x0000000100000000)
  eden space 21504K, 0% used [0x00000000eab00000,0x00000000eab00000,0x00000000ec000000)
  from space 1536K, 99% used [0x00000000ec480000,0x00000000ec5fd9c0,0x00000000ec600000)
  to   space 5120K, 0% used [0x00000000ec600000,0x00000000ec600000,0x00000000ecb00000)
 ParOldGen       total 68608K, used 32186K [0x00000000c0000000, 0x00000000c4300000, 0x00000000eab00000)
  object space 68608K, 46% used [0x00000000c0000000,0x00000000c1f6e998,0x00000000c4300000)
 Metaspace       used 48164K, committed 48896K, reserved 1114112K
  class space    used 4919K, committed 5248K, reserved 1048576K
}

Dll operation events (10 events):
Event: 0.010 Loaded shared library c:\Users\DELL\.vscode\extensions\redhat.java-1.30.0-win32-x64\jre\17.0.10-win32-x86_64\bin\java.dll
Event: 0.119 Loaded shared library c:\Users\DELL\.vscode\extensions\redhat.java-1.30.0-win32-x64\jre\17.0.10-win32-x86_64\bin\zip.dll
Event: 0.121 Loaded shared library C:\Users\DELL\.vscode\extensions\redhat.java-1.30.0-win32-x64\jre\17.0.10-win32-x86_64\bin\instrument.dll
Event: 0.131 Loaded shared library C:\Users\DELL\.vscode\extensions\redhat.java-1.30.0-win32-x64\jre\17.0.10-win32-x86_64\bin\net.dll
Event: 0.132 Loaded shared library C:\Users\DELL\.vscode\extensions\redhat.java-1.30.0-win32-x64\jre\17.0.10-win32-x86_64\bin\nio.dll
Event: 0.137 Loaded shared library C:\Users\DELL\.vscode\extensions\redhat.java-1.30.0-win32-x64\jre\17.0.10-win32-x86_64\bin\zip.dll
Event: 0.149 Loaded shared library C:\Users\DELL\.vscode\extensions\redhat.java-1.30.0-win32-x64\jre\17.0.10-win32-x86_64\bin\jimage.dll
Event: 0.190 Loaded shared library c:\Users\DELL\.vscode\extensions\redhat.java-1.30.0-win32-x64\jre\17.0.10-win32-x86_64\bin\verify.dll
Event: 1.050 Loaded shared library C:\Users\DELL\AppData\Roaming\Code\User\globalStorage\redhat.java\1.30.0\config_ss_win\org.eclipse.equinox.launcher\org.eclipse.equinox.launcher.win32.win32.x86_64_1.2.900.v20240213-1244\eclipse_11900.dll
Event: 4.567 Loaded shared library C:\Users\DELL\AppData\Local\Temp\jna-2094529\jna747591312218017454.dll

Deoptimization events (20 events):
Event: 9.724 Thread 0x000001e06af074d0 DEOPT PACKING pc=0x000001e05a2514a0 sp=0x00000011d62fda70
Event: 9.724 Thread 0x000001e06af074d0 DEOPT UNPACKING pc=0x000001e059ab66a3 sp=0x00000011d62fd9d0 mode 2
Event: 9.856 Thread 0x000001e06af074d0 DEOPT PACKING pc=0x000001e052ea3d70 sp=0x00000011d62fe390
Event: 9.856 Thread 0x000001e06af074d0 DEOPT UNPACKING pc=0x000001e059ab6e43 sp=0x00000011d62fd820 mode 0
Event: 9.864 Thread 0x000001e06af074d0 Uncommon trap: trap_request=0xffffff45 fr.pc=0x000001e05a28ce3c relative=0x00000000000000bc
Event: 9.864 Thread 0x000001e06af074d0 Uncommon trap: reason=unstable_if action=reinterpret pc=0x000001e05a28ce3c method=java.util.Hashtable$Enumerator.nextElement()Ljava/lang/Object; @ 87 c2
Event: 9.864 Thread 0x000001e06af074d0 DEOPT PACKING pc=0x000001e05a28ce3c sp=0x00000011d62fe9a0
Event: 9.864 Thread 0x000001e06af074d0 DEOPT UNPACKING pc=0x000001e059ab66a3 sp=0x00000011d62fe8c8 mode 2
Event: 10.252 Thread 0x000001e06a6f55c0 DEOPT PACKING pc=0x000001e052ceec95 sp=0x00000011d56fe000
Event: 10.252 Thread 0x000001e06a6f55c0 DEOPT UNPACKING pc=0x000001e059ab6e43 sp=0x00000011d56fd5a0 mode 0
Event: 10.277 Thread 0x000001e06a6f55c0 Uncommon trap: trap_request=0xffffff45 fr.pc=0x000001e05a25388c relative=0x000000000000008c
Event: 10.277 Thread 0x000001e06a6f55c0 Uncommon trap: reason=unstable_if action=reinterpret pc=0x000001e05a25388c method=java.util.Hashtable$Enumerator.nextElement()Ljava/lang/Object; @ 87 c2
Event: 10.277 Thread 0x000001e06a6f55c0 DEOPT PACKING pc=0x000001e05a25388c sp=0x00000011d56fe9a0
Event: 10.277 Thread 0x000001e06a6f55c0 DEOPT UNPACKING pc=0x000001e059ab66a3 sp=0x00000011d56fe920 mode 2
Event: 10.797 Thread 0x000001e06af074d0 DEOPT PACKING pc=0x000001e052ea7a3d sp=0x00000011d62fd5f0
Event: 10.797 Thread 0x000001e06af074d0 DEOPT UNPACKING pc=0x000001e059ab6e43 sp=0x00000011d62fca00 mode 0
Event: 10.884 Thread 0x000001e06af06fc0 DEOPT PACKING pc=0x000001e052e906ad sp=0x00000011d6ffe490
Event: 10.884 Thread 0x000001e06af06fc0 DEOPT UNPACKING pc=0x000001e059ab6e43 sp=0x00000011d6ffd938 mode 0
Event: 10.907 Thread 0x000001e06af06fc0 DEOPT PACKING pc=0x000001e052e906ad sp=0x00000011d6ffe490
Event: 10.907 Thread 0x000001e06af06fc0 DEOPT UNPACKING pc=0x000001e059ab6e43 sp=0x00000011d6ffd938 mode 0

Classes unloaded (7 events):
Event: 2.042 Thread 0x000001e04f94ec70 Unloading class 0x000000010021a400 'java/lang/invoke/LambdaForm$MH+0x000000010021a400'
Event: 2.042 Thread 0x000001e04f94ec70 Unloading class 0x000000010021a000 'java/lang/invoke/LambdaForm$MH+0x000000010021a000'
Event: 2.042 Thread 0x000001e04f94ec70 Unloading class 0x0000000100219c00 'java/lang/invoke/LambdaForm$MH+0x0000000100219c00'
Event: 2.042 Thread 0x000001e04f94ec70 Unloading class 0x0000000100219800 'java/lang/invoke/LambdaForm$MH+0x0000000100219800'
Event: 2.042 Thread 0x000001e04f94ec70 Unloading class 0x0000000100219400 'java/lang/invoke/LambdaForm$BMH+0x0000000100219400'
Event: 2.042 Thread 0x000001e04f94ec70 Unloading class 0x0000000100219000 'java/lang/invoke/LambdaForm$DMH+0x0000000100219000'
Event: 2.042 Thread 0x000001e04f94ec70 Unloading class 0x0000000100214400 'java/lang/invoke/LambdaForm$DMH+0x0000000100214400'

Classes redefined (0 events):
No events

Internal exceptions (20 events):
Event: 7.043 Thread 0x000001e06af023d0 Exception <a 'java/lang/LinkageError'{0x00000000eb70eec0}: loader lombok.launch.ShadowClassLoader @370adca0 attempted duplicate class definition for lombok.launch.PatchFixesHider$Transform. (lombok.launch.PatchFixesHider$Transform is in unnamed module of loader lombok.launch.ShadowClassLoader @370adca0, parent loader org.eclipse.osgi.internal.loader.EquinoxClassLoader @25aad463)> (0x00000000eb70eec0) 
thrown [s\src\hotspot\share\classfile\systemDictionary.cpp, line 1724]
Event: 7.043 Thread 0x000001e06af05670 Exception <a 'java/lang/LinkageError'{0x00000000eb66b158}: loader lombok.launch.ShadowClassLoader @370adca0 attempted duplicate class definition for lombok.launch.PatchFixesHider$Transform. (lombok.launch.PatchFixesHider$Transform is in unnamed module of loader lombok.launch.ShadowClassLoader @370adca0, parent loader org.eclipse.osgi.internal.loader.EquinoxClassLoader @25aad463)> (0x00000000eb66b158) 
thrown [s\src\hotspot\share\classfile\systemDictionary.cpp, line 1724]
Event: 7.778 Thread 0x000001e06af023d0 Exception <a 'java/lang/LinkageError'{0x00000000ebf73f58}: loader lombok.launch.ShadowClassLoader @370adca0 attempted duplicate class definition for lombok.launch.PatchFixesHider$ValPortal. (lombok.launch.PatchFixesHider$ValPortal is in unnamed module of loader lombok.launch.ShadowClassLoader @370adca0, parent loader org.eclipse.osgi.internal.loader.EquinoxClassLoader @25aad463)> (0x00000000ebf73f58) 
thrown [s\src\hotspot\share\classfile\systemDictionary.cpp, line 1724]
Event: 7.778 Thread 0x000001e06af05670 Exception <a 'java/lang/LinkageError'{0x00000000ebf8c950}: loader lombok.launch.ShadowClassLoader @370adca0 attempted duplicate class definition for lombok.launch.PatchFixesHider$ValPortal. (lombok.launch.PatchFixesHider$ValPortal is in unnamed module of loader lombok.launch.ShadowClassLoader @370adca0, parent loader org.eclipse.osgi.internal.loader.EquinoxClassLoader @25aad463)> (0x00000000ebf8c950) 
thrown [s\src\hotspot\share\classfile\systemDictionary.cpp, line 1724]
Event: 8.716 Thread 0x000001e06af023d0 Exception <a 'java/lang/ClassNotFoundException'{0x00000000eb259b18}: sun/util/logging/resources/spi/loggingProvider> (0x00000000eb259b18) 
thrown [s\src\hotspot\share\classfile\systemDictionary.cpp, line 256]
Event: 8.928 Thread 0x000001e06af05670 Exception <a 'java/lang/ArrayIndexOutOfBoundsException'{0x00000000eb87e2b8}: Index 1669 out of bounds for length 1669> (0x00000000eb87e2b8) 
thrown [s\src\hotspot\share\interpreter\interpreterRuntime.cpp, line 428]
Event: 8.947 Thread 0x000001e06af05670 Exception <a 'java/lang/NoSuchMethodError'{0x00000000eb8ed748}: 'int java.lang.invoke.DirectMethodHandle$Holder.invokeStatic(java.lang.Object, java.lang.Object, java.lang.Object, int)'> (0x00000000eb8ed748) 
thrown [s\src\hotspot\share\interpreter\linkResolver.cpp, line 759]
Event: 8.966 Thread 0x000001e06af05670 Exception <a 'java/lang/NoSuchMethodError'{0x00000000eb98a760}: 'int java.lang.invoke.DirectMethodHandle$Holder.invokeVirtual(java.lang.Object, java.lang.Object, java.lang.Object)'> (0x00000000eb98a760) 
thrown [s\src\hotspot\share\interpreter\linkResolver.cpp, line 759]
Event: 8.971 Thread 0x000001e06af05670 Exception <a 'java/lang/NoSuchMethodError'{0x00000000eb9ab328}: 'int java.lang.invoke.DirectMethodHandle$Holder.invokeSpecialIFC(java.lang.Object, java.lang.Object, java.lang.Object)'> (0x00000000eb9ab328) 
thrown [s\src\hotspot\share\interpreter\linkResolver.cpp, line 759]
Event: 9.048 Thread 0x000001e06af05670 Exception <a 'java/io/FileNotFoundException'{0x00000000ebc4da08}> (0x00000000ebc4da08) 
thrown [s\src\hotspot\share\prims\jni.cpp, line 516]
Event: 9.048 Thread 0x000001e06af05670 Exception <a 'java/io/FileNotFoundException'{0x00000000ebc4e9f0}> (0x00000000ebc4e9f0) 
thrown [s\src\hotspot\share\prims\jni.cpp, line 516]
Event: 9.150 Thread 0x000001e06af05670 Exception <a 'java/lang/ArrayIndexOutOfBoundsException'{0x00000000eab39a78}: Index 1669 out of bounds for length 1669> (0x00000000eab39a78) 
thrown [s\src\hotspot\share\interpreter\interpreterRuntime.cpp, line 428]
Event: 9.152 Thread 0x000001e06af05670 Exception <a 'java/lang/ArrayIndexOutOfBoundsException'{0x00000000eab412e8}: Index 1669 out of bounds for length 1669> (0x00000000eab412e8) 
thrown [s\src\hotspot\share\interpreter\interpreterRuntime.cpp, line 428]
Event: 9.153 Thread 0x000001e06af05670 Exception <a 'java/lang/ArrayIndexOutOfBoundsException'{0x00000000eab41608}: Index 1670 out of bounds for length 1669> (0x00000000eab41608) 
thrown [s\src\hotspot\share\interpreter\interpreterRuntime.cpp, line 428]
Event: 9.697 Thread 0x000001e06af074d0 Exception <a 'java/lang/NoSuchMethodError'{0x00000000eabf4940}: 'int java.lang.invoke.DirectMethodHandle$Holder.invokeInterface(java.lang.Object, java.lang.Object)'> (0x00000000eabf4940) 
thrown [s\src\hotspot\share\interpreter\linkResolver.cpp, line 759]
Event: 9.697 Thread 0x000001e06af074d0 Exception <a 'java/lang/IncompatibleClassChangeError'{0x00000000eabf8150}: Found class java.lang.Object, but interface was expected> (0x00000000eabf8150) 
thrown [s\src\hotspot\share\interpreter\linkResolver.cpp, line 826]
Event: 10.301 Thread 0x000001e06a6f55c0 Exception <a 'java/io/FileNotFoundException'{0x00000000eb40ce40}> (0x00000000eb40ce40) 
thrown [s\src\hotspot\share\prims\jni.cpp, line 516]
Event: 10.301 Thread 0x000001e06a6f55c0 Exception <a 'java/io/FileNotFoundException'{0x00000000eb40de30}> (0x00000000eb40de30) 
thrown [s\src\hotspot\share\prims\jni.cpp, line 516]
Event: 10.301 Thread 0x000001e06a6f55c0 Exception <a 'java/io/FileNotFoundException'{0x00000000eb40eb90}> (0x00000000eb40eb90) 
thrown [s\src\hotspot\share\prims\jni.cpp, line 516]
Event: 10.760 Thread 0x000001e06af074d0 Exception <a 'java/lang/NoSuchMethodError'{0x00000000eb756b00}: 'void java.lang.invoke.DirectMethodHandle$Holder.invokeStatic(java.lang.Object, int, java.lang.Object)'> (0x00000000eb756b00) 
thrown [s\src\hotspot\share\interpreter\linkResolver.cpp, line 759]

VM Operations (20 events):
Event: 8.914 Executing VM operation: HandshakeAllThreads
Event: 8.914 Executing VM operation: HandshakeAllThreads done
Event: 8.922 Executing VM operation: HandshakeAllThreads
Event: 8.922 Executing VM operation: HandshakeAllThreads done
Event: 8.974 Executing VM operation: HandshakeAllThreads
Event: 8.974 Executing VM operation: HandshakeAllThreads done
Event: 9.138 Executing VM operation: ParallelGCFailedAllocation
Event: 9.141 Executing VM operation: ParallelGCFailedAllocation done
Event: 9.501 Executing VM operation: HandshakeAllThreads
Event: 9.501 Executing VM operation: HandshakeAllThreads done
Event: 9.636 Executing VM operation: ICBufferFull
Event: 9.637 Executing VM operation: ICBufferFull done
Event: 9.675 Executing VM operation: ParallelGCFailedAllocation
Event: 9.680 Executing VM operation: ParallelGCFailedAllocation done
Event: 9.719 Executing VM operation: HandshakeAllThreads
Event: 9.719 Executing VM operation: HandshakeAllThreads done
Event: 9.720 Executing VM operation: HandshakeAllThreads
Event: 9.720 Executing VM operation: HandshakeAllThreads done
Event: 10.720 Executing VM operation: Cleanup
Event: 10.720 Executing VM operation: Cleanup done

Events (20 events):
Event: 9.698 loading class java/util/stream/MatchOps$MatchKind
Event: 9.698 loading class java/util/stream/MatchOps$MatchKind done
Event: 9.698 loading class java/util/stream/MatchOps
Event: 9.698 loading class java/util/stream/MatchOps done
Event: 9.698 loading class java/util/stream/MatchOps$MatchOp
Event: 9.698 loading class java/util/stream/MatchOps$MatchOp done
Event: 9.698 loading class java/util/stream/MatchOps$BooleanTerminalSink
Event: 9.698 loading class java/util/stream/MatchOps$BooleanTerminalSink done
Event: 9.699 loading class java/util/stream/MatchOps$1MatchSink
Event: 9.699 loading class java/util/stream/MatchOps$1MatchSink done
Event: 9.714 loading class java/util/Spliterators$IntArraySpliterator
Event: 9.714 loading class java/util/Spliterators$IntArraySpliterator done
Event: 9.715 loading class java/util/stream/Nodes$IntSpinedNodeBuilder
Event: 9.715 loading class java/util/stream/SpinedBuffer$OfInt
Event: 9.717 loading class java/util/stream/SpinedBuffer$OfPrimitive
Event: 9.717 loading class java/util/stream/SpinedBuffer$OfPrimitive done
Event: 9.717 loading class java/util/stream/SpinedBuffer$OfInt done
Event: 9.719 loading class java/util/stream/Nodes$IntSpinedNodeBuilder done
Event: 10.740 loading class java/util/function/BiPredicate
Event: 10.740 loading class java/util/function/BiPredicate done


Dynamic libraries:
0x00007ff749fd0000 - 0x00007ff749fde000 	c:\Users\DELL\.vscode\extensions\redhat.java-1.30.0-win32-x64\jre\17.0.10-win32-x86_64\bin\java.exe
0x00007fff5e910000 - 0x00007fff5eb26000 	C:\Windows\SYSTEM32\ntdll.dll
0x00007fff5d7a0000 - 0x00007fff5d864000 	C:\Windows\System32\KERNEL32.DLL
0x00007fff5bfa0000 - 0x00007fff5c347000 	C:\Windows\System32\KERNELBASE.dll
0x00007fff58bc0000 - 0x00007fff58c57000 	C:\Windows\SYSTEM32\apphelp.dll
0x00007fff5c350000 - 0x00007fff5c461000 	C:\Windows\System32\ucrtbase.dll
0x00007fff4aea0000 - 0x00007fff4aeb7000 	c:\Users\DELL\.vscode\extensions\redhat.java-1.30.0-win32-x64\jre\17.0.10-win32-x86_64\bin\jli.dll
0x00007fff4ab60000 - 0x00007fff4ab7b000 	c:\Users\DELL\.vscode\extensions\redhat.java-1.30.0-win32-x64\jre\17.0.10-win32-x86_64\bin\VCRUNTIME140.dll
0x00007fff5d440000 - 0x00007fff5d5ee000 	C:\Windows\System32\USER32.dll
0x00007fff42100000 - 0x00007fff42393000 	C:\Windows\WinSxS\amd64_microsoft.windows.common-controls_6595b64144ccf1df_6.0.22621.3235_none_270f74e173860f98\COMCTL32.dll
0x00007fff5bc60000 - 0x00007fff5bc86000 	C:\Windows\System32\win32u.dll
0x00007fff5c640000 - 0x00007fff5c6e7000 	C:\Windows\System32\msvcrt.dll
0x00007fff5dae0000 - 0x00007fff5db09000 	C:\Windows\System32\GDI32.dll
0x00007fff5be00000 - 0x00007fff5bf19000 	C:\Windows\System32\gdi32full.dll
0x00007fff5c4e0000 - 0x00007fff5c57a000 	C:\Windows\System32\msvcp_win.dll
0x00007fff5dee0000 - 0x00007fff5df11000 	C:\Windows\System32\IMM32.DLL
0x00007fff58ac0000 - 0x00007fff58acc000 	c:\Users\DELL\.vscode\extensions\redhat.java-1.30.0-win32-x64\jre\17.0.10-win32-x86_64\bin\vcruntime140_1.dll
0x00007fff44390000 - 0x00007fff4441d000 	c:\Users\DELL\.vscode\extensions\redhat.java-1.30.0-win32-x64\jre\17.0.10-win32-x86_64\bin\msvcp140.dll
0x00007fff0a110000 - 0x00007fff0ad72000 	c:\Users\DELL\.vscode\extensions\redhat.java-1.30.0-win32-x64\jre\17.0.10-win32-x86_64\bin\server\jvm.dll
0x00007fff5cb00000 - 0x00007fff5cbb2000 	C:\Windows\System32\ADVAPI32.dll
0x00007fff5e790000 - 0x00007fff5e838000 	C:\Windows\System32\sechost.dll
0x00007fff5bc30000 - 0x00007fff5bc58000 	C:\Windows\System32\bcrypt.dll
0x00007fff5dda0000 - 0x00007fff5deb5000 	C:\Windows\System32\RPCRT4.dll
0x00007fff41d10000 - 0x00007fff41d19000 	C:\Windows\SYSTEM32\WSOCK32.dll
0x00007fff52640000 - 0x00007fff52674000 	C:\Windows\SYSTEM32\WINMM.dll
0x00007fff5aad0000 - 0x00007fff5ab1d000 	C:\Windows\SYSTEM32\POWRPROF.dll
0x00007fff5da60000 - 0x00007fff5dad1000 	C:\Windows\System32\WS2_32.dll
0x00007fff4ce40000 - 0x00007fff4ce4a000 	C:\Windows\SYSTEM32\VERSION.dll
0x00007fff5aab0000 - 0x00007fff5aac3000 	C:\Windows\SYSTEM32\UMPDC.dll
0x00007fff5ad60000 - 0x00007fff5ad78000 	C:\Windows\SYSTEM32\kernel.appcore.dll
0x00007fff53d70000 - 0x00007fff53d7a000 	c:\Users\DELL\.vscode\extensions\redhat.java-1.30.0-win32-x64\jre\17.0.10-win32-x86_64\bin\jimage.dll
0x00007fff59030000 - 0x00007fff59263000 	C:\Windows\SYSTEM32\DBGHELP.DLL
0x00007fff5d0b0000 - 0x00007fff5d438000 	C:\Windows\System32\combase.dll
0x00007fff5ca10000 - 0x00007fff5cae7000 	C:\Windows\System32\OLEAUT32.dll
0x00007fff4bee0000 - 0x00007fff4bf12000 	C:\Windows\SYSTEM32\dbgcore.DLL
0x00007fff5bf20000 - 0x00007fff5bf99000 	C:\Windows\System32\bcryptPrimitives.dll
0x00007fff53d30000 - 0x00007fff53d3e000 	c:\Users\DELL\.vscode\extensions\redhat.java-1.30.0-win32-x64\jre\17.0.10-win32-x86_64\bin\instrument.dll
0x00007fff45bc0000 - 0x00007fff45be5000 	c:\Users\DELL\.vscode\extensions\redhat.java-1.30.0-win32-x64\jre\17.0.10-win32-x86_64\bin\java.dll
0x00007fff44890000 - 0x00007fff448a8000 	c:\Users\DELL\.vscode\extensions\redhat.java-1.30.0-win32-x64\jre\17.0.10-win32-x86_64\bin\zip.dll
0x00007fff5df30000 - 0x00007fff5e78c000 	C:\Windows\System32\SHELL32.dll
0x00007fff59ba0000 - 0x00007fff5a499000 	C:\Windows\SYSTEM32\windows.storage.dll
0x00007fff59a60000 - 0x00007fff59b9e000 	C:\Windows\SYSTEM32\wintypes.dll
0x00007fff5c910000 - 0x00007fff5ca03000 	C:\Windows\System32\SHCORE.dll
0x00007fff5c6f0000 - 0x00007fff5c74e000 	C:\Windows\System32\shlwapi.dll
0x00007fff5bb60000 - 0x00007fff5bb81000 	C:\Windows\SYSTEM32\profapi.dll
0x00007fff44820000 - 0x00007fff44839000 	C:\Users\DELL\.vscode\extensions\redhat.java-1.30.0-win32-x64\jre\17.0.10-win32-x86_64\bin\net.dll
0x00007fff56020000 - 0x00007fff56156000 	C:\Windows\SYSTEM32\WINHTTP.dll
0x00007fff5b1d0000 - 0x00007fff5b239000 	C:\Windows\system32\mswsock.dll
0x00007fff44800000 - 0x00007fff44816000 	C:\Users\DELL\.vscode\extensions\redhat.java-1.30.0-win32-x64\jre\17.0.10-win32-x86_64\bin\nio.dll
0x00007fff50620000 - 0x00007fff50630000 	c:\Users\DELL\.vscode\extensions\redhat.java-1.30.0-win32-x64\jre\17.0.10-win32-x86_64\bin\verify.dll
0x00007fff447c0000 - 0x00007fff447fe000 	C:\Users\DELL\AppData\Roaming\Code\User\globalStorage\redhat.java\1.30.0\config_ss_win\org.eclipse.equinox.launcher\org.eclipse.equinox.launcher.win32.win32.x86_64_1.2.900.v20240213-1244\eclipse_11900.dll
0x00007fff5d5f0000 - 0x00007fff5d795000 	C:\Windows\System32\ole32.dll
0x00007fff5b430000 - 0x00007fff5b44b000 	C:\Windows\SYSTEM32\CRYPTSP.dll
0x00007fff5acc0000 - 0x00007fff5acf5000 	C:\Windows\system32\rsaenh.dll
0x00007fff5b2d0000 - 0x00007fff5b2f8000 	C:\Windows\SYSTEM32\USERENV.dll
0x00007fff5b450000 - 0x00007fff5b45c000 	C:\Windows\SYSTEM32\CRYPTBASE.dll
0x00007fff5a770000 - 0x00007fff5a79d000 	C:\Windows\SYSTEM32\IPHLPAPI.DLL
0x00007fff5da50000 - 0x00007fff5da59000 	C:\Windows\System32\NSI.dll
0x00007fff55cb0000 - 0x00007fff55cc9000 	C:\Windows\SYSTEM32\dhcpcsvc6.DLL
0x00007fff55bc0000 - 0x00007fff55bdf000 	C:\Windows\SYSTEM32\dhcpcsvc.DLL
0x00007fff5a7a0000 - 0x00007fff5a899000 	C:\Windows\SYSTEM32\DNSAPI.dll
0x00007fff3d850000 - 0x00007fff3d895000 	C:\Users\DELL\AppData\Local\Temp\jna-2094529\jna747591312218017454.dll
0x00007fff5caf0000 - 0x00007fff5caf8000 	C:\Windows\System32\PSAPI.DLL

dbghelp: loaded successfully - version: 4.0.5 - missing functions: none
symbol engine: initialized successfully - sym options: 0x614 - pdb path: .;c:\Users\DELL\.vscode\extensions\redhat.java-1.30.0-win32-x64\jre\17.0.10-win32-x86_64\bin;C:\Windows\SYSTEM32;C:\Windows\WinSxS\amd64_microsoft.windows.common-controls_6595b64144ccf1df_6.0.22621.3235_none_270f74e173860f98;c:\Users\DELL\.vscode\extensions\redhat.java-1.30.0-win32-x64\jre\17.0.10-win32-x86_64\bin\server;C:\Users\DELL\AppData\Roaming\Code\User\globalStorage\redhat.java\1.30.0\config_ss_win\org.eclipse.equinox.launcher\org.eclipse.equinox.launcher.win32.win32.x86_64_1.2.900.v20240213-1244;C:\Users\DELL\AppData\Local\Temp\jna-2094529

VM Arguments:
jvm_args: --add-modules=ALL-SYSTEM --add-opens=java.base/java.util=ALL-UNNAMED --add-opens=java.base/java.lang=ALL-UNNAMED --add-opens=java.base/sun.nio.fs=ALL-UNNAMED -Declipse.application=org.eclipse.jdt.ls.core.id1 -Dosgi.bundles.defaultStartLevel=4 -Declipse.product=org.eclipse.jdt.ls.core.product -Djava.import.generatesMetadataFilesAtProjectRoot=false -DDetectVMInstallationsJob.disabled=true -Dfile.encoding=utf8 -XX:+UseParallelGC -XX:GCTimeRatio=4 -XX:AdaptiveSizePolicyWeight=90 -Dsun.zip.disableMemoryMapping=true -Xmx1G -Xms100m -Xlog:disable -javaagent:c:\Users\DELL\.vscode\extensions\redhat.java-1.30.0-win32-x64\lombok\lombok-1.18.32.jar 
java_command: c:\Users\DELL\.vscode\extensions\redhat.java-1.30.0-win32-x64\server\plugins\org.eclipse.equinox.launcher_1.6.800.v20240330-1250.jar -configuration c:\Users\DELL\AppData\Roaming\Code\User\globalStorage\redhat.java\1.30.0\config_ss_win -data c:\Users\DELL\AppData\Roaming\Code\User\workspaceStorage\dae1452efd752c700ad62780db8628e0\redhat.java\ss_ws --pipe=\\.\pipe\lsp-afb7dc1b234b2bc077f6e1eceafc042f-sock
java_class_path (initial): c:\Users\DELL\.vscode\extensions\redhat.java-1.30.0-win32-x64\server\plugins\org.eclipse.equinox.launcher_1.6.800.v20240330-1250.jar
Launcher Type: SUN_STANDARD

[Global flags]
    uintx AdaptiveSizePolicyWeight                 = 90                                        {product} {command line}
     intx CICompilerCount                          = 4                                         {product} {ergonomic}
    uintx GCTimeRatio                              = 4                                         {product} {command line}
   size_t InitialHeapSize                          = 104857600                                 {product} {command line}
   size_t MaxHeapSize                              = 1073741824                                {product} {command line}
   size_t MaxNewSize                               = 357564416                                 {product} {ergonomic}
   size_t MinHeapDeltaBytes                        = 524288                                    {product} {ergonomic}
   size_t MinHeapSize                              = 104857600                                 {product} {command line}
   size_t NewSize                                  = 34603008                                  {product} {ergonomic}
    uintx NonNMethodCodeHeapSize                   = 5839372                                {pd product} {ergonomic}
    uintx NonProfiledCodeHeapSize                  = 122909434                              {pd product} {ergonomic}
   size_t OldSize                                  = 70254592                                  {product} {ergonomic}
    uintx ProfiledCodeHeapSize                     = 122909434                              {pd product} {ergonomic}
    uintx ReservedCodeCacheSize                    = 251658240                              {pd product} {ergonomic}
     bool SegmentedCodeCache                       = true                                      {product} {ergonomic}
   size_t SoftMaxHeapSize                          = 1073741824                             {manageable} {ergonomic}
     bool UseCompressedClassPointers               = true                           {product lp64_product} {ergonomic}
     bool UseCompressedOops                        = true                           {product lp64_product} {ergonomic}
     bool UseLargePagesIndividualAllocation        = false                                  {pd product} {ergonomic}
     bool UseParallelGC                            = true                                      {product} {command line}

Logging:
Log output configuration:
 #0: stdout all=off uptime,level,tags
 #1: stderr all=off uptime,level,tags

Environment Variables:
JAVA_HOME=C:\Users\DELL\AppData\Local\Programs\Eclipse Adoptium\jdk-17.0.8.101-hotspot\
PATH=C:\Program Files\Common Files\Oracle\Java\javapath;C:\Windows\system32;C:\Windows;C:\Windows\System32\Wbem;C:\Windows\System32\WindowsPowerShell\v1.0\;C:\Windows\System32\OpenSSH\;C:\Program Files\nodejs\;C:\Users\DELL\AppData\Local\Programs\Eclipse Adoptium\jdk-17.0.8.101-hotspot\bin;C:\Users\DELL\AppData\Local\Microsoft\WindowsApps;;C:\Users\DELL\AppData\Local\Programs\Microsoft VS Code\bin;C:\Users\DELL\AppData\Roaming\npm
USERNAME=DELL
OS=Windows_NT
PROCESSOR_IDENTIFIER=Intel64 Family 6 Model 165 Stepping 2, GenuineIntel
TMP=C:\Users\DELL\AppData\Local\Temp
TEMP=C:\Users\DELL\AppData\Local\Temp



Periodic native trim disabled


---------------  S Y S T E M  ---------------

OS:
 Windows 11 , 64 bit Build 22621 (10.0.22621.3374)
OS uptime: 1 days 4:14 hours

CPU: total 8 (initial active 8) (4 cores per cpu, 2 threads per core) family 6 model 165 stepping 2 microcode 0xf8, cx8, cmov, fxsr, ht, mmx, 3dnowpref, sse, sse2, sse3, ssse3, sse4.1, sse4.2, popcnt, lzcnt, tsc, tscinvbit, avx, avx2, aes, erms, clmul, bmi1, bmi2, adx, fma, vzeroupper, clflush, clflushopt
Processor Information for all 8 processors :
  Max Mhz: 2496, Current Mhz: 2496, Mhz Limit: 2496

Memory: 4k page, system-wide physical 7985M (176M free)
TotalPageFile size 32561M (AvailPageFile size 4M)
current process WorkingSet (physical memory assigned to process): 199M, peak: 217M
current process commit charge ("private bytes"): 282M, peak: 295M

vm_info: OpenJDK 64-Bit Server VM (17.0.10+7) for windows-amd64 JRE (17.0.10+7), built on Jan 16 2024 23:25:11 by "admin" with MS VC++ 16.10 / 16.11 (VS2019)

END.
