#
# There is insufficient memory for the Java Runtime Environment to continue.
# Native memory allocation (malloc) failed to allocate 1970160 bytes for Chunk::new
# Possible reasons:
#   The system is out of physical RAM or swap space
#   The process is running with CompressedOops enabled, and the Java Heap may be blocking the growth of the native heap
# Possible solutions:
#   Reduce memory load on the system
#   Increase physical memory or swap space
#   Check if swap backing store is full
#   Decrease Java heap size (-Xmx/-Xms)
#   Decrease number of Java threads
#   Decrease Java thread stack sizes (-Xss)
#   Set larger code cache with -XX:ReservedCodeCacheSize=
#   JVM is running with Unscaled Compressed Oops mode in which the Java heap is
#     placed in the first 4GB address space. The Java Heap base address is the
#     maximum limit for the native heap growth. Please use -XX:HeapBaseMinAddress
#     to set the Java Heap base and to place the Java Heap above 4GB virtual address.
# This output file may be truncated or incomplete.
#
#  Out of Memory Error (arena.cpp:191), pid=18268, tid=12672
#
# JRE version: OpenJDK Runtime Environment Temurin-17.0.10+7 (17.0.10+7) (build 17.0.10+7)
# Java VM: OpenJDK 64-Bit Server VM Temurin-17.0.10+7 (17.0.10+7, mixed mode, tiered, compressed oops, compressed class ptrs, parallel gc, windows-amd64)
# No core dump will be written. Minidumps are not enabled by default on client versions of Windows
#

---------------  S U M M A R Y ------------

Command Line: --add-modules=ALL-SYSTEM --add-opens=java.base/java.util=ALL-UNNAMED --add-opens=java.base/java.lang=ALL-UNNAMED --add-opens=java.base/sun.nio.fs=ALL-UNNAMED -Declipse.application=org.eclipse.jdt.ls.core.id1 -Dosgi.bundles.defaultStartLevel=4 -Declipse.product=org.eclipse.jdt.ls.core.product -Djava.import.generatesMetadataFilesAtProjectRoot=false -DDetectVMInstallationsJob.disabled=true -Dfile.encoding=utf8 -XX:+UseParallelGC -XX:GCTimeRatio=4 -XX:AdaptiveSizePolicyWeight=90 -Dsun.zip.disableMemoryMapping=true -Xmx1G -Xms100m -Xlog:disable -javaagent:c:\Users\DELL\.vscode\extensions\redhat.java-1.30.0-win32-x64\lombok\lombok-1.18.32.jar -XX:+HeapDumpOnOutOfMemoryError -XX:HeapDumpPath=c:\Users\DELL\AppData\Roaming\Code\User\workspaceStorage\dae1452efd752c700ad62780db8628e0\redhat.java -Daether.dependencyCollector.impl=bf c:\Users\DELL\.vscode\extensions\redhat.java-1.30.0-win32-x64\server\plugins\org.eclipse.equinox.launcher_1.6.800.v20240330-1250.jar -configuration c:\Users\DELL\AppData\Roaming\Code\User\globalStorage\redhat.java\1.30.0\config_win -data c:\Users\DELL\AppData\Roaming\Code\User\workspaceStorage\dae1452efd752c700ad62780db8628e0\redhat.java\jdt_ws --pipe=\\.\pipe\lsp-31295e1d27e2602245ae379d74fbe267-sock

Host: Intel(R) Core(TM) i5-10300H CPU @ 2.50GHz, 8 cores, 7G,  Windows 11 , 64 bit Build 22621 (10.0.22621.3374)
Time: Fri May  3 14:14:53 2024 India Standard Time elapsed time: 8.555194 seconds (0d 0h 0m 8s)

---------------  T H R E A D  ---------------

Current thread (0x00000264ae6ce8a0):  JavaThread "C2 CompilerThread0" daemon [_thread_in_native, id=12672, stack(0x00000095f9d00000,0x00000095f9e00000)]


Current CompileTask:
C2:   8555 5628       4       org.eclipse.osgi.internal.loader.BundleLoader::addExportedProvidersFor (167 bytes)

Stack: [0x00000095f9d00000,0x00000095f9e00000]
Native frames: (J=compiled Java code, j=interpreted, Vv=VM code, C=native code)
V  [jvm.dll+0x67d2c9]
V  [jvm.dll+0x834afa]
V  [jvm.dll+0x8365be]
V  [jvm.dll+0x836c23]
V  [jvm.dll+0x2477ff]
V  [jvm.dll+0xac514]
V  [jvm.dll+0xacb5c]
V  [jvm.dll+0x3667d7]
V  [jvm.dll+0x330bfa]
V  [jvm.dll+0x33009a]
V  [jvm.dll+0x219ef1]
V  [jvm.dll+0x219311]
V  [jvm.dll+0x1a502d]
V  [jvm.dll+0x2290de]
V  [jvm.dll+0x2272ac]
V  [jvm.dll+0x7e9bb7]
V  [jvm.dll+0x7e3fba]
V  [jvm.dll+0x67c1b5]
C  [ucrtbase.dll+0x29333]
C  [KERNEL32.DLL+0x1257d]
C  [ntdll.dll+0x5aa48]


---------------  P R O C E S S  ---------------

Threads class SMR info:
_java_thread_list=0x00000264afe7f2c0, length=36, elements={
0x000002649386ff60, 0x00000264ae6b3370, 0x00000264a9639f50, 0x00000264a964e750,
0x00000264ae6df560, 0x00000264ae6e0a90, 0x00000264ae6cdbf0, 0x00000264ae6ce8a0,
0x00000264ae6e1360, 0x00000264ae6f4440, 0x00000264ae7c3000, 0x00000264af887260,
0x00000264afe83120, 0x00000264afb974d0, 0x00000264b0232270, 0x00000264b082a080,
0x00000264b09235a0, 0x00000264b0979cf0, 0x00000264b0c72e10, 0x00000264b0c72900,
0x00000264b0c74250, 0x00000264b0c73d40, 0x00000264b0c73320, 0x00000264b0c723f0,
0x00000264b0c73830, 0x00000264b0c74c70, 0x00000264b0c714c0, 0x00000264b0c71ee0,
0x00000264b13a4bd0, 0x00000264b13a2d70, 0x00000264b13a0a00, 0x00000264b139e180,
0x00000264b139fad0, 0x00000264b139f0b0, 0x00000264b139ffe0, 0x00000264b13a0f10
}

Java Threads: ( => current thread )
  0x000002649386ff60 JavaThread "main" [_thread_blocked, id=5456, stack(0x00000095f9400000,0x00000095f9500000)]
  0x00000264ae6b3370 JavaThread "Reference Handler" daemon [_thread_blocked, id=8860, stack(0x00000095f9700000,0x00000095f9800000)]
  0x00000264a9639f50 JavaThread "Finalizer" daemon [_thread_blocked, id=19292, stack(0x00000095f9800000,0x00000095f9900000)]
  0x00000264a964e750 JavaThread "Signal Dispatcher" daemon [_thread_blocked, id=4324, stack(0x00000095f9900000,0x00000095f9a00000)]
  0x00000264ae6df560 JavaThread "Attach Listener" daemon [_thread_blocked, id=5180, stack(0x00000095f9a00000,0x00000095f9b00000)]
  0x00000264ae6e0a90 JavaThread "Service Thread" daemon [_thread_blocked, id=15368, stack(0x00000095f9b00000,0x00000095f9c00000)]
  0x00000264ae6cdbf0 JavaThread "Monitor Deflation Thread" daemon [_thread_blocked, id=10660, stack(0x00000095f9c00000,0x00000095f9d00000)]
=>0x00000264ae6ce8a0 JavaThread "C2 CompilerThread0" daemon [_thread_in_native, id=12672, stack(0x00000095f9d00000,0x00000095f9e00000)]
  0x00000264ae6e1360 JavaThread "C1 CompilerThread0" daemon [_thread_blocked, id=13660, stack(0x00000095f9e00000,0x00000095f9f00000)]
  0x00000264ae6f4440 JavaThread "Sweeper thread" daemon [_thread_blocked, id=11256, stack(0x00000095f9f00000,0x00000095fa000000)]
  0x00000264ae7c3000 JavaThread "Common-Cleaner" daemon [_thread_blocked, id=15628, stack(0x00000095fa000000,0x00000095fa100000)]
  0x00000264af887260 JavaThread "Notification Thread" daemon [_thread_blocked, id=16552, stack(0x00000095fa200000,0x00000095fa300000)]
  0x00000264afe83120 JavaThread "Active Thread: Equinox Container: 05ac9547-5952-4e83-b26f-cc508454f37c" [_thread_blocked, id=12864, stack(0x00000095fab00000,0x00000095fac00000)]
  0x00000264afb974d0 JavaThread "Framework Event Dispatcher: Equinox Container: 05ac9547-5952-4e83-b26f-cc508454f37c" daemon [_thread_blocked, id=15708, stack(0x00000095fac00000,0x00000095fad00000)]
  0x00000264b0232270 JavaThread "Start Level: Equinox Container: 05ac9547-5952-4e83-b26f-cc508454f37c" daemon [_thread_blocked, id=9264, stack(0x00000095fad00000,0x00000095fae00000)]
  0x00000264b082a080 JavaThread "Bundle File Closer" daemon [_thread_blocked, id=17200, stack(0x00000095faf00000,0x00000095fb000000)]
  0x00000264b09235a0 JavaThread "SCR Component Actor" daemon [_thread_blocked, id=14520, stack(0x00000095fa100000,0x00000095fa200000)]
  0x00000264b0979cf0 JavaThread "SCR Component Registry" daemon [_thread_blocked, id=6748, stack(0x00000095fa400000,0x00000095fa500000)]
  0x00000264b0c72e10 JavaThread "Worker-JM" [_thread_blocked, id=10528, stack(0x00000095fb000000,0x00000095fb100000)]
  0x00000264b0c72900 JavaThread "Worker-0: Initialize Workspace" [_thread_in_vm, id=13032, stack(0x00000095fb100000,0x00000095fb200000)]
  0x00000264b0c74250 JavaThread "Worker-1" [_thread_blocked, id=2124, stack(0x00000095fb200000,0x00000095fb300000)]
  0x00000264b0c73d40 JavaThread "Java indexing" daemon [_thread_blocked, id=3408, stack(0x00000095fb400000,0x00000095fb500000)]
  0x00000264b0c73320 JavaThread "Worker-2" [_thread_blocked, id=12452, stack(0x00000095fb500000,0x00000095fb600000)]
  0x00000264b0c723f0 JavaThread "JNA Cleaner" daemon [_thread_blocked, id=13716, stack(0x00000095fb300000,0x00000095fb400000)]
  0x00000264b0c73830 JavaThread "Thread-2" daemon [_thread_in_native, id=17748, stack(0x00000095fb600000,0x00000095fb700000)]
  0x00000264b0c74c70 JavaThread "Thread-3" daemon [_thread_in_native, id=12596, stack(0x00000095fb700000,0x00000095fb800000)]
  0x00000264b0c714c0 JavaThread "Thread-4" daemon [_thread_in_native, id=12576, stack(0x00000095fb800000,0x00000095fb900000)]
  0x00000264b0c71ee0 JavaThread "Thread-5" daemon [_thread_in_native, id=17400, stack(0x00000095fb900000,0x00000095fba00000)]
  0x00000264b13a4bd0 JavaThread "Thread-6" daemon [_thread_in_native, id=12480, stack(0x00000095fba00000,0x00000095fbb00000)]
  0x00000264b13a2d70 JavaThread "Thread-7" daemon [_thread_in_native, id=2272, stack(0x00000095fbb00000,0x00000095fbc00000)]
  0x00000264b13a0a00 JavaThread "Thread-8" daemon [_thread_in_native, id=12112, stack(0x00000095fbc00000,0x00000095fbd00000)]
  0x00000264b139e180 JavaThread "Thread-9" daemon [_thread_in_native, id=5312, stack(0x00000095fbd00000,0x00000095fbe00000)]
  0x00000264b139fad0 JavaThread "Thread-10" daemon [_thread_in_native, id=11300, stack(0x00000095fbe00000,0x00000095fbf00000)]
  0x00000264b139f0b0 JavaThread "pool-2-thread-1" [_thread_blocked, id=9800, stack(0x00000095fbf00000,0x00000095fc000000)]
  0x00000264b139ffe0 JavaThread "WorkspaceEventsHandler" [_thread_blocked, id=6052, stack(0x00000095fc000000,0x00000095fc100000)]
  0x00000264b13a0f10 JavaThread "pool-1-thread-1" [_thread_blocked, id=15088, stack(0x00000095fc100000,0x00000095fc200000)]

Other Threads:
  0x000002649390e9b0 VMThread "VM Thread" [stack: 0x00000095f9600000,0x00000095f9700000] [id=14912]
  0x00000264aea05f60 WatcherThread [stack: 0x00000095fa300000,0x00000095fa400000] [id=13644]
  0x0000026493883a20 GCTaskThread "GC Thread#0" [stack: 0x00000095f9500000,0x00000095f9600000] [id=16804]
  0x00000264afef09c0 GCTaskThread "GC Thread#1" [stack: 0x00000095fa500000,0x00000095fa600000] [id=3876]
  0x00000264b01c7840 GCTaskThread "GC Thread#2" [stack: 0x00000095fa600000,0x00000095fa700000] [id=5688]
  0x00000264afde89d0 GCTaskThread "GC Thread#3" [stack: 0x00000095fa700000,0x00000095fa800000] [id=11584]
  0x00000264afef0c80 GCTaskThread "GC Thread#4" [stack: 0x00000095fa800000,0x00000095fa900000] [id=12924]
  0x00000264b001c4b0 GCTaskThread "GC Thread#5" [stack: 0x00000095fa900000,0x00000095faa00000] [id=9816]
  0x00000264b001c770 GCTaskThread "GC Thread#6" [stack: 0x00000095faa00000,0x00000095fab00000] [id=10380]
  0x00000264b0211970 GCTaskThread "GC Thread#7" [stack: 0x00000095fae00000,0x00000095faf00000] [id=19148]

Threads with active compile tasks:
C2 CompilerThread0     8591 5628       4       org.eclipse.osgi.internal.loader.BundleLoader::addExportedProvidersFor (167 bytes)

VM state: not at safepoint (normal execution)

VM Mutex/Monitor currently owned by a thread: None

Heap address: 0x00000000c0000000, size: 1024 MB, Compressed Oops mode: 32-bit

CDS archive(s) not mapped
Compressed class space mapped at: 0x0000000100000000-0x0000000140000000, reserved size: 1073741824
Narrow klass base: 0x0000000000000000, Narrow klass shift: 3, Narrow klass range: 0x140000000

GC Precious Log:
 CPUs: 8 total, 8 available
 Memory: 7985M
 Large Page Support: Disabled
 NUMA Support: Disabled
 Compressed Oops: Enabled (32-bit)
 Alignments: Space 512K, Generation 512K, Heap 2M
 Heap Min Capacity: 100M
 Heap Initial Capacity: 100M
 Heap Max Capacity: 1G
 Pre-touch: Disabled
 Parallel Workers: 8

Heap:
 PSYoungGen      total 24576K, used 2974K [0x00000000eab00000, 0x00000000ec580000, 0x0000000100000000)
  eden space 22016K, 3% used [0x00000000eab00000,0x00000000eabaa408,0x00000000ec080000)
  from space 2560K, 89% used [0x00000000ec080000,0x00000000ec2bd688,0x00000000ec300000)
  to   space 2560K, 0% used [0x00000000ec300000,0x00000000ec300000,0x00000000ec580000)
 ParOldGen       total 68608K, used 20344K [0x00000000c0000000, 0x00000000c4300000, 0x00000000eab00000)
  object space 68608K, 29% used [0x00000000c0000000,0x00000000c13de2b0,0x00000000c4300000)
 Metaspace       used 51972K, committed 52992K, reserved 1114112K
  class space    used 5598K, committed 6016K, reserved 1048576K

Card table byte_map: [0x00000264a6ee0000,0x00000264a70f0000] _byte_map_base: 0x00000264a68e0000

Marking Bits: (ParMarkBitMap*) 0x00007fff0acad7d0
 Begin Bits: [0x00000264a7250000, 0x00000264a8250000)
 End Bits:   [0x00000264a8250000, 0x00000264a9250000)

Polling page: 0x0000026493910000

Metaspace:

Usage:
  Non-class:     45.29 MB used.
      Class:      5.47 MB used.
       Both:     50.75 MB used.

Virtual space:
  Non-class space:       64.00 MB reserved,      45.88 MB ( 72%) committed,  1 nodes.
      Class space:        1.00 GB reserved,       5.88 MB ( <1%) committed,  1 nodes.
             Both:        1.06 GB reserved,      51.75 MB (  5%) committed. 

Chunk freelists:
   Non-Class:  1.36 MB
       Class:  10.12 MB
        Both:  11.48 MB

MaxMetaspaceSize: unlimited
CompressedClassSpaceSize: 1.00 GB
Initial GC threshold: 21.00 MB
Current GC threshold: 58.38 MB
CDS: off
MetaspaceReclaimPolicy: balanced
 - commit_granule_bytes: 65536.
 - commit_granule_words: 8192.
 - virtual_space_node_default_size: 8388608.
 - enlarge_chunks_in_place: 1.
 - new_chunks_are_fully_committed: 0.
 - uncommit_free_chunks: 1.
 - use_allocation_guard: 0.
 - handle_deallocations: 1.


Internal statistics:

num_allocs_failed_limit: 6.
num_arena_births: 546.
num_arena_deaths: 14.
num_vsnodes_births: 2.
num_vsnodes_deaths: 0.
num_space_committed: 828.
num_space_uncommitted: 0.
num_chunks_returned_to_freelist: 20.
num_chunks_taken_from_freelist: 2432.
num_chunk_merges: 11.
num_chunk_splits: 1553.
num_chunks_enlarged: 983.
num_inconsistent_stats: 0.

CodeHeap 'non-profiled nmethods': size=120000Kb used=2060Kb max_used=2318Kb free=117939Kb
 bounds [0x000002649f7d0000, 0x000002649fa40000, 0x00000264a6d00000]
CodeHeap 'profiled nmethods': size=120000Kb used=9981Kb max_used=11150Kb free=110018Kb
 bounds [0x0000026497d00000, 0x00000264987f0000, 0x000002649f230000]
CodeHeap 'non-nmethods': size=5760Kb used=1300Kb max_used=1373Kb free=4459Kb
 bounds [0x000002649f230000, 0x000002649f4a0000, 0x000002649f7d0000]
 total_blobs=5680 nmethods=5045 adapters=548
 compilation: enabled
              stopped_count=0, restarted_count=0
 full_count=0

Compilation events (20 events):
Event: 8.537 Thread 0x00000264ae6e1360 5892       3       jdk.internal.jrtfs.JrtPath::newDirectoryStream (10 bytes)
Event: 8.537 Thread 0x00000264ae6e1360 nmethod 5892 0x00000264980c9a10 code [0x00000264980c9bc0, 0x00000264980c9d68]
Event: 8.537 Thread 0x00000264ae6e1360 5893       3       jdk.internal.jrtfs.JrtDirectoryStream::<init> (39 bytes)
Event: 8.537 Thread 0x00000264ae6e1360 nmethod 5893 0x00000264981db210 code [0x00000264981db420, 0x00000264981dbaf8]
Event: 8.537 Thread 0x00000264ae6e1360 5894       3       jdk.internal.jrtfs.JrtFileSystem::isDirectory (33 bytes)
Event: 8.537 Thread 0x00000264ae6e1360 nmethod 5894 0x00000264981da990 code [0x00000264981dab80, 0x00000264981db048]
Event: 8.538 Thread 0x00000264ae6e1360 5895  s!   3       jdk.internal.jrtfs.JrtDirectoryStream::iterator (76 bytes)
Event: 8.538 Thread 0x00000264ae6e1360 nmethod 5895 0x000002649854b390 code [0x000002649854b5a0, 0x000002649854bc18]
Event: 8.538 Thread 0x00000264ae6e1360 5896       3       jdk.internal.jrtfs.JrtFileSystem::iteratorOf (98 bytes)
Event: 8.540 Thread 0x00000264ae6e1360 nmethod 5896 0x00000264984b2990 code [0x00000264984b2d80, 0x00000264984b4a98]
Event: 8.540 Thread 0x00000264ae6e1360 5901       3       jdk.internal.jrtfs.JrtDirectoryStream$1::<init> (10 bytes)
Event: 8.540 Thread 0x00000264ae6e1360 nmethod 5901 0x00000264984b2510 code [0x00000264984b26a0, 0x00000264984b2818]
Event: 8.540 Thread 0x00000264ae6e1360 5902       3       jdk.internal.jrtfs.JrtFileAttributes::fileKey (9 bytes)
Event: 8.540 Thread 0x00000264ae6e1360 nmethod 5902 0x00000264980c9510 code [0x00000264980c96c0, 0x00000264980c9888]
Event: 8.540 Thread 0x00000264ae6e1360 5903       3       org.eclipse.jdt.internal.compiler.util.JRTUtil$AbstractFileVisitor::preVisitDirectory (4 bytes)
Event: 8.540 Thread 0x00000264ae6e1360 nmethod 5903 0x00000264981da610 code [0x00000264981da7a0, 0x00000264981da8b8]
Event: 8.542 Thread 0x00000264ae6e1360 5905       3       jdk.internal.jimage.ImageReader$SharedImageReader$$Lambda$377/0x00000001005d5718::visit (13 bytes)
Event: 8.543 Thread 0x00000264ae6e1360 nmethod 5905 0x00000264981da190 code [0x00000264981da340, 0x00000264981da488]
Event: 8.543 Thread 0x00000264ae6e1360 5906       3       jdk.internal.jimage.ImageReader$SharedImageReader::lambda$handleModulesSubTree$1 (43 bytes)
Event: 8.543 Thread 0x00000264ae6e1360 nmethod 5906 0x000002649854a910 code [0x000002649854ab40, 0x000002649854b0b8]

GC Heap History (20 events):
Event: 4.335 GC heap before
{Heap before GC invocations=9 (full 1):
 PSYoungGen      total 27136K, used 27110K [0x00000000eab00000, 0x00000000eca00000, 0x0000000100000000)
  eden space 24576K, 100% used [0x00000000eab00000,0x00000000ec300000,0x00000000ec300000)
  from space 2560K, 99% used [0x00000000ec580000,0x00000000ec7f9a00,0x00000000ec800000)
  to   space 2048K, 0% used [0x00000000ec800000,0x00000000ec800000,0x00000000eca00000)
 ParOldGen       total 68608K, used 10732K [0x00000000c0000000, 0x00000000c4300000, 0x00000000eab00000)
  object space 68608K, 15% used [0x00000000c0000000,0x00000000c0a7b3b8,0x00000000c4300000)
 Metaspace       used 30102K, committed 30656K, reserved 1114112K
  class space    used 2974K, committed 3200K, reserved 1048576K
}
Event: 4.337 GC heap after
{Heap after GC invocations=9 (full 1):
 PSYoungGen      total 26112K, used 2020K [0x00000000eab00000, 0x00000000eca00000, 0x0000000100000000)
  eden space 24064K, 0% used [0x00000000eab00000,0x00000000eab00000,0x00000000ec280000)
  from space 2048K, 98% used [0x00000000ec800000,0x00000000ec9f9220,0x00000000eca00000)
  to   space 3072K, 0% used [0x00000000ec400000,0x00000000ec400000,0x00000000ec700000)
 ParOldGen       total 68608K, used 11300K [0x00000000c0000000, 0x00000000c4300000, 0x00000000eab00000)
  object space 68608K, 16% used [0x00000000c0000000,0x00000000c0b093d8,0x00000000c4300000)
 Metaspace       used 30102K, committed 30656K, reserved 1114112K
  class space    used 2974K, committed 3200K, reserved 1048576K
}
Event: 4.594 GC heap before
{Heap before GC invocations=10 (full 1):
 PSYoungGen      total 26112K, used 26084K [0x00000000eab00000, 0x00000000eca00000, 0x0000000100000000)
  eden space 24064K, 100% used [0x00000000eab00000,0x00000000ec280000,0x00000000ec280000)
  from space 2048K, 98% used [0x00000000ec800000,0x00000000ec9f9220,0x00000000eca00000)
  to   space 3072K, 0% used [0x00000000ec400000,0x00000000ec400000,0x00000000ec700000)
 ParOldGen       total 68608K, used 11300K [0x00000000c0000000, 0x00000000c4300000, 0x00000000eab00000)
  object space 68608K, 16% used [0x00000000c0000000,0x00000000c0b093d8,0x00000000c4300000)
 Metaspace       used 31990K, committed 32640K, reserved 1114112K
  class space    used 3112K, committed 3392K, reserved 1048576K
}
Event: 4.596 GC heap after
{Heap after GC invocations=10 (full 1):
 PSYoungGen      total 26624K, used 2635K [0x00000000eab00000, 0x00000000ec880000, 0x0000000100000000)
  eden space 23552K, 0% used [0x00000000eab00000,0x00000000eab00000,0x00000000ec200000)
  from space 3072K, 85% used [0x00000000ec400000,0x00000000ec692d40,0x00000000ec700000)
  to   space 1536K, 0% used [0x00000000ec700000,0x00000000ec700000,0x00000000ec880000)
 ParOldGen       total 68608K, used 12730K [0x00000000c0000000, 0x00000000c4300000, 0x00000000eab00000)
  object space 68608K, 18% used [0x00000000c0000000,0x00000000c0c6e908,0x00000000c4300000)
 Metaspace       used 31990K, committed 32640K, reserved 1114112K
  class space    used 3112K, committed 3392K, reserved 1048576K
}
Event: 5.189 GC heap before
{Heap before GC invocations=11 (full 1):
 PSYoungGen      total 26624K, used 24182K [0x00000000eab00000, 0x00000000ec880000, 0x0000000100000000)
  eden space 23552K, 91% used [0x00000000eab00000,0x00000000ec00ad40,0x00000000ec200000)
  from space 3072K, 85% used [0x00000000ec400000,0x00000000ec692d40,0x00000000ec700000)
  to   space 1536K, 0% used [0x00000000ec700000,0x00000000ec700000,0x00000000ec880000)
 ParOldGen       total 68608K, used 12730K [0x00000000c0000000, 0x00000000c4300000, 0x00000000eab00000)
  object space 68608K, 18% used [0x00000000c0000000,0x00000000c0c6e908,0x00000000c4300000)
 Metaspace       used 35069K, committed 35840K, reserved 1114112K
  class space    used 3436K, committed 3776K, reserved 1048576K
}
Event: 5.191 GC heap after
{Heap after GC invocations=11 (full 1):
 PSYoungGen      total 25088K, used 1519K [0x00000000eab00000, 0x00000000eca00000, 0x0000000100000000)
  eden space 23552K, 0% used [0x00000000eab00000,0x00000000eab00000,0x00000000ec200000)
  from space 1536K, 98% used [0x00000000ec700000,0x00000000ec87bf08,0x00000000ec880000)
  to   space 4096K, 0% used [0x00000000ec200000,0x00000000ec200000,0x00000000ec600000)
 ParOldGen       total 68608K, used 14983K [0x00000000c0000000, 0x00000000c4300000, 0x00000000eab00000)
  object space 68608K, 21% used [0x00000000c0000000,0x00000000c0ea1f98,0x00000000c4300000)
 Metaspace       used 35069K, committed 35840K, reserved 1114112K
  class space    used 3436K, committed 3776K, reserved 1048576K
}
Event: 5.191 GC heap before
{Heap before GC invocations=12 (full 2):
 PSYoungGen      total 25088K, used 1519K [0x00000000eab00000, 0x00000000eca00000, 0x0000000100000000)
  eden space 23552K, 0% used [0x00000000eab00000,0x00000000eab00000,0x00000000ec200000)
  from space 1536K, 98% used [0x00000000ec700000,0x00000000ec87bf08,0x00000000ec880000)
  to   space 4096K, 0% used [0x00000000ec200000,0x00000000ec200000,0x00000000ec600000)
 ParOldGen       total 68608K, used 14983K [0x00000000c0000000, 0x00000000c4300000, 0x00000000eab00000)
  object space 68608K, 21% used [0x00000000c0000000,0x00000000c0ea1f98,0x00000000c4300000)
 Metaspace       used 35069K, committed 35840K, reserved 1114112K
  class space    used 3436K, committed 3776K, reserved 1048576K
}
Event: 5.225 GC heap after
{Heap after GC invocations=12 (full 2):
 PSYoungGen      total 25088K, used 0K [0x00000000eab00000, 0x00000000eca00000, 0x0000000100000000)
  eden space 23552K, 0% used [0x00000000eab00000,0x00000000eab00000,0x00000000ec200000)
  from space 1536K, 0% used [0x00000000ec700000,0x00000000ec700000,0x00000000ec880000)
  to   space 4096K, 0% used [0x00000000ec200000,0x00000000ec200000,0x00000000ec600000)
 ParOldGen       total 68608K, used 15066K [0x00000000c0000000, 0x00000000c4300000, 0x00000000eab00000)
  object space 68608K, 21% used [0x00000000c0000000,0x00000000c0eb6838,0x00000000c4300000)
 Metaspace       used 35069K, committed 35840K, reserved 1114112K
  class space    used 3436K, committed 3776K, reserved 1048576K
}
Event: 6.022 GC heap before
{Heap before GC invocations=13 (full 2):
 PSYoungGen      total 25088K, used 23552K [0x00000000eab00000, 0x00000000eca00000, 0x0000000100000000)
  eden space 23552K, 100% used [0x00000000eab00000,0x00000000ec200000,0x00000000ec200000)
  from space 1536K, 0% used [0x00000000ec700000,0x00000000ec700000,0x00000000ec880000)
  to   space 4096K, 0% used [0x00000000ec200000,0x00000000ec200000,0x00000000ec600000)
 ParOldGen       total 68608K, used 15066K [0x00000000c0000000, 0x00000000c4300000, 0x00000000eab00000)
  object space 68608K, 21% used [0x00000000c0000000,0x00000000c0eb6838,0x00000000c4300000)
 Metaspace       used 38397K, committed 39232K, reserved 1114112K
  class space    used 3857K, committed 4224K, reserved 1048576K
}
Event: 6.024 GC heap after
{Heap after GC invocations=13 (full 2):
 PSYoungGen      total 24576K, used 1033K [0x00000000eab00000, 0x00000000ec780000, 0x0000000100000000)
  eden space 23040K, 0% used [0x00000000eab00000,0x00000000eab00000,0x00000000ec180000)
  from space 1536K, 67% used [0x00000000ec200000,0x00000000ec302628,0x00000000ec380000)
  to   space 2048K, 0% used [0x00000000ec580000,0x00000000ec580000,0x00000000ec780000)
 ParOldGen       total 68608K, used 15074K [0x00000000c0000000, 0x00000000c4300000, 0x00000000eab00000)
  object space 68608K, 21% used [0x00000000c0000000,0x00000000c0eb8838,0x00000000c4300000)
 Metaspace       used 38397K, committed 39232K, reserved 1114112K
  class space    used 3857K, committed 4224K, reserved 1048576K
}
Event: 6.235 GC heap before
{Heap before GC invocations=14 (full 2):
 PSYoungGen      total 24576K, used 24073K [0x00000000eab00000, 0x00000000ec780000, 0x0000000100000000)
  eden space 23040K, 100% used [0x00000000eab00000,0x00000000ec180000,0x00000000ec180000)
  from space 1536K, 67% used [0x00000000ec200000,0x00000000ec302628,0x00000000ec380000)
  to   space 2048K, 0% used [0x00000000ec580000,0x00000000ec580000,0x00000000ec780000)
 ParOldGen       total 68608K, used 15074K [0x00000000c0000000, 0x00000000c4300000, 0x00000000eab00000)
  object space 68608K, 21% used [0x00000000c0000000,0x00000000c0eb8838,0x00000000c4300000)
 Metaspace       used 40817K, committed 41664K, reserved 1114112K
  class space    used 4209K, committed 4544K, reserved 1048576K
}
Event: 6.238 GC heap after
{Heap after GC invocations=14 (full 2):
 PSYoungGen      total 23552K, used 829K [0x00000000eab00000, 0x00000000ec680000, 0x0000000100000000)
  eden space 22528K, 0% used [0x00000000eab00000,0x00000000eab00000,0x00000000ec100000)
  from space 1024K, 81% used [0x00000000ec580000,0x00000000ec64f678,0x00000000ec680000)
  to   space 1536K, 0% used [0x00000000ec380000,0x00000000ec380000,0x00000000ec500000)
 ParOldGen       total 68608K, used 15965K [0x00000000c0000000, 0x00000000c4300000, 0x00000000eab00000)
  object space 68608K, 23% used [0x00000000c0000000,0x00000000c0f97718,0x00000000c4300000)
 Metaspace       used 40817K, committed 41664K, reserved 1114112K
  class space    used 4209K, committed 4544K, reserved 1048576K
}
Event: 6.436 GC heap before
{Heap before GC invocations=15 (full 2):
 PSYoungGen      total 23552K, used 23357K [0x00000000eab00000, 0x00000000ec680000, 0x0000000100000000)
  eden space 22528K, 100% used [0x00000000eab00000,0x00000000ec100000,0x00000000ec100000)
  from space 1024K, 81% used [0x00000000ec580000,0x00000000ec64f678,0x00000000ec680000)
  to   space 1536K, 0% used [0x00000000ec380000,0x00000000ec380000,0x00000000ec500000)
 ParOldGen       total 68608K, used 15965K [0x00000000c0000000, 0x00000000c4300000, 0x00000000eab00000)
  object space 68608K, 23% used [0x00000000c0000000,0x00000000c0f97718,0x00000000c4300000)
 Metaspace       used 42602K, committed 43456K, reserved 1114112K
  class space    used 4425K, committed 4800K, reserved 1048576K
}
Event: 6.438 GC heap after
{Heap after GC invocations=15 (full 2):
 PSYoungGen      total 23552K, used 1408K [0x00000000eab00000, 0x00000000ec600000, 0x0000000100000000)
  eden space 22016K, 0% used [0x00000000eab00000,0x00000000eab00000,0x00000000ec080000)
  from space 1536K, 91% used [0x00000000ec380000,0x00000000ec4e0000,0x00000000ec500000)
  to   space 1024K, 0% used [0x00000000ec500000,0x00000000ec500000,0x00000000ec600000)
 ParOldGen       total 68608K, used 16557K [0x00000000c0000000, 0x00000000c4300000, 0x00000000eab00000)
  object space 68608K, 24% used [0x00000000c0000000,0x00000000c102b718,0x00000000c4300000)
 Metaspace       used 42602K, committed 43456K, reserved 1114112K
  class space    used 4425K, committed 4800K, reserved 1048576K
}
Event: 6.774 GC heap before
{Heap before GC invocations=16 (full 2):
 PSYoungGen      total 23552K, used 23424K [0x00000000eab00000, 0x00000000ec600000, 0x0000000100000000)
  eden space 22016K, 100% used [0x00000000eab00000,0x00000000ec080000,0x00000000ec080000)
  from space 1536K, 91% used [0x00000000ec380000,0x00000000ec4e0000,0x00000000ec500000)
  to   space 1024K, 0% used [0x00000000ec500000,0x00000000ec500000,0x00000000ec600000)
 ParOldGen       total 68608K, used 16557K [0x00000000c0000000, 0x00000000c4300000, 0x00000000eab00000)
  object space 68608K, 24% used [0x00000000c0000000,0x00000000c102b718,0x00000000c4300000)
 Metaspace       used 44507K, committed 45504K, reserved 1114112K
  class space    used 4656K, committed 5056K, reserved 1048576K
}
Event: 6.776 GC heap after
{Heap after GC invocations=16 (full 2):
 PSYoungGen      total 23040K, used 704K [0x00000000eab00000, 0x00000000ec600000, 0x0000000100000000)
  eden space 22016K, 0% used [0x00000000eab00000,0x00000000eab00000,0x00000000ec080000)
  from space 1024K, 68% used [0x00000000ec500000,0x00000000ec5b0000,0x00000000ec600000)
  to   space 1024K, 0% used [0x00000000ec400000,0x00000000ec400000,0x00000000ec500000)
 ParOldGen       total 68608K, used 17236K [0x00000000c0000000, 0x00000000c4300000, 0x00000000eab00000)
  object space 68608K, 25% used [0x00000000c0000000,0x00000000c10d51f8,0x00000000c4300000)
 Metaspace       used 44507K, committed 45504K, reserved 1114112K
  class space    used 4656K, committed 5056K, reserved 1048576K
}
Event: 7.263 GC heap before
{Heap before GC invocations=17 (full 2):
 PSYoungGen      total 23040K, used 22720K [0x00000000eab00000, 0x00000000ec600000, 0x0000000100000000)
  eden space 22016K, 100% used [0x00000000eab00000,0x00000000ec080000,0x00000000ec080000)
  from space 1024K, 68% used [0x00000000ec500000,0x00000000ec5b0000,0x00000000ec600000)
  to   space 1024K, 0% used [0x00000000ec400000,0x00000000ec400000,0x00000000ec500000)
 ParOldGen       total 68608K, used 17236K [0x00000000c0000000, 0x00000000c4300000, 0x00000000eab00000)
  object space 68608K, 25% used [0x00000000c0000000,0x00000000c10d51f8,0x00000000c4300000)
 Metaspace       used 47109K, committed 48064K, reserved 1114112K
  class space    used 4997K, committed 5376K, reserved 1048576K
}
Event: 7.266 GC heap after
{Heap after GC invocations=17 (full 2):
 PSYoungGen      total 23040K, used 1024K [0x00000000eab00000, 0x00000000ec580000, 0x0000000100000000)
  eden space 22016K, 0% used [0x00000000eab00000,0x00000000eab00000,0x00000000ec080000)
  from space 1024K, 100% used [0x00000000ec400000,0x00000000ec500000,0x00000000ec500000)
  to   space 512K, 0% used [0x00000000ec500000,0x00000000ec500000,0x00000000ec580000)
 ParOldGen       total 68608K, used 17828K [0x00000000c0000000, 0x00000000c4300000, 0x00000000eab00000)
  object space 68608K, 25% used [0x00000000c0000000,0x00000000c11691f8,0x00000000c4300000)
 Metaspace       used 47109K, committed 48064K, reserved 1114112K
  class space    used 4997K, committed 5376K, reserved 1048576K
}
Event: 8.066 GC heap before
{Heap before GC invocations=18 (full 2):
 PSYoungGen      total 23040K, used 23036K [0x00000000eab00000, 0x00000000ec580000, 0x0000000100000000)
  eden space 22016K, 99% used [0x00000000eab00000,0x00000000ec07f198,0x00000000ec080000)
  from space 1024K, 100% used [0x00000000ec400000,0x00000000ec500000,0x00000000ec500000)
  to   space 512K, 0% used [0x00000000ec500000,0x00000000ec500000,0x00000000ec580000)
 ParOldGen       total 68608K, used 17828K [0x00000000c0000000, 0x00000000c4300000, 0x00000000eab00000)
  object space 68608K, 25% used [0x00000000c0000000,0x00000000c11691f8,0x00000000c4300000)
 Metaspace       used 49591K, committed 50496K, reserved 1114112K
  class space    used 5340K, committed 5696K, reserved 1048576K
}
Event: 8.069 GC heap after
{Heap after GC invocations=18 (full 2):
 PSYoungGen      total 22528K, used 502K [0x00000000eab00000, 0x00000000ec680000, 0x0000000100000000)
  eden space 22016K, 0% used [0x00000000eab00000,0x00000000eab00000,0x00000000ec080000)
  from space 512K, 98% used [0x00000000ec500000,0x00000000ec57d998,0x00000000ec580000)
  to   space 3072K, 0% used [0x00000000ec080000,0x00000000ec080000,0x00000000ec380000)
 ParOldGen       total 68608K, used 19814K [0x00000000c0000000, 0x00000000c4300000, 0x00000000eab00000)
  object space 68608K, 28% used [0x00000000c0000000,0x00000000c1359830,0x00000000c4300000)
 Metaspace       used 49591K, committed 50496K, reserved 1114112K
  class space    used 5340K, committed 5696K, reserved 1048576K
}

Dll operation events (10 events):
Event: 0.020 Loaded shared library c:\Users\DELL\.vscode\extensions\redhat.java-1.30.0-win32-x64\jre\17.0.10-win32-x86_64\bin\java.dll
Event: 0.176 Loaded shared library c:\Users\DELL\.vscode\extensions\redhat.java-1.30.0-win32-x64\jre\17.0.10-win32-x86_64\bin\zip.dll
Event: 0.179 Loaded shared library C:\Users\DELL\.vscode\extensions\redhat.java-1.30.0-win32-x64\jre\17.0.10-win32-x86_64\bin\instrument.dll
Event: 0.192 Loaded shared library C:\Users\DELL\.vscode\extensions\redhat.java-1.30.0-win32-x64\jre\17.0.10-win32-x86_64\bin\net.dll
Event: 0.195 Loaded shared library C:\Users\DELL\.vscode\extensions\redhat.java-1.30.0-win32-x64\jre\17.0.10-win32-x86_64\bin\nio.dll
Event: 0.201 Loaded shared library C:\Users\DELL\.vscode\extensions\redhat.java-1.30.0-win32-x64\jre\17.0.10-win32-x86_64\bin\zip.dll
Event: 0.219 Loaded shared library C:\Users\DELL\.vscode\extensions\redhat.java-1.30.0-win32-x64\jre\17.0.10-win32-x86_64\bin\jimage.dll
Event: 0.275 Loaded shared library c:\Users\DELL\.vscode\extensions\redhat.java-1.30.0-win32-x64\jre\17.0.10-win32-x86_64\bin\verify.dll
Event: 1.362 Loaded shared library C:\Users\DELL\AppData\Roaming\Code\User\globalStorage\redhat.java\1.30.0\config_win\org.eclipse.equinox.launcher\org.eclipse.equinox.launcher.win32.win32.x86_64_1.2.900.v20240213-1244\eclipse_11900.dll
Event: 5.787 Loaded shared library C:\Users\DELL\AppData\Local\Temp\jna-2094529\jna17702837398186551175.dll

Deoptimization events (20 events):
Event: 7.835 Thread 0x00000264b0c72900 DEOPT PACKING pc=0x000002649f917cdc sp=0x00000095fb1fdb70
Event: 7.835 Thread 0x00000264b0c72900 DEOPT UNPACKING pc=0x000002649f2866a3 sp=0x00000095fb1fdaf0 mode 2
Event: 7.841 Thread 0x00000264b0c74250 Uncommon trap: trap_request=0xffffff45 fr.pc=0x000002649f99b6b0 relative=0x00000000000070d0
Event: 7.841 Thread 0x00000264b0c74250 Uncommon trap: reason=unstable_if action=reinterpret pc=0x000002649f99b6b0 method=java.util.concurrent.locks.ReentrantLock$Sync.lock()V @ 4 c2
Event: 7.841 Thread 0x00000264b0c74250 DEOPT PACKING pc=0x000002649f99b6b0 sp=0x00000095fb2fdf00
Event: 7.841 Thread 0x00000264b0c74250 DEOPT UNPACKING pc=0x000002649f2866a3 sp=0x00000095fb2fdd08 mode 2
Event: 8.097 Thread 0x00000264b13a0f10 Uncommon trap: trap_request=0xffffff45 fr.pc=0x000002649f8eb76c relative=0x00000000000001cc
Event: 8.097 Thread 0x00000264b13a0f10 Uncommon trap: reason=unstable_if action=reinterpret pc=0x000002649f8eb76c method=java.net.URI$Parser.scan(IIJJ)I @ 42 c2
Event: 8.097 Thread 0x00000264b13a0f10 DEOPT PACKING pc=0x000002649f8eb76c sp=0x00000095fc1fd960
Event: 8.097 Thread 0x00000264b13a0f10 DEOPT UNPACKING pc=0x000002649f2866a3 sp=0x00000095fc1fd8e0 mode 2
Event: 8.097 Thread 0x00000264b13a0f10 Uncommon trap: trap_request=0xffffff45 fr.pc=0x000002649f9da208 relative=0x0000000000000148
Event: 8.097 Thread 0x00000264b13a0f10 Uncommon trap: reason=unstable_if action=reinterpret pc=0x000002649f9da208 method=java.nio.charset.CharsetDecoder.decode(Ljava/nio/ByteBuffer;Ljava/nio/CharBuffer;Z)Ljava/nio/charset/CoderResult; @ 1 c2
Event: 8.097 Thread 0x00000264b13a0f10 DEOPT PACKING pc=0x000002649f9da208 sp=0x00000095fc1fdb50
Event: 8.097 Thread 0x00000264b13a0f10 DEOPT UNPACKING pc=0x000002649f2866a3 sp=0x00000095fc1fdb08 mode 2
Event: 8.179 Thread 0x00000264b13a0f10 DEOPT PACKING pc=0x00000264982541ce sp=0x00000095fc1fd4d0
Event: 8.179 Thread 0x00000264b13a0f10 DEOPT UNPACKING pc=0x000002649f286e43 sp=0x00000095fc1fc9e0 mode 0
Event: 8.204 Thread 0x00000264b13a0f10 Uncommon trap: trap_request=0xffffff45 fr.pc=0x000002649f80a100 relative=0x00000000000004c0
Event: 8.204 Thread 0x00000264b13a0f10 Uncommon trap: reason=unstable_if action=reinterpret pc=0x000002649f80a100 method=java.util.HashMap$HashIterator.<init>(Ljava/util/HashMap;)V @ 45 c2
Event: 8.204 Thread 0x00000264b13a0f10 DEOPT PACKING pc=0x000002649f80a100 sp=0x00000095fc1fdcf0
Event: 8.204 Thread 0x00000264b13a0f10 DEOPT UNPACKING pc=0x000002649f2866a3 sp=0x00000095fc1fdb60 mode 2

Classes unloaded (7 events):
Event: 3.162 Thread 0x000002649390e9b0 Unloading class 0x000000010024c400 'java/lang/invoke/LambdaForm$MH+0x000000010024c400'
Event: 3.162 Thread 0x000002649390e9b0 Unloading class 0x000000010024c000 'java/lang/invoke/LambdaForm$MH+0x000000010024c000'
Event: 3.162 Thread 0x000002649390e9b0 Unloading class 0x000000010024bc00 'java/lang/invoke/LambdaForm$MH+0x000000010024bc00'
Event: 3.162 Thread 0x000002649390e9b0 Unloading class 0x000000010024b800 'java/lang/invoke/LambdaForm$MH+0x000000010024b800'
Event: 3.162 Thread 0x000002649390e9b0 Unloading class 0x000000010024b400 'java/lang/invoke/LambdaForm$BMH+0x000000010024b400'
Event: 3.162 Thread 0x000002649390e9b0 Unloading class 0x000000010024b000 'java/lang/invoke/LambdaForm$DMH+0x000000010024b000'
Event: 3.162 Thread 0x000002649390e9b0 Unloading class 0x0000000100248400 'java/lang/invoke/LambdaForm$DMH+0x0000000100248400'

Classes redefined (0 events):
No events

Internal exceptions (20 events):
Event: 5.878 Thread 0x00000264b0232270 Exception <a 'java/lang/UnsatisfiedLinkError'{0x00000000eb9eecc0}: The specified procedure could not be found.
> (0x00000000eb9eecc0) 
thrown [s\src\hotspot\share\prims\jni.cpp, line 535]
Event: 6.018 Thread 0x000002649386ff60 Exception <a 'java/lang/NoSuchMethodError'{0x00000000ec18eb50}: 'java.lang.Object java.lang.invoke.DirectMethodHandle$Holder.invokeStatic(java.lang.Object, java.lang.Object, long, java.lang.Object)'> (0x00000000ec18eb50) 
thrown [s\src\hotspot\share\interpreter\linkResolver.cpp, line 759]
Event: 6.018 Thread 0x000002649386ff60 Exception <a 'java/lang/NoSuchMethodError'{0x00000000ec192848}: 'java.lang.Object java.lang.invoke.DirectMethodHandle$Holder.invokeStaticInit(java.lang.Object, java.lang.Object, long, java.lang.Object)'> (0x00000000ec192848) 
thrown [s\src\hotspot\share\interpreter\linkResolver.cpp, line 759]
Event: 6.019 Thread 0x000002649386ff60 Exception <a 'java/lang/NoSuchMethodError'{0x00000000ec1990a8}: 'java.lang.Object java.lang.invoke.DirectMethodHandle$Holder.newInvokeSpecial(java.lang.Object, java.lang.Object, long)'> (0x00000000ec1990a8) 
thrown [s\src\hotspot\share\interpreter\linkResolver.cpp, line 759]
Event: 6.025 Thread 0x00000264b0c72900 Exception <a 'java/lang/NoSuchMethodError'{0x00000000eab07cb0}: 'int java.lang.invoke.DirectMethodHandle$Holder.invokeSpecialIFC(java.lang.Object, java.lang.Object, java.lang.Object, java.lang.Object, java.lang.Object)'> (0x00000000eab07cb0) 
thrown [s\src\hotspot\share\interpreter\linkResolver.cpp, line 759]
Event: 6.168 Thread 0x00000264b0c72900 Exception <a 'java/lang/NoClassDefFoundError'{0x00000000eb9bc388}: javax/enterprise/inject/Typed> (0x00000000eb9bc388) 
thrown [s\src\hotspot\share\classfile\systemDictionary.cpp, line 245]
Event: 6.266 Thread 0x000002649386ff60 Exception <a 'java/lang/NoSuchMethodError'{0x00000000eae56458}: 'void java.lang.invoke.DirectMethodHandle$Holder.invokeSpecial(java.lang.Object, java.lang.Object, java.lang.Object, java.lang.Object, java.lang.Object, java.lang.Object)'> (0x00000000eae56458) 
thrown [s\src\hotspot\share\interpreter\linkResolver.cpp, line 759]
Event: 6.267 Thread 0x000002649386ff60 Exception <a 'java/lang/IncompatibleClassChangeError'{0x00000000eae5fc88}: Found class java.lang.Object, but interface was expected> (0x00000000eae5fc88) 
thrown [s\src\hotspot\share\interpreter\linkResolver.cpp, line 826]
Event: 7.155 Thread 0x00000264b0c72900 Exception <a 'java/lang/NoSuchMethodError'{0x00000000ebcab630}: 'void java.lang.invoke.DirectMethodHandle$Holder.invokeStaticInit(java.lang.Object, java.lang.Object, java.lang.Object)'> (0x00000000ebcab630) 
thrown [s\src\hotspot\share\interpreter\linkResolver.cpp, line 759]
Event: 7.159 Thread 0x00000264b0c72900 Exception <a 'java/lang/ExceptionInInitializerError'{0x00000000ebce1af8}> (0x00000000ebce1af8) 
thrown [s\src\hotspot\share\oops\instanceKlass.cpp, line 1218]
Event: 7.163 Thread 0x00000264b0c72900 Implicit null exception at 0x000002649f975150 to 0x000002649f975eb4
Event: 7.192 Thread 0x00000264b0c72900 Implicit null exception at 0x000002649f8e40af to 0x000002649f8e4258
Event: 7.192 Thread 0x00000264b0c72900 Implicit null exception at 0x000002649f864989 to 0x000002649f865dcc
Event: 7.195 Thread 0x00000264b0c72900 Exception <a 'java/lang/NoSuchMethodError'{0x00000000ebe6b378}: 'java.lang.Object java.lang.invoke.Invokers$Holder.invokeExact_MT(java.lang.Object, int, java.lang.Object)'> (0x00000000ebe6b378) 
thrown [s\src\hotspot\share\interpreter\linkResolver.cpp, line 759]
Event: 7.624 Thread 0x00000264b0c72900 Exception <a 'java/lang/NoClassDefFoundError'{0x00000000eb51e478}: com/google/inject/servlet/ServletModuleTargetVisitor> (0x00000000eb51e478) 
thrown [s\src\hotspot\share\classfile\systemDictionary.cpp, line 245]
Event: 8.100 Thread 0x00000264b13a0f10 Exception <a 'java/io/FileNotFoundException'{0x00000000ead57330}> (0x00000000ead57330) 
thrown [s\src\hotspot\share\prims\jni.cpp, line 516]
Event: 8.273 Thread 0x00000264b0c72900 Exception <a 'java/lang/NoSuchMethodError'{0x00000000eb3cb5d8}: 'int java.lang.invoke.DirectMethodHandle$Holder.invokeSpecialIFC(java.lang.Object, java.lang.Object, java.lang.Object, java.lang.Object)'> (0x00000000eb3cb5d8) 
thrown [s\src\hotspot\share\interpreter\linkResolver.cpp, line 759]
Event: 8.335 Thread 0x00000264b0c72900 Exception <a 'java/lang/NoSuchMethodError'{0x00000000eb5386f8}: 'int java.lang.invoke.DirectMethodHandle$Holder.invokeInterface(java.lang.Object, java.lang.Object)'> (0x00000000eb5386f8) 
thrown [s\src\hotspot\share\interpreter\linkResolver.cpp, line 759]
Event: 8.335 Thread 0x00000264b0c72900 Exception <a 'java/lang/IncompatibleClassChangeError'{0x00000000eb53bdf8}: Found class java.lang.Object, but interface was expected> (0x00000000eb53bdf8) 
thrown [s\src\hotspot\share\interpreter\linkResolver.cpp, line 826]
Event: 8.422 Thread 0x00000264b0c72900 Exception <a 'java/lang/NoSuchMethodError'{0x00000000eb8e9278}: 'java.lang.Object java.lang.invoke.Invokers$Holder.invoke_MT(java.lang.Object, java.lang.Object, java.lang.Object)'> (0x00000000eb8e9278) 
thrown [s\src\hotspot\share\interpreter\linkResolver.cpp, line 759]

VM Operations (20 events):
Event: 7.715 Executing VM operation: HandshakeAllThreads
Event: 7.715 Executing VM operation: HandshakeAllThreads done
Event: 7.716 Executing VM operation: HandshakeAllThreads
Event: 7.716 Executing VM operation: HandshakeAllThreads done
Event: 7.721 Executing VM operation: ICBufferFull
Event: 7.721 Executing VM operation: ICBufferFull done
Event: 7.727 Executing VM operation: HandshakeAllThreads
Event: 7.727 Executing VM operation: HandshakeAllThreads done
Event: 7.752 Executing VM operation: HandshakeAllThreads
Event: 7.752 Executing VM operation: HandshakeAllThreads done
Event: 8.066 Executing VM operation: ParallelGCFailedAllocation
Event: 8.069 Executing VM operation: ParallelGCFailedAllocation done
Event: 8.408 Executing VM operation: HandshakeAllThreads
Event: 8.408 Executing VM operation: HandshakeAllThreads done
Event: 8.444 Executing VM operation: HandshakeAllThreads
Event: 8.444 Executing VM operation: HandshakeAllThreads done
Event: 8.445 Executing VM operation: HandshakeAllThreads
Event: 8.445 Executing VM operation: HandshakeAllThreads done
Event: 8.485 Executing VM operation: HandshakeAllThreads
Event: 8.485 Executing VM operation: HandshakeAllThreads done

Events (20 events):
Event: 8.438 loading class java/nio/file/FileTreeWalker
Event: 8.439 loading class java/nio/file/FileTreeWalker done
Event: 8.439 loading class java/util/RegularEnumSet$EnumSetIterator
Event: 8.439 loading class java/util/RegularEnumSet$EnumSetIterator done
Event: 8.443 loading class java/nio/ByteBufferAsIntBufferL
Event: 8.443 loading class java/nio/ByteBufferAsIntBufferL done
Event: 8.446 loading class jdk/internal/jimage/ImageReader$Directory
Event: 8.446 loading class jdk/internal/jimage/ImageReader$Directory done
Event: 8.486 loading class java/nio/file/FileTreeWalker$DirectoryNode
Event: 8.486 loading class java/nio/file/FileTreeWalker$DirectoryNode done
Event: 8.486 loading class java/nio/file/FileTreeWalker$Event
Event: 8.486 loading class java/nio/file/FileTreeWalker$Event done
Event: 8.486 loading class java/nio/file/FileTreeWalker$EventType
Event: 8.486 loading class java/nio/file/FileTreeWalker$EventType done
Event: 8.486 loading class java/nio/file/Files$3
Event: 8.487 loading class java/nio/file/Files$3 done
Event: 8.487 loading class java/nio/file/FileVisitResult
Event: 8.487 loading class java/nio/file/FileVisitResult done
Event: 8.548 loading class java/util/regex/Pattern$BackRef
Event: 8.548 loading class java/util/regex/Pattern$BackRef done


Dynamic libraries:
0x00007ff749fd0000 - 0x00007ff749fde000 	c:\Users\DELL\.vscode\extensions\redhat.java-1.30.0-win32-x64\jre\17.0.10-win32-x86_64\bin\java.exe
0x00007fff5e910000 - 0x00007fff5eb26000 	C:\Windows\SYSTEM32\ntdll.dll
0x00007fff5d7a0000 - 0x00007fff5d864000 	C:\Windows\System32\KERNEL32.DLL
0x00007fff5bfa0000 - 0x00007fff5c347000 	C:\Windows\System32\KERNELBASE.dll
0x00007fff58bc0000 - 0x00007fff58c57000 	C:\Windows\SYSTEM32\apphelp.dll
0x00007fff5c350000 - 0x00007fff5c461000 	C:\Windows\System32\ucrtbase.dll
0x00007fff4aea0000 - 0x00007fff4aeb7000 	c:\Users\DELL\.vscode\extensions\redhat.java-1.30.0-win32-x64\jre\17.0.10-win32-x86_64\bin\jli.dll
0x00007fff5d440000 - 0x00007fff5d5ee000 	C:\Windows\System32\USER32.dll
0x00007fff5bc60000 - 0x00007fff5bc86000 	C:\Windows\System32\win32u.dll
0x00007fff4ab60000 - 0x00007fff4ab7b000 	c:\Users\DELL\.vscode\extensions\redhat.java-1.30.0-win32-x64\jre\17.0.10-win32-x86_64\bin\VCRUNTIME140.dll
0x00007fff5dae0000 - 0x00007fff5db09000 	C:\Windows\System32\GDI32.dll
0x00007fff5be00000 - 0x00007fff5bf19000 	C:\Windows\System32\gdi32full.dll
0x00007fff5c4e0000 - 0x00007fff5c57a000 	C:\Windows\System32\msvcp_win.dll
0x00007fff42100000 - 0x00007fff42393000 	C:\Windows\WinSxS\amd64_microsoft.windows.common-controls_6595b64144ccf1df_6.0.22621.3235_none_270f74e173860f98\COMCTL32.dll
0x00007fff5c640000 - 0x00007fff5c6e7000 	C:\Windows\System32\msvcrt.dll
0x00007fff5dee0000 - 0x00007fff5df11000 	C:\Windows\System32\IMM32.DLL
0x00007fff58ac0000 - 0x00007fff58acc000 	c:\Users\DELL\.vscode\extensions\redhat.java-1.30.0-win32-x64\jre\17.0.10-win32-x86_64\bin\vcruntime140_1.dll
0x00007fff44390000 - 0x00007fff4441d000 	c:\Users\DELL\.vscode\extensions\redhat.java-1.30.0-win32-x64\jre\17.0.10-win32-x86_64\bin\msvcp140.dll
0x00007fff0a110000 - 0x00007fff0ad72000 	c:\Users\DELL\.vscode\extensions\redhat.java-1.30.0-win32-x64\jre\17.0.10-win32-x86_64\bin\server\jvm.dll
0x00007fff5cb00000 - 0x00007fff5cbb2000 	C:\Windows\System32\ADVAPI32.dll
0x00007fff5e790000 - 0x00007fff5e838000 	C:\Windows\System32\sechost.dll
0x00007fff5bc30000 - 0x00007fff5bc58000 	C:\Windows\System32\bcrypt.dll
0x00007fff5dda0000 - 0x00007fff5deb5000 	C:\Windows\System32\RPCRT4.dll
0x00007fff41d10000 - 0x00007fff41d19000 	C:\Windows\SYSTEM32\WSOCK32.dll
0x00007fff5da60000 - 0x00007fff5dad1000 	C:\Windows\System32\WS2_32.dll
0x00007fff5aad0000 - 0x00007fff5ab1d000 	C:\Windows\SYSTEM32\POWRPROF.dll
0x00007fff52640000 - 0x00007fff52674000 	C:\Windows\SYSTEM32\WINMM.dll
0x00007fff4ce40000 - 0x00007fff4ce4a000 	C:\Windows\SYSTEM32\VERSION.dll
0x00007fff5aab0000 - 0x00007fff5aac3000 	C:\Windows\SYSTEM32\UMPDC.dll
0x00007fff5ad60000 - 0x00007fff5ad78000 	C:\Windows\SYSTEM32\kernel.appcore.dll
0x00007fff53d70000 - 0x00007fff53d7a000 	c:\Users\DELL\.vscode\extensions\redhat.java-1.30.0-win32-x64\jre\17.0.10-win32-x86_64\bin\jimage.dll
0x00007fff59030000 - 0x00007fff59263000 	C:\Windows\SYSTEM32\DBGHELP.DLL
0x00007fff5d0b0000 - 0x00007fff5d438000 	C:\Windows\System32\combase.dll
0x00007fff5ca10000 - 0x00007fff5cae7000 	C:\Windows\System32\OLEAUT32.dll
0x00007fff4bee0000 - 0x00007fff4bf12000 	C:\Windows\SYSTEM32\dbgcore.DLL
0x00007fff5bf20000 - 0x00007fff5bf99000 	C:\Windows\System32\bcryptPrimitives.dll
0x00007fff53d30000 - 0x00007fff53d3e000 	c:\Users\DELL\.vscode\extensions\redhat.java-1.30.0-win32-x64\jre\17.0.10-win32-x86_64\bin\instrument.dll
0x00007fff45bc0000 - 0x00007fff45be5000 	c:\Users\DELL\.vscode\extensions\redhat.java-1.30.0-win32-x64\jre\17.0.10-win32-x86_64\bin\java.dll
0x00007fff44890000 - 0x00007fff448a8000 	c:\Users\DELL\.vscode\extensions\redhat.java-1.30.0-win32-x64\jre\17.0.10-win32-x86_64\bin\zip.dll
0x00007fff5df30000 - 0x00007fff5e78c000 	C:\Windows\System32\SHELL32.dll
0x00007fff59ba0000 - 0x00007fff5a499000 	C:\Windows\SYSTEM32\windows.storage.dll
0x00007fff59a60000 - 0x00007fff59b9e000 	C:\Windows\SYSTEM32\wintypes.dll
0x00007fff5c910000 - 0x00007fff5ca03000 	C:\Windows\System32\SHCORE.dll
0x00007fff5c6f0000 - 0x00007fff5c74e000 	C:\Windows\System32\shlwapi.dll
0x00007fff5bb60000 - 0x00007fff5bb81000 	C:\Windows\SYSTEM32\profapi.dll
0x00007fff44820000 - 0x00007fff44839000 	C:\Users\DELL\.vscode\extensions\redhat.java-1.30.0-win32-x64\jre\17.0.10-win32-x86_64\bin\net.dll
0x00007fff56020000 - 0x00007fff56156000 	C:\Windows\SYSTEM32\WINHTTP.dll
0x00007fff5b1d0000 - 0x00007fff5b239000 	C:\Windows\system32\mswsock.dll
0x00007fff44800000 - 0x00007fff44816000 	C:\Users\DELL\.vscode\extensions\redhat.java-1.30.0-win32-x64\jre\17.0.10-win32-x86_64\bin\nio.dll
0x00007fff50620000 - 0x00007fff50630000 	c:\Users\DELL\.vscode\extensions\redhat.java-1.30.0-win32-x64\jre\17.0.10-win32-x86_64\bin\verify.dll
0x00007fff44350000 - 0x00007fff4438e000 	C:\Users\DELL\AppData\Roaming\Code\User\globalStorage\redhat.java\1.30.0\config_win\org.eclipse.equinox.launcher\org.eclipse.equinox.launcher.win32.win32.x86_64_1.2.900.v20240213-1244\eclipse_11900.dll
0x00007fff5d5f0000 - 0x00007fff5d795000 	C:\Windows\System32\ole32.dll
0x00007fff5b430000 - 0x00007fff5b44b000 	C:\Windows\SYSTEM32\CRYPTSP.dll
0x00007fff5acc0000 - 0x00007fff5acf5000 	C:\Windows\system32\rsaenh.dll
0x00007fff5b2d0000 - 0x00007fff5b2f8000 	C:\Windows\SYSTEM32\USERENV.dll
0x00007fff5b450000 - 0x00007fff5b45c000 	C:\Windows\SYSTEM32\CRYPTBASE.dll
0x00007fff5a770000 - 0x00007fff5a79d000 	C:\Windows\SYSTEM32\IPHLPAPI.DLL
0x00007fff5da50000 - 0x00007fff5da59000 	C:\Windows\System32\NSI.dll
0x00007fff55cb0000 - 0x00007fff55cc9000 	C:\Windows\SYSTEM32\dhcpcsvc6.DLL
0x00007fff55bc0000 - 0x00007fff55bdf000 	C:\Windows\SYSTEM32\dhcpcsvc.DLL
0x00007fff5a7a0000 - 0x00007fff5a899000 	C:\Windows\SYSTEM32\DNSAPI.dll
0x00007fff42540000 - 0x00007fff42585000 	C:\Users\DELL\AppData\Local\Temp\jna-2094529\jna17702837398186551175.dll
0x00007fff5caf0000 - 0x00007fff5caf8000 	C:\Windows\System32\PSAPI.DLL

dbghelp: loaded successfully - version: 4.0.5 - missing functions: none
symbol engine: initialized successfully - sym options: 0x614 - pdb path: .;c:\Users\DELL\.vscode\extensions\redhat.java-1.30.0-win32-x64\jre\17.0.10-win32-x86_64\bin;C:\Windows\SYSTEM32;C:\Windows\WinSxS\amd64_microsoft.windows.common-controls_6595b64144ccf1df_6.0.22621.3235_none_270f74e173860f98;c:\Users\DELL\.vscode\extensions\redhat.java-1.30.0-win32-x64\jre\17.0.10-win32-x86_64\bin\server;C:\Users\DELL\AppData\Roaming\Code\User\globalStorage\redhat.java\1.30.0\config_win\org.eclipse.equinox.launcher\org.eclipse.equinox.launcher.win32.win32.x86_64_1.2.900.v20240213-1244;C:\Users\DELL\AppData\Local\Temp\jna-2094529

VM Arguments:
jvm_args: --add-modules=ALL-SYSTEM --add-opens=java.base/java.util=ALL-UNNAMED --add-opens=java.base/java.lang=ALL-UNNAMED --add-opens=java.base/sun.nio.fs=ALL-UNNAMED -Declipse.application=org.eclipse.jdt.ls.core.id1 -Dosgi.bundles.defaultStartLevel=4 -Declipse.product=org.eclipse.jdt.ls.core.product -Djava.import.generatesMetadataFilesAtProjectRoot=false -DDetectVMInstallationsJob.disabled=true -Dfile.encoding=utf8 -XX:+UseParallelGC -XX:GCTimeRatio=4 -XX:AdaptiveSizePolicyWeight=90 -Dsun.zip.disableMemoryMapping=true -Xmx1G -Xms100m -Xlog:disable -javaagent:c:\Users\DELL\.vscode\extensions\redhat.java-1.30.0-win32-x64\lombok\lombok-1.18.32.jar -XX:+HeapDumpOnOutOfMemoryError -XX:HeapDumpPath=c:\Users\DELL\AppData\Roaming\Code\User\workspaceStorage\dae1452efd752c700ad62780db8628e0\redhat.java -Daether.dependencyCollector.impl=bf 
java_command: c:\Users\DELL\.vscode\extensions\redhat.java-1.30.0-win32-x64\server\plugins\org.eclipse.equinox.launcher_1.6.800.v20240330-1250.jar -configuration c:\Users\DELL\AppData\Roaming\Code\User\globalStorage\redhat.java\1.30.0\config_win -data c:\Users\DELL\AppData\Roaming\Code\User\workspaceStorage\dae1452efd752c700ad62780db8628e0\redhat.java\jdt_ws --pipe=\\.\pipe\lsp-31295e1d27e2602245ae379d74fbe267-sock
java_class_path (initial): c:\Users\DELL\.vscode\extensions\redhat.java-1.30.0-win32-x64\server\plugins\org.eclipse.equinox.launcher_1.6.800.v20240330-1250.jar
Launcher Type: SUN_STANDARD

[Global flags]
    uintx AdaptiveSizePolicyWeight                 = 90                                        {product} {command line}
     intx CICompilerCount                          = 4                                         {product} {ergonomic}
    uintx GCTimeRatio                              = 4                                         {product} {command line}
     bool HeapDumpOnOutOfMemoryError               = true                                   {manageable} {command line}
    ccstr HeapDumpPath                             = c:\Users\DELL\AppData\Roaming\Code\User\workspaceStorage\dae1452efd752c700ad62780db8628e0\redhat.java         {manageable} {command line}
   size_t InitialHeapSize                          = 104857600                                 {product} {command line}
   size_t MaxHeapSize                              = 1073741824                                {product} {command line}
   size_t MaxNewSize                               = 357564416                                 {product} {ergonomic}
   size_t MinHeapDeltaBytes                        = 524288                                    {product} {ergonomic}
   size_t MinHeapSize                              = 104857600                                 {product} {command line}
   size_t NewSize                                  = 34603008                                  {product} {ergonomic}
    uintx NonNMethodCodeHeapSize                   = 5839372                                {pd product} {ergonomic}
    uintx NonProfiledCodeHeapSize                  = 122909434                              {pd product} {ergonomic}
   size_t OldSize                                  = 70254592                                  {product} {ergonomic}
    uintx ProfiledCodeHeapSize                     = 122909434                              {pd product} {ergonomic}
    uintx ReservedCodeCacheSize                    = 251658240                              {pd product} {ergonomic}
     bool SegmentedCodeCache                       = true                                      {product} {ergonomic}
   size_t SoftMaxHeapSize                          = 1073741824                             {manageable} {ergonomic}
     bool UseCompressedClassPointers               = true                           {product lp64_product} {ergonomic}
     bool UseCompressedOops                        = true                           {product lp64_product} {ergonomic}
     bool UseLargePagesIndividualAllocation        = false                                  {pd product} {ergonomic}
     bool UseParallelGC                            = true                                      {product} {command line}

Logging:
Log output configuration:
 #0: stdout all=off uptime,level,tags
 #1: stderr all=off uptime,level,tags

Environment Variables:
JAVA_HOME=C:\Users\DELL\AppData\Local\Programs\Eclipse Adoptium\jdk-17.0.8.101-hotspot\
PATH=C:\Program Files\Common Files\Oracle\Java\javapath;C:\Windows\system32;C:\Windows;C:\Windows\System32\Wbem;C:\Windows\System32\WindowsPowerShell\v1.0\;C:\Windows\System32\OpenSSH\;C:\Program Files\nodejs\;C:\Users\DELL\AppData\Local\Programs\Eclipse Adoptium\jdk-17.0.8.101-hotspot\bin;C:\Users\DELL\AppData\Local\Microsoft\WindowsApps;;C:\Users\DELL\AppData\Local\Programs\Microsoft VS Code\bin;C:\Users\DELL\AppData\Roaming\npm
USERNAME=DELL
OS=Windows_NT
PROCESSOR_IDENTIFIER=Intel64 Family 6 Model 165 Stepping 2, GenuineIntel
TMP=C:\Users\DELL\AppData\Local\Temp
TEMP=C:\Users\DELL\AppData\Local\Temp



Periodic native trim disabled


---------------  S Y S T E M  ---------------

OS:
 Windows 11 , 64 bit Build 22621 (10.0.22621.3374)
OS uptime: 1 days 4:14 hours

CPU: total 8 (initial active 8) (4 cores per cpu, 2 threads per core) family 6 model 165 stepping 2 microcode 0xf8, cx8, cmov, fxsr, ht, mmx, 3dnowpref, sse, sse2, sse3, ssse3, sse4.1, sse4.2, popcnt, lzcnt, tsc, tscinvbit, avx, avx2, aes, erms, clmul, bmi1, bmi2, adx, fma, vzeroupper, clflush, clflushopt
Processor Information for all 8 processors :
  Max Mhz: 2496, Current Mhz: 2496, Mhz Limit: 2496

Memory: 4k page, system-wide physical 7985M (146M free)
TotalPageFile size 32561M (AvailPageFile size 4M)
current process WorkingSet (physical memory assigned to process): 198M, peak: 198M
current process commit charge ("private bytes"): 289M, peak: 292M

vm_info: OpenJDK 64-Bit Server VM (17.0.10+7) for windows-amd64 JRE (17.0.10+7), built on Jan 16 2024 23:25:11 by "admin" with MS VC++ 16.10 / 16.11 (VS2019)

END.
