#
# There is insufficient memory for the Java Runtime Environment to continue.
# Native memory allocation (malloc) failed to allocate 962736 bytes for Chunk::new
# Possible reasons:
#   The system is out of physical RAM or swap space
#   The process is running with CompressedOops enabled, and the Java Heap may be blocking the growth of the native heap
# Possible solutions:
#   Reduce memory load on the system
#   Increase physical memory or swap space
#   Check if swap backing store is full
#   Decrease Java heap size (-Xmx/-Xms)
#   Decrease number of Java threads
#   Decrease Java thread stack sizes (-Xss)
#   Set larger code cache with -XX:ReservedCodeCacheSize=
#   JVM is running with Unscaled Compressed Oops mode in which the Java heap is
#     placed in the first 4GB address space. The Java Heap base address is the
#     maximum limit for the native heap growth. Please use -XX:HeapBaseMinAddress
#     to set the Java Heap base and to place the Java Heap above 4GB virtual address.
# This output file may be truncated or incomplete.
#
#  Out of Memory Error (arena.cpp:191), pid=11684, tid=5896
#
# JRE version: OpenJDK Runtime Environment Temurin-17.0.10+7 (17.0.10+7) (build 17.0.10+7)
# Java VM: OpenJDK 64-Bit Server VM Temurin-17.0.10+7 (17.0.10+7, mixed mode, tiered, compressed oops, compressed class ptrs, parallel gc, windows-amd64)
# No core dump will be written. Minidumps are not enabled by default on client versions of Windows
#

---------------  S U M M A R Y ------------

Command Line: --add-modules=ALL-SYSTEM --add-opens=java.base/java.util=ALL-UNNAMED --add-opens=java.base/java.lang=ALL-UNNAMED --add-opens=java.base/sun.nio.fs=ALL-UNNAMED -Declipse.application=org.eclipse.jdt.ls.core.id1 -Dosgi.bundles.defaultStartLevel=4 -Declipse.product=org.eclipse.jdt.ls.core.product -Djava.import.generatesMetadataFilesAtProjectRoot=false -DDetectVMInstallationsJob.disabled=true -Dfile.encoding=utf8 -XX:+UseParallelGC -XX:GCTimeRatio=4 -XX:AdaptiveSizePolicyWeight=90 -Dsun.zip.disableMemoryMapping=true -Xmx1G -Xms100m -Xlog:disable -javaagent:c:\Users\DELL\.vscode\extensions\redhat.java-1.30.0-win32-x64\lombok\lombok-1.18.32.jar c:\Users\DELL\.vscode\extensions\redhat.java-1.30.0-win32-x64\server\plugins\org.eclipse.equinox.launcher_1.6.800.v20240330-1250.jar -configuration c:\Users\DELL\AppData\Roaming\Code\User\globalStorage\redhat.java\1.30.0\config_ss_win -data c:\Users\DELL\AppData\Roaming\Code\User\workspaceStorage\dae1452efd752c700ad62780db8628e0\redhat.java\ss_ws --pipe=\\.\pipe\lsp-0be1d8824927b69cac9e581b916694b1-sock

Host: Intel(R) Core(TM) i5-10300H CPU @ 2.50GHz, 8 cores, 7G,  Windows 11 , 64 bit Build 22621 (10.0.22621.3374)
Time: Fri May  3 14:14:11 2024 India Standard Time elapsed time: 8.647239 seconds (0d 0h 0m 8s)

---------------  T H R E A D  ---------------

Current thread (0x000001fd2ce4e600):  JavaThread "C2 CompilerThread0" daemon [_thread_in_native, id=5896, stack(0x000000bfdf000000,0x000000bfdf100000)]


Current CompileTask:
C2:   8647 4286       4       org.lombokweb.asm.ClassReader::readMethod (1066 bytes)

Stack: [0x000000bfdf000000,0x000000bfdf100000]
Native frames: (J=compiled Java code, j=interpreted, Vv=VM code, C=native code)
V  [jvm.dll+0x67d2c9]
V  [jvm.dll+0x834afa]
V  [jvm.dll+0x8365be]
V  [jvm.dll+0x836c23]
V  [jvm.dll+0x2477ff]
V  [jvm.dll+0xac514]
V  [jvm.dll+0xacb5c]
V  [jvm.dll+0x2aed1f]
V  [jvm.dll+0x584b67]
V  [jvm.dll+0x2228a2]
V  [jvm.dll+0x222c8f]
V  [jvm.dll+0x21bdb6]
V  [jvm.dll+0x219201]
V  [jvm.dll+0x1a502d]
V  [jvm.dll+0x2290de]
V  [jvm.dll+0x2272ac]
V  [jvm.dll+0x7e9bb7]
V  [jvm.dll+0x7e3fba]
V  [jvm.dll+0x67c1b5]
C  [ucrtbase.dll+0x29333]
C  [KERNEL32.DLL+0x1257d]
C  [ntdll.dll+0x5aa48]


---------------  P R O C E S S  ---------------

Threads class SMR info:
_java_thread_list=0x000001fd2f69ef00, length=40, elements={
0x000001fd13f30950, 0x000001fd2ce25020, 0x000001fd27d9a4d0, 0x000001fd27dad780,
0x000001fd27dae510, 0x000001fd2ce447f0, 0x000001fd2ce4a0f0, 0x000001fd2ce4e600,
0x000001fd2ce4efc0, 0x000001fd2ce4f8d0, 0x000001fd2cebbc80, 0x000001fd2dfe8010,
0x000001fd2e70ce00, 0x000001fd2e79a0a0, 0x000001fd2e79a850, 0x000001fd2e764f40,
0x000001fd2ea65a60, 0x000001fd2ea65040, 0x000001fd2ea64620, 0x000001fd2ea63c00,
0x000001fd2ea65550, 0x000001fd2ea636f0, 0x000001fd2ea631e0, 0x000001fd2ea64110,
0x000001fd2ea62cd0, 0x000001fd2ea64b30, 0x000001fd2ea65f70, 0x000001fd2f0dfee0,
0x000001fd2f0e1320, 0x000001fd2f0e5f10, 0x000001fd2f0e4ad0, 0x000001fd2f0e0900,
0x000001fd2f0e45c0, 0x000001fd2f0e0e10, 0x000001fd2f0e1830, 0x000001fd2f0e4fe0,
0x000001fd2f0e1d40, 0x000001fd2f0e2250, 0x000001fd2f0e3ba0, 0x000001fd2f0e3690
}

Java Threads: ( => current thread )
  0x000001fd13f30950 JavaThread "main" [_thread_blocked, id=1276, stack(0x000000bfde700000,0x000000bfde800000)]
  0x000001fd2ce25020 JavaThread "Reference Handler" daemon [_thread_blocked, id=6868, stack(0x000000bfdea00000,0x000000bfdeb00000)]
  0x000001fd27d9a4d0 JavaThread "Finalizer" daemon [_thread_blocked, id=16000, stack(0x000000bfdeb00000,0x000000bfdec00000)]
  0x000001fd27dad780 JavaThread "Signal Dispatcher" daemon [_thread_blocked, id=13804, stack(0x000000bfdec00000,0x000000bfded00000)]
  0x000001fd27dae510 JavaThread "Attach Listener" daemon [_thread_blocked, id=15744, stack(0x000000bfded00000,0x000000bfdee00000)]
  0x000001fd2ce447f0 JavaThread "Service Thread" daemon [_thread_blocked, id=14316, stack(0x000000bfdee00000,0x000000bfdef00000)]
  0x000001fd2ce4a0f0 JavaThread "Monitor Deflation Thread" daemon [_thread_blocked, id=5544, stack(0x000000bfdef00000,0x000000bfdf000000)]
=>0x000001fd2ce4e600 JavaThread "C2 CompilerThread0" daemon [_thread_in_native, id=5896, stack(0x000000bfdf000000,0x000000bfdf100000)]
  0x000001fd2ce4efc0 JavaThread "C1 CompilerThread0" daemon [_thread_in_native, id=8116, stack(0x000000bfdf100000,0x000000bfdf200000)]
  0x000001fd2ce4f8d0 JavaThread "Sweeper thread" daemon [_thread_blocked, id=16876, stack(0x000000bfdf200000,0x000000bfdf300000)]
  0x000001fd2cebbc80 JavaThread "Common-Cleaner" daemon [_thread_blocked, id=16504, stack(0x000000bfdf300000,0x000000bfdf400000)]
  0x000001fd2dfe8010 JavaThread "Notification Thread" daemon [_thread_blocked, id=11500, stack(0x000000bfdf500000,0x000000bfdf600000)]
  0x000001fd2e70ce00 JavaThread "Active Thread: Equinox Container: 033df7cd-561f-44d6-802c-c0b20a3d13f0" [_thread_blocked, id=2180, stack(0x000000bfdfe00000,0x000000bfdff00000)]
  0x000001fd2e79a0a0 JavaThread "Framework Event Dispatcher: Equinox Container: 033df7cd-561f-44d6-802c-c0b20a3d13f0" daemon [_thread_blocked, id=7104, stack(0x000000bfdff00000,0x000000bfe0000000)]
  0x000001fd2e79a850 JavaThread "Start Level: Equinox Container: 033df7cd-561f-44d6-802c-c0b20a3d13f0" daemon [_thread_blocked, id=7696, stack(0x000000bfe0000000,0x000000bfe0100000)]
  0x000001fd2e764f40 JavaThread "SCR Component Actor" daemon [_thread_blocked, id=9664, stack(0x000000bfe0100000,0x000000bfe0200000)]
  0x000001fd2ea65a60 JavaThread "Worker-JM" [_thread_blocked, id=360, stack(0x000000bfdf700000,0x000000bfdf800000)]
  0x000001fd2ea65040 JavaThread "Worker-0" [_thread_blocked, id=3408, stack(0x000000bfe0300000,0x000000bfe0400000)]
  0x000001fd2ea64620 JavaThread "Worker-1" [_thread_blocked, id=14456, stack(0x000000bfe0400000,0x000000bfe0500000)]
  0x000001fd2ea63c00 JavaThread "JNA Cleaner" daemon [_thread_blocked, id=6832, stack(0x000000bfe0600000,0x000000bfe0700000)]
  0x000001fd2ea65550 JavaThread "Thread-2" daemon [_thread_in_native, id=15232, stack(0x000000bfe0500000,0x000000bfe0600000)]
  0x000001fd2ea636f0 JavaThread "Thread-3" daemon [_thread_in_native, id=9256, stack(0x000000bfe0700000,0x000000bfe0800000)]
  0x000001fd2ea631e0 JavaThread "Thread-4" daemon [_thread_in_native, id=8840, stack(0x000000bfe0800000,0x000000bfe0900000)]
  0x000001fd2ea64110 JavaThread "Thread-5" daemon [_thread_in_native, id=3932, stack(0x000000bfe0900000,0x000000bfe0a00000)]
  0x000001fd2ea62cd0 JavaThread "Thread-6" daemon [_thread_in_native, id=18712, stack(0x000000bfe0a00000,0x000000bfe0b00000)]
  0x000001fd2ea64b30 JavaThread "Thread-7" daemon [_thread_in_native, id=12760, stack(0x000000bfe0b00000,0x000000bfe0c00000)]
  0x000001fd2ea65f70 JavaThread "Thread-8" daemon [_thread_in_native, id=3864, stack(0x000000bfe0c00000,0x000000bfe0d00000)]
  0x000001fd2f0dfee0 JavaThread "Thread-9" daemon [_thread_in_native, id=14916, stack(0x000000bfe0d00000,0x000000bfe0e00000)]
  0x000001fd2f0e1320 JavaThread "Thread-10" daemon [_thread_in_native, id=2852, stack(0x000000bfe0e00000,0x000000bfe0f00000)]
  0x000001fd2f0e5f10 JavaThread "pool-2-thread-1" [_thread_blocked, id=17460, stack(0x000000bfe0f00000,0x000000bfe1000000)]
  0x000001fd2f0e4ad0 JavaThread "WorkspaceEventsHandler" [_thread_blocked, id=12708, stack(0x000000bfe1100000,0x000000bfe1200000)]
  0x000001fd2f0e0900 JavaThread "pool-1-thread-1" [_thread_in_vm, id=12452, stack(0x000000bfe1200000,0x000000bfe1300000)]
  0x000001fd2f0e45c0 JavaThread "ForkJoinPool.commonPool-worker-1" daemon [_thread_in_vm, id=15848, stack(0x000000bfe1300000,0x000000bfe1400000)]
  0x000001fd2f0e0e10 JavaThread "ForkJoinPool.commonPool-worker-2" daemon [_thread_blocked, id=7612, stack(0x000000bfe1400000,0x000000bfe1500000)]
  0x000001fd2f0e1830 JavaThread "ForkJoinPool.commonPool-worker-3" daemon [_thread_blocked, id=6424, stack(0x000000bfe1500000,0x000000bfe1600000)]
  0x000001fd2f0e4fe0 JavaThread "ForkJoinPool.commonPool-worker-4" daemon [_thread_blocked, id=17724, stack(0x000000bfe1600000,0x000000bfe1700000)]
  0x000001fd2f0e1d40 JavaThread "ForkJoinPool.commonPool-worker-5" daemon [_thread_blocked, id=19340, stack(0x000000bfe1700000,0x000000bfe1800000)]
  0x000001fd2f0e2250 JavaThread "ForkJoinPool.commonPool-worker-6" daemon [_thread_in_vm, id=10164, stack(0x000000bfe1800000,0x000000bfe1900000)]
  0x000001fd2f0e3ba0 JavaThread "ForkJoinPool.commonPool-worker-7" daemon [_thread_blocked, id=13716, stack(0x000000bfe1900000,0x000000bfe1a00000)]
  0x000001fd2f0e3690 JavaThread "Worker-2" [_thread_blocked, id=17748, stack(0x000000bfe1000000,0x000000bfe1100000)]

Other Threads:
  0x000001fd2ce114b0 VMThread "VM Thread" [stack: 0x000000bfde900000,0x000000bfdea00000] [id=16404]
  0x000001fd2dfe84f0 WatcherThread [stack: 0x000000bfdf600000,0x000000bfdf700000] [id=14588]
  0x000001fd13f43ef0 GCTaskThread "GC Thread#0" [stack: 0x000000bfde800000,0x000000bfde900000] [id=4760]
  0x000001fd2e55e130 GCTaskThread "GC Thread#1" [stack: 0x000000bfdf800000,0x000000bfdf900000] [id=13684]
  0x000001fd2e55e3f0 GCTaskThread "GC Thread#2" [stack: 0x000000bfdf900000,0x000000bfdfa00000] [id=16844]
  0x000001fd2e55e6b0 GCTaskThread "GC Thread#3" [stack: 0x000000bfdfa00000,0x000000bfdfb00000] [id=4116]
  0x000001fd2e55e970 GCTaskThread "GC Thread#4" [stack: 0x000000bfdfb00000,0x000000bfdfc00000] [id=5812]
  0x000001fd2e0adf10 GCTaskThread "GC Thread#5" [stack: 0x000000bfdfc00000,0x000000bfdfd00000] [id=168]
  0x000001fd2e0ae1d0 GCTaskThread "GC Thread#6" [stack: 0x000000bfdfd00000,0x000000bfdfe00000] [id=1212]
  0x000001fd2e534580 GCTaskThread "GC Thread#7" [stack: 0x000000bfe0200000,0x000000bfe0300000] [id=15648]

Threads with active compile tasks:
C2 CompilerThread0     8688 4286       4       org.lombokweb.asm.ClassReader::readMethod (1066 bytes)
C1 CompilerThread0     8691 4307   !   2       org.eclipse.jdt.internal.compiler.parser.Scanner::getNextChar (169 bytes)

VM state: not at safepoint (normal execution)

VM Mutex/Monitor currently owned by a thread: None

Heap address: 0x00000000c0000000, size: 1024 MB, Compressed Oops mode: 32-bit

CDS archive(s) not mapped
Compressed class space mapped at: 0x0000000100000000-0x0000000140000000, reserved size: 1073741824
Narrow klass base: 0x0000000000000000, Narrow klass shift: 3, Narrow klass range: 0x140000000

GC Precious Log:
 CPUs: 8 total, 8 available
 Memory: 7985M
 Large Page Support: Disabled
 NUMA Support: Disabled
 Compressed Oops: Enabled (32-bit)
 Alignments: Space 512K, Generation 512K, Heap 2M
 Heap Min Capacity: 100M
 Heap Initial Capacity: 100M
 Heap Max Capacity: 1G
 Pre-touch: Disabled
 Parallel Workers: 8

Heap:
 PSYoungGen      total 22016K, used 3918K [0x00000000eab00000, 0x00000000ec680000, 0x0000000100000000)
  eden space 21504K, 17% used [0x00000000eab00000,0x00000000eaebb870,0x00000000ec000000)
  from space 512K, 18% used [0x00000000ec480000,0x00000000ec498000,0x00000000ec500000)
  to   space 1024K, 0% used [0x00000000ec580000,0x00000000ec580000,0x00000000ec680000)
 ParOldGen       total 68608K, used 29336K [0x00000000c0000000, 0x00000000c4300000, 0x00000000eab00000)
  object space 68608K, 42% used [0x00000000c0000000,0x00000000c1ca6170,0x00000000c4300000)
 Metaspace       used 43494K, committed 44224K, reserved 1114112K
  class space    used 4422K, committed 4736K, reserved 1048576K

Card table byte_map: [0x000001fd138b0000,0x000001fd13ac0000] _byte_map_base: 0x000001fd132b0000

Marking Bits: (ParMarkBitMap*) 0x00007fff0acad7d0
 Begin Bits: [0x000001fd25bb0000, 0x000001fd26bb0000)
 End Bits:   [0x000001fd26bb0000, 0x000001fd27bb0000)

Polling page: 0x000001fd11d50000

Metaspace:

Usage:
  Non-class:     38.16 MB used.
      Class:      4.32 MB used.
       Both:     42.47 MB used.

Virtual space:
  Non-class space:       64.00 MB reserved,      38.56 MB ( 60%) committed,  1 nodes.
      Class space:        1.00 GB reserved,       4.62 MB ( <1%) committed,  1 nodes.
             Both:        1.06 GB reserved,      43.19 MB (  4%) committed. 

Chunk freelists:
   Non-Class:  8.79 MB
       Class:  11.33 MB
        Both:  20.12 MB

MaxMetaspaceSize: unlimited
CompressedClassSpaceSize: 1.00 GB
Initial GC threshold: 21.00 MB
Current GC threshold: 58.38 MB
CDS: off
MetaspaceReclaimPolicy: balanced
 - commit_granule_bytes: 65536.
 - commit_granule_words: 8192.
 - virtual_space_node_default_size: 8388608.
 - enlarge_chunks_in_place: 1.
 - new_chunks_are_fully_committed: 0.
 - uncommit_free_chunks: 1.
 - use_allocation_guard: 0.
 - handle_deallocations: 1.


Internal statistics:

num_allocs_failed_limit: 6.
num_arena_births: 392.
num_arena_deaths: 14.
num_vsnodes_births: 2.
num_vsnodes_deaths: 0.
num_space_committed: 691.
num_space_uncommitted: 0.
num_chunks_returned_to_freelist: 20.
num_chunks_taken_from_freelist: 1804.
num_chunk_merges: 8.
num_chunk_splits: 1174.
num_chunks_enlarged: 789.
num_inconsistent_stats: 0.

CodeHeap 'non-profiled nmethods': size=120000Kb used=2336Kb max_used=2336Kb free=117663Kb
 bounds [0x000001fd1e680000, 0x000001fd1e8f0000, 0x000001fd25bb0000]
CodeHeap 'profiled nmethods': size=120000Kb used=9139Kb max_used=9139Kb free=110861Kb
 bounds [0x000001fd16bb0000, 0x000001fd174a0000, 0x000001fd1e0e0000]
CodeHeap 'non-nmethods': size=5760Kb used=1313Kb max_used=1393Kb free=4446Kb
 bounds [0x000001fd1e0e0000, 0x000001fd1e350000, 0x000001fd1e680000]
 total_blobs=4931 nmethods=4285 adapters=559
 compilation: enabled
              stopped_count=0, restarted_count=0
 full_count=0

Compilation events (20 events):
Event: 8.321 Thread 0x000001fd2ce4e600 nmethod 4275 0x000001fd1e8c0d90 code [0x000001fd1e8c0f20, 0x000001fd1e8c1458]
Event: 8.321 Thread 0x000001fd2ce4e600 4245 %     4       org.lombokweb.asm.ClassReader::<init> @ 110 (371 bytes)
Event: 8.328 Thread 0x000001fd2ce4e600 nmethod 4245% 0x000001fd1e8c1790 code [0x000001fd1e8c1920, 0x000001fd1e8c1d88]
Event: 8.329 Thread 0x000001fd2ce4e600 4248 %     4       org.lombokweb.asm.SymbolTable::<init> @ 98 (536 bytes)
Event: 8.378 Thread 0x000001fd2ce4efc0 4287       2       org.lombokweb.asm.MethodVisitor::visitCode (15 bytes)
Event: 8.378 Thread 0x000001fd2ce4efc0 nmethod 4287 0x000001fd1748ff90 code [0x000001fd17490120, 0x000001fd17490248]
Event: 8.378 Thread 0x000001fd2ce4efc0 4288       2       org.lombokweb.asm.MethodVisitor::visitMaxs (17 bytes)
Event: 8.378 Thread 0x000001fd2ce4efc0 nmethod 4288 0x000001fd17490310 code [0x000001fd174904a0, 0x000001fd174905c8]
Event: 8.378 Thread 0x000001fd2ce4efc0 4289       2       org.lombokweb.asm.MethodVisitor::visitEnd (15 bytes)
Event: 8.378 Thread 0x000001fd2ce4efc0 nmethod 4289 0x000001fd17490690 code [0x000001fd17490820, 0x000001fd17490948]
Event: 8.400 Thread 0x000001fd2ce4efc0 4292       2       org.lombokweb.asm.ByteVector::put122 (93 bytes)
Event: 8.400 Thread 0x000001fd2ce4efc0 nmethod 4292 0x000001fd17490a10 code [0x000001fd17490bc0, 0x000001fd17490e08]
Event: 8.428 Thread 0x000001fd2ce4efc0 4293   !   3       org.eclipse.osgi.internal.loader.classpath.ClasspathManager::findLocalClass (210 bytes)
Event: 8.429 Thread 0x000001fd2ce4efc0 nmethod 4293 0x000001fd17490f90 code [0x000001fd17491320, 0x000001fd17492e08]
Event: 8.475 Thread 0x000001fd2ce4e600 nmethod 4248% 0x000001fd1e8c2090 code [0x000001fd1e8c2440, 0x000001fd1e8c58e0]
Event: 8.475 Thread 0x000001fd2ce4e600 4286       4       org.lombokweb.asm.ClassReader::readMethod (1066 bytes)
Event: 8.617 Thread 0x000001fd2ce4efc0 4294       2       lombok.launch.ShadowClassLoader::exclusionListMatch (44 bytes)
Event: 8.618 Thread 0x000001fd2ce4efc0 nmethod 4294 0x000001fd17493690 code [0x000001fd17493860, 0x000001fd17493b18]
Event: 8.639 Thread 0x000001fd2ce4efc0 4295       2       org.eclipse.jdt.internal.compiler.parser.Scanner::areRestrictedModuleKeywordsActive (21 bytes)
Event: 8.639 Thread 0x000001fd2ce4efc0 nmethod 4295 0x000001fd17493c90 code [0x000001fd17493e20, 0x000001fd17493f78]

GC Heap History (20 events):
Event: 5.948 GC heap before
{Heap before GC invocations=12 (full 2):
 PSYoungGen      total 26112K, used 23552K [0x00000000eab00000, 0x00000000ec800000, 0x0000000100000000)
  eden space 23552K, 100% used [0x00000000eab00000,0x00000000ec200000,0x00000000ec200000)
  from space 2560K, 0% used [0x00000000ec280000,0x00000000ec280000,0x00000000ec500000)
  to   space 3072K, 0% used [0x00000000ec500000,0x00000000ec500000,0x00000000ec800000)
 ParOldGen       total 68608K, used 12289K [0x00000000c0000000, 0x00000000c4300000, 0x00000000eab00000)
  object space 68608K, 17% used [0x00000000c0000000,0x00000000c0c007d8,0x00000000c4300000)
 Metaspace       used 37379K, committed 38080K, reserved 1114112K
  class space    used 3775K, committed 4096K, reserved 1048576K
}
Event: 5.950 GC heap after
{Heap after GC invocations=12 (full 2):
 PSYoungGen      total 25600K, used 2355K [0x00000000eab00000, 0x00000000ec780000, 0x0000000100000000)
  eden space 23040K, 0% used [0x00000000eab00000,0x00000000eab00000,0x00000000ec180000)
  from space 2560K, 92% used [0x00000000ec500000,0x00000000ec74cf60,0x00000000ec780000)
  to   space 2560K, 0% used [0x00000000ec280000,0x00000000ec280000,0x00000000ec500000)
 ParOldGen       total 68608K, used 12297K [0x00000000c0000000, 0x00000000c4300000, 0x00000000eab00000)
  object space 68608K, 17% used [0x00000000c0000000,0x00000000c0c027d8,0x00000000c4300000)
 Metaspace       used 37379K, committed 38080K, reserved 1114112K
  class space    used 3775K, committed 4096K, reserved 1048576K
}
Event: 6.094 GC heap before
{Heap before GC invocations=13 (full 2):
 PSYoungGen      total 25600K, used 25395K [0x00000000eab00000, 0x00000000ec780000, 0x0000000100000000)
  eden space 23040K, 100% used [0x00000000eab00000,0x00000000ec180000,0x00000000ec180000)
  from space 2560K, 92% used [0x00000000ec500000,0x00000000ec74cf60,0x00000000ec780000)
  to   space 2560K, 0% used [0x00000000ec280000,0x00000000ec280000,0x00000000ec500000)
 ParOldGen       total 68608K, used 12297K [0x00000000c0000000, 0x00000000c4300000, 0x00000000eab00000)
  object space 68608K, 17% used [0x00000000c0000000,0x00000000c0c027d8,0x00000000c4300000)
 Metaspace       used 37571K, committed 38272K, reserved 1114112K
  class space    used 3794K, committed 4096K, reserved 1048576K
}
Event: 6.097 GC heap after
{Heap after GC invocations=13 (full 2):
 PSYoungGen      total 25088K, used 2304K [0x00000000eab00000, 0x00000000ec600000, 0x0000000100000000)
  eden space 22528K, 0% used [0x00000000eab00000,0x00000000eab00000,0x00000000ec100000)
  from space 2560K, 90% used [0x00000000ec280000,0x00000000ec4c0010,0x00000000ec500000)
  to   space 1024K, 0% used [0x00000000ec500000,0x00000000ec500000,0x00000000ec600000)
 ParOldGen       total 68608K, used 14526K [0x00000000c0000000, 0x00000000c4300000, 0x00000000eab00000)
  object space 68608K, 21% used [0x00000000c0000000,0x00000000c0e2fab8,0x00000000c4300000)
 Metaspace       used 37571K, committed 38272K, reserved 1114112K
  class space    used 3794K, committed 4096K, reserved 1048576K
}
Event: 6.232 GC heap before
{Heap before GC invocations=14 (full 2):
 PSYoungGen      total 25088K, used 24832K [0x00000000eab00000, 0x00000000ec600000, 0x0000000100000000)
  eden space 22528K, 100% used [0x00000000eab00000,0x00000000ec100000,0x00000000ec100000)
  from space 2560K, 90% used [0x00000000ec280000,0x00000000ec4c0010,0x00000000ec500000)
  to   space 1024K, 0% used [0x00000000ec500000,0x00000000ec500000,0x00000000ec600000)
 ParOldGen       total 68608K, used 14526K [0x00000000c0000000, 0x00000000c4300000, 0x00000000eab00000)
  object space 68608K, 21% used [0x00000000c0000000,0x00000000c0e2fab8,0x00000000c4300000)
 Metaspace       used 37659K, committed 38400K, reserved 1114112K
  class space    used 3807K, committed 4096K, reserved 1048576K
}
Event: 6.236 GC heap after
{Heap after GC invocations=14 (full 2):
 PSYoungGen      total 22528K, used 1024K [0x00000000eab00000, 0x00000000eca80000, 0x0000000100000000)
  eden space 21504K, 0% used [0x00000000eab00000,0x00000000eab00000,0x00000000ec000000)
  from space 1024K, 100% used [0x00000000ec500000,0x00000000ec600000,0x00000000ec600000)
  to   space 5120K, 0% used [0x00000000ec000000,0x00000000ec000000,0x00000000ec500000)
 ParOldGen       total 68608K, used 17886K [0x00000000c0000000, 0x00000000c4300000, 0x00000000eab00000)
  object space 68608K, 26% used [0x00000000c0000000,0x00000000c1177ac8,0x00000000c4300000)
 Metaspace       used 37659K, committed 38400K, reserved 1114112K
  class space    used 3807K, committed 4096K, reserved 1048576K
}
Event: 6.323 GC heap before
{Heap before GC invocations=15 (full 2):
 PSYoungGen      total 22528K, used 22528K [0x00000000eab00000, 0x00000000eca80000, 0x0000000100000000)
  eden space 21504K, 100% used [0x00000000eab00000,0x00000000ec000000,0x00000000ec000000)
  from space 1024K, 100% used [0x00000000ec500000,0x00000000ec600000,0x00000000ec600000)
  to   space 5120K, 0% used [0x00000000ec000000,0x00000000ec000000,0x00000000ec500000)
 ParOldGen       total 68608K, used 17886K [0x00000000c0000000, 0x00000000c4300000, 0x00000000eab00000)
  object space 68608K, 26% used [0x00000000c0000000,0x00000000c1177ac8,0x00000000c4300000)
 Metaspace       used 37660K, committed 38400K, reserved 1114112K
  class space    used 3807K, committed 4096K, reserved 1048576K
}
Event: 6.326 GC heap after
{Heap after GC invocations=15 (full 2):
 PSYoungGen      total 24064K, used 2432K [0x00000000eab00000, 0x00000000ec700000, 0x0000000100000000)
  eden space 21504K, 0% used [0x00000000eab00000,0x00000000eab00000,0x00000000ec000000)
  from space 2560K, 95% used [0x00000000ec000000,0x00000000ec260000,0x00000000ec280000)
  to   space 3584K, 0% used [0x00000000ec380000,0x00000000ec380000,0x00000000ec700000)
 ParOldGen       total 68608K, used 18893K [0x00000000c0000000, 0x00000000c4300000, 0x00000000eab00000)
  object space 68608K, 27% used [0x00000000c0000000,0x00000000c12734a0,0x00000000c4300000)
 Metaspace       used 37660K, committed 38400K, reserved 1114112K
  class space    used 3807K, committed 4096K, reserved 1048576K
}
Event: 6.397 GC heap before
{Heap before GC invocations=16 (full 2):
 PSYoungGen      total 24064K, used 23936K [0x00000000eab00000, 0x00000000ec700000, 0x0000000100000000)
  eden space 21504K, 100% used [0x00000000eab00000,0x00000000ec000000,0x00000000ec000000)
  from space 2560K, 95% used [0x00000000ec000000,0x00000000ec260000,0x00000000ec280000)
  to   space 3584K, 0% used [0x00000000ec380000,0x00000000ec380000,0x00000000ec700000)
 ParOldGen       total 68608K, used 18893K [0x00000000c0000000, 0x00000000c4300000, 0x00000000eab00000)
  object space 68608K, 27% used [0x00000000c0000000,0x00000000c12734a0,0x00000000c4300000)
 Metaspace       used 37661K, committed 38400K, reserved 1114112K
  class space    used 3807K, committed 4096K, reserved 1048576K
}
Event: 6.401 GC heap after
{Heap after GC invocations=16 (full 2):
 PSYoungGen      total 24576K, used 2592K [0x00000000eab00000, 0x00000000ec680000, 0x0000000100000000)
  eden space 21504K, 0% used [0x00000000eab00000,0x00000000eab00000,0x00000000ec000000)
  from space 3072K, 84% used [0x00000000ec380000,0x00000000ec608010,0x00000000ec680000)
  to   space 3072K, 0% used [0x00000000ec080000,0x00000000ec080000,0x00000000ec380000)
 ParOldGen       total 68608K, used 21229K [0x00000000c0000000, 0x00000000c4300000, 0x00000000eab00000)
  object space 68608K, 30% used [0x00000000c0000000,0x00000000c14bb4a0,0x00000000c4300000)
 Metaspace       used 37661K, committed 38400K, reserved 1114112K
  class space    used 3807K, committed 4096K, reserved 1048576K
}
Event: 6.838 GC heap before
{Heap before GC invocations=17 (full 2):
 PSYoungGen      total 24576K, used 24096K [0x00000000eab00000, 0x00000000ec680000, 0x0000000100000000)
  eden space 21504K, 100% used [0x00000000eab00000,0x00000000ec000000,0x00000000ec000000)
  from space 3072K, 84% used [0x00000000ec380000,0x00000000ec608010,0x00000000ec680000)
  to   space 3072K, 0% used [0x00000000ec080000,0x00000000ec080000,0x00000000ec380000)
 ParOldGen       total 68608K, used 21229K [0x00000000c0000000, 0x00000000c4300000, 0x00000000eab00000)
  object space 68608K, 30% used [0x00000000c0000000,0x00000000c14bb4a0,0x00000000c4300000)
 Metaspace       used 38273K, committed 39040K, reserved 1114112K
  class space    used 3878K, committed 4224K, reserved 1048576K
}
Event: 6.846 GC heap after
{Heap after GC invocations=17 (full 2):
 PSYoungGen      total 24576K, used 3044K [0x00000000eab00000, 0x00000000ece00000, 0x0000000100000000)
  eden space 21504K, 0% used [0x00000000eab00000,0x00000000eab00000,0x00000000ec000000)
  from space 3072K, 99% used [0x00000000ec080000,0x00000000ec379020,0x00000000ec380000)
  to   space 7168K, 0% used [0x00000000ec700000,0x00000000ec700000,0x00000000ece00000)
 ParOldGen       total 68608K, used 24477K [0x00000000c0000000, 0x00000000c4300000, 0x00000000eab00000)
  object space 68608K, 35% used [0x00000000c0000000,0x00000000c17e7510,0x00000000c4300000)
 Metaspace       used 38273K, committed 39040K, reserved 1114112K
  class space    used 3878K, committed 4224K, reserved 1048576K
}
Event: 7.366 GC heap before
{Heap before GC invocations=18 (full 2):
 PSYoungGen      total 24576K, used 24548K [0x00000000eab00000, 0x00000000ece00000, 0x0000000100000000)
  eden space 21504K, 100% used [0x00000000eab00000,0x00000000ec000000,0x00000000ec000000)
  from space 3072K, 99% used [0x00000000ec080000,0x00000000ec379020,0x00000000ec380000)
  to   space 7168K, 0% used [0x00000000ec700000,0x00000000ec700000,0x00000000ece00000)
 ParOldGen       total 68608K, used 24477K [0x00000000c0000000, 0x00000000c4300000, 0x00000000eab00000)
  object space 68608K, 35% used [0x00000000c0000000,0x00000000c17e7510,0x00000000c4300000)
 Metaspace       used 40563K, committed 41280K, reserved 1114112K
  class space    used 4134K, committed 4416K, reserved 1048576K
}
Event: 7.370 GC heap after
{Heap after GC invocations=18 (full 2):
 PSYoungGen      total 23040K, used 1432K [0x00000000eab00000, 0x00000000ec880000, 0x0000000100000000)
  eden space 21504K, 0% used [0x00000000eab00000,0x00000000eab00000,0x00000000ec000000)
  from space 1536K, 93% used [0x00000000ec700000,0x00000000ec866288,0x00000000ec880000)
  to   space 3584K, 0% used [0x00000000ec180000,0x00000000ec180000,0x00000000ec500000)
 ParOldGen       total 68608K, used 27526K [0x00000000c0000000, 0x00000000c4300000, 0x00000000eab00000)
  object space 68608K, 40% used [0x00000000c0000000,0x00000000c1ae1888,0x00000000c4300000)
 Metaspace       used 40563K, committed 41280K, reserved 1114112K
  class space    used 4134K, committed 4416K, reserved 1048576K
}
Event: 7.959 GC heap before
{Heap before GC invocations=19 (full 2):
 PSYoungGen      total 23040K, used 22936K [0x00000000eab00000, 0x00000000ec880000, 0x0000000100000000)
  eden space 21504K, 100% used [0x00000000eab00000,0x00000000ec000000,0x00000000ec000000)
  from space 1536K, 93% used [0x00000000ec700000,0x00000000ec866288,0x00000000ec880000)
  to   space 3584K, 0% used [0x00000000ec180000,0x00000000ec180000,0x00000000ec500000)
 ParOldGen       total 68608K, used 27526K [0x00000000c0000000, 0x00000000c4300000, 0x00000000eab00000)
  object space 68608K, 40% used [0x00000000c0000000,0x00000000c1ae1888,0x00000000c4300000)
 Metaspace       used 41618K, committed 42368K, reserved 1114112K
  class space    used 4255K, committed 4544K, reserved 1048576K
}
Event: 7.961 GC heap after
{Heap after GC invocations=19 (full 2):
 PSYoungGen      total 25088K, used 384K [0x00000000eab00000, 0x00000000ec780000, 0x0000000100000000)
  eden space 21504K, 0% used [0x00000000eab00000,0x00000000eab00000,0x00000000ec000000)
  from space 3584K, 10% used [0x00000000ec180000,0x00000000ec1e0000,0x00000000ec500000)
  to   space 1536K, 0% used [0x00000000ec600000,0x00000000ec600000,0x00000000ec780000)
 ParOldGen       total 68608K, used 28896K [0x00000000c0000000, 0x00000000c4300000, 0x00000000eab00000)
  object space 68608K, 42% used [0x00000000c0000000,0x00000000c1c38170,0x00000000c4300000)
 Metaspace       used 41618K, committed 42368K, reserved 1114112K
  class space    used 4255K, committed 4544K, reserved 1048576K
}
Event: 8.254 GC heap before
{Heap before GC invocations=20 (full 2):
 PSYoungGen      total 25088K, used 21888K [0x00000000eab00000, 0x00000000ec780000, 0x0000000100000000)
  eden space 21504K, 100% used [0x00000000eab00000,0x00000000ec000000,0x00000000ec000000)
  from space 3584K, 10% used [0x00000000ec180000,0x00000000ec1e0000,0x00000000ec500000)
  to   space 1536K, 0% used [0x00000000ec600000,0x00000000ec600000,0x00000000ec780000)
 ParOldGen       total 68608K, used 28896K [0x00000000c0000000, 0x00000000c4300000, 0x00000000eab00000)
  object space 68608K, 42% used [0x00000000c0000000,0x00000000c1c38170,0x00000000c4300000)
 Metaspace       used 42316K, committed 43072K, reserved 1114112K
  class space    used 4307K, committed 4608K, reserved 1048576K
}
Event: 8.256 GC heap after
{Heap after GC invocations=20 (full 2):
 PSYoungGen      total 23040K, used 1240K [0x00000000eab00000, 0x00000000ec780000, 0x0000000100000000)
  eden space 21504K, 0% used [0x00000000eab00000,0x00000000eab00000,0x00000000ec000000)
  from space 1536K, 80% used [0x00000000ec600000,0x00000000ec7363c0,0x00000000ec780000)
  to   space 1536K, 0% used [0x00000000ec480000,0x00000000ec480000,0x00000000ec600000)
 ParOldGen       total 68608K, used 29176K [0x00000000c0000000, 0x00000000c4300000, 0x00000000eab00000)
  object space 68608K, 42% used [0x00000000c0000000,0x00000000c1c7e170,0x00000000c4300000)
 Metaspace       used 42316K, committed 43072K, reserved 1114112K
  class space    used 4307K, committed 4608K, reserved 1048576K
}
Event: 8.538 GC heap before
{Heap before GC invocations=21 (full 2):
 PSYoungGen      total 23040K, used 22744K [0x00000000eab00000, 0x00000000ec780000, 0x0000000100000000)
  eden space 21504K, 100% used [0x00000000eab00000,0x00000000ec000000,0x00000000ec000000)
  from space 1536K, 80% used [0x00000000ec600000,0x00000000ec7363c0,0x00000000ec780000)
  to   space 1536K, 0% used [0x00000000ec480000,0x00000000ec480000,0x00000000ec600000)
 ParOldGen       total 68608K, used 29176K [0x00000000c0000000, 0x00000000c4300000, 0x00000000eab00000)
  object space 68608K, 42% used [0x00000000c0000000,0x00000000c1c7e170,0x00000000c4300000)
 Metaspace       used 42906K, committed 43648K, reserved 1114112K
  class space    used 4361K, committed 4672K, reserved 1048576K
}
Event: 8.538 GC heap after
{Heap after GC invocations=21 (full 2):
 PSYoungGen      total 22016K, used 96K [0x00000000eab00000, 0x00000000ec680000, 0x0000000100000000)
  eden space 21504K, 0% used [0x00000000eab00000,0x00000000eab00000,0x00000000ec000000)
  from space 512K, 18% used [0x00000000ec480000,0x00000000ec498000,0x00000000ec500000)
  to   space 1024K, 0% used [0x00000000ec580000,0x00000000ec580000,0x00000000ec680000)
 ParOldGen       total 68608K, used 29336K [0x00000000c0000000, 0x00000000c4300000, 0x00000000eab00000)
  object space 68608K, 42% used [0x00000000c0000000,0x00000000c1ca6170,0x00000000c4300000)
 Metaspace       used 42906K, committed 43648K, reserved 1114112K
  class space    used 4361K, committed 4672K, reserved 1048576K
}

Dll operation events (10 events):
Event: 0.008 Loaded shared library c:\Users\DELL\.vscode\extensions\redhat.java-1.30.0-win32-x64\jre\17.0.10-win32-x86_64\bin\java.dll
Event: 0.112 Loaded shared library c:\Users\DELL\.vscode\extensions\redhat.java-1.30.0-win32-x64\jre\17.0.10-win32-x86_64\bin\zip.dll
Event: 0.115 Loaded shared library C:\Users\DELL\.vscode\extensions\redhat.java-1.30.0-win32-x64\jre\17.0.10-win32-x86_64\bin\instrument.dll
Event: 0.125 Loaded shared library C:\Users\DELL\.vscode\extensions\redhat.java-1.30.0-win32-x64\jre\17.0.10-win32-x86_64\bin\net.dll
Event: 0.126 Loaded shared library C:\Users\DELL\.vscode\extensions\redhat.java-1.30.0-win32-x64\jre\17.0.10-win32-x86_64\bin\nio.dll
Event: 0.131 Loaded shared library C:\Users\DELL\.vscode\extensions\redhat.java-1.30.0-win32-x64\jre\17.0.10-win32-x86_64\bin\zip.dll
Event: 0.142 Loaded shared library C:\Users\DELL\.vscode\extensions\redhat.java-1.30.0-win32-x64\jre\17.0.10-win32-x86_64\bin\jimage.dll
Event: 0.184 Loaded shared library c:\Users\DELL\.vscode\extensions\redhat.java-1.30.0-win32-x64\jre\17.0.10-win32-x86_64\bin\verify.dll
Event: 1.234 Loaded shared library C:\Users\DELL\AppData\Roaming\Code\User\globalStorage\redhat.java\1.30.0\config_ss_win\org.eclipse.equinox.launcher\org.eclipse.equinox.launcher.win32.win32.x86_64_1.2.900.v20240213-1244\eclipse_11900.dll
Event: 5.128 Loaded shared library C:\Users\DELL\AppData\Local\Temp\jna-2094529\jna9229655095076192513.dll

Deoptimization events (20 events):
Event: 8.224 Thread 0x000001fd2f0e1830 DEOPT PACKING pc=0x000001fd1e79dc3c sp=0x000000bfe15f96b0
Event: 8.224 Thread 0x000001fd2f0e1830 DEOPT UNPACKING pc=0x000001fd1e1366a3 sp=0x000000bfe15f9618 mode 2
Event: 8.224 Thread 0x000001fd2f0e1830 Uncommon trap: trap_request=0xffffffde fr.pc=0x000001fd1e79dc3c relative=0x0000000000007bbc
Event: 8.224 Thread 0x000001fd2f0e1830 Uncommon trap: reason=class_check action=maybe_recompile pc=0x000001fd1e79dc3c method=lombok.patcher.PatchScript$MethodPatcher.visitMethod(ILjava/lang/String;Ljava/lang/String;Ljava/lang/String;[Ljava/lang/String;)Lorg/lombokweb/asm/MethodVisitor; @ 101 c
Event: 8.224 Thread 0x000001fd2f0e1830 DEOPT PACKING pc=0x000001fd1e79dc3c sp=0x000000bfe15f96b0
Event: 8.224 Thread 0x000001fd2f0e1830 DEOPT UNPACKING pc=0x000001fd1e1366a3 sp=0x000000bfe15f9618 mode 2
Event: 8.224 Thread 0x000001fd2f0e1830 Uncommon trap: trap_request=0xffffffde fr.pc=0x000001fd1e79dc3c relative=0x0000000000007bbc
Event: 8.224 Thread 0x000001fd2f0e1830 Uncommon trap: reason=class_check action=maybe_recompile pc=0x000001fd1e79dc3c method=lombok.patcher.PatchScript$MethodPatcher.visitMethod(ILjava/lang/String;Ljava/lang/String;Ljava/lang/String;[Ljava/lang/String;)Lorg/lombokweb/asm/MethodVisitor; @ 101 c
Event: 8.224 Thread 0x000001fd2f0e1830 DEOPT PACKING pc=0x000001fd1e79dc3c sp=0x000000bfe15f96b0
Event: 8.224 Thread 0x000001fd2f0e1830 DEOPT UNPACKING pc=0x000001fd1e1366a3 sp=0x000000bfe15f9618 mode 2
Event: 8.348 Thread 0x000001fd2f0e1830 DEOPT PACKING pc=0x000001fd1705139b sp=0x000000bfe15f9800
Event: 8.348 Thread 0x000001fd2f0e1830 DEOPT UNPACKING pc=0x000001fd1e136e43 sp=0x000000bfe15f8d00 mode 0
Event: 8.369 Thread 0x000001fd2f0e1830 DEOPT PACKING pc=0x000001fd1705139b sp=0x000000bfe15f9800
Event: 8.369 Thread 0x000001fd2f0e1830 DEOPT UNPACKING pc=0x000001fd1e136e43 sp=0x000000bfe15f8d00 mode 0
Event: 8.373 Thread 0x000001fd2f0e1830 DEOPT PACKING pc=0x000001fd1705139b sp=0x000000bfe15f9800
Event: 8.373 Thread 0x000001fd2f0e1830 DEOPT UNPACKING pc=0x000001fd1e136e43 sp=0x000000bfe15f8d00 mode 0
Event: 8.381 Thread 0x000001fd2f0e1830 DEOPT PACKING pc=0x000001fd1705139b sp=0x000000bfe15f9800
Event: 8.381 Thread 0x000001fd2f0e1830 DEOPT UNPACKING pc=0x000001fd1e136e43 sp=0x000000bfe15f8d00 mode 0
Event: 8.400 Thread 0x000001fd2f0e1830 DEOPT PACKING pc=0x000001fd1705139b sp=0x000000bfe15f9800
Event: 8.400 Thread 0x000001fd2f0e1830 DEOPT UNPACKING pc=0x000001fd1e136e43 sp=0x000000bfe15f8d00 mode 0

Classes unloaded (7 events):
Event: 2.445 Thread 0x000001fd2ce114b0 Unloading class 0x000000010021a400 'java/lang/invoke/LambdaForm$MH+0x000000010021a400'
Event: 2.445 Thread 0x000001fd2ce114b0 Unloading class 0x000000010021a000 'java/lang/invoke/LambdaForm$MH+0x000000010021a000'
Event: 2.445 Thread 0x000001fd2ce114b0 Unloading class 0x0000000100219c00 'java/lang/invoke/LambdaForm$MH+0x0000000100219c00'
Event: 2.445 Thread 0x000001fd2ce114b0 Unloading class 0x0000000100219800 'java/lang/invoke/LambdaForm$MH+0x0000000100219800'
Event: 2.445 Thread 0x000001fd2ce114b0 Unloading class 0x0000000100219400 'java/lang/invoke/LambdaForm$BMH+0x0000000100219400'
Event: 2.445 Thread 0x000001fd2ce114b0 Unloading class 0x0000000100219000 'java/lang/invoke/LambdaForm$DMH+0x0000000100219000'
Event: 2.445 Thread 0x000001fd2ce114b0 Unloading class 0x0000000100214400 'java/lang/invoke/LambdaForm$DMH+0x0000000100214400'

Classes redefined (0 events):
No events

Internal exceptions (20 events):
Event: 6.011 Thread 0x000001fd2ea65040 Exception <a 'java/io/FileNotFoundException'{0x00000000eb2f2ff0}> (0x00000000eb2f2ff0) 
thrown [s\src\hotspot\share\prims\jni.cpp, line 516]
Event: 6.013 Thread 0x000001fd2ea65040 Exception <a 'java/lang/NoSuchMethodError'{0x00000000eb304fa0}: 'void java.lang.invoke.DirectMethodHandle$Holder.invokeStaticInit(java.lang.Object, java.lang.Object, java.lang.Object)'> (0x00000000eb304fa0) 
thrown [s\src\hotspot\share\interpreter\linkResolver.cpp, line 759]
Event: 6.737 Thread 0x000001fd2f0e0e10 Exception <a 'java/lang/NoSuchMethodError'{0x00000000ebb70510}: 'java.lang.Object java.lang.invoke.DirectMethodHandle$Holder.invokeInterface(java.lang.Object, java.lang.Object, java.lang.Object)'> (0x00000000ebb70510) 
thrown [s\src\hotspot\share\interpreter\linkResolver.cpp, line 759]
Event: 6.737 Thread 0x000001fd2f0e1d40 Exception <a 'java/lang/NoSuchMethodError'{0x00000000ebb06468}: 'java.lang.Object java.lang.invoke.DirectMethodHandle$Holder.invokeInterface(java.lang.Object, java.lang.Object, java.lang.Object)'> (0x00000000ebb06468) 
thrown [s\src\hotspot\share\interpreter\linkResolver.cpp, line 759]
Event: 6.737 Thread 0x000001fd2f0e0900 Exception <a 'java/lang/NoSuchMethodError'{0x00000000ebb6ce88}: 'java.lang.Object java.lang.invoke.DirectMethodHandle$Holder.invokeInterface(java.lang.Object, java.lang.Object, java.lang.Object)'> (0x00000000ebb6ce88) 
thrown [s\src\hotspot\share\interpreter\linkResolver.cpp, line 759]
Event: 7.242 Thread 0x000001fd2ea64620 Exception <a 'java/io/FileNotFoundException'{0x00000000eb938568}> (0x00000000eb938568) 
thrown [s\src\hotspot\share\prims\jni.cpp, line 516]
Event: 7.262 Thread 0x000001fd2f0e1d40 Exception <a 'java/lang/LinkageError'{0x00000000eb9c06f0}: loader lombok.launch.ShadowClassLoader @7216ff7e attempted duplicate class definition for lombok.launch.PatchFixesHider$Transform. (lombok.launch.PatchFixesHider$Transform is in unnamed module of loader lombok.launch.ShadowClassLoader @7216ff7e, parent loader org.eclipse.osgi.internal.loader.EquinoxClassLoader @2aae2128)> (0x00000000eb9c06f0) 
thrown [s\src\hotspot\share\classfile\systemDictionary.cpp, line 1724]
Event: 7.262 Thread 0x000001fd2f0e45c0 Exception <a 'java/lang/LinkageError'{0x00000000ebaee748}: loader lombok.launch.ShadowClassLoader @7216ff7e attempted duplicate class definition for lombok.launch.PatchFixesHider$Transform. (lombok.launch.PatchFixesHider$Transform is in unnamed module of loader lombok.launch.ShadowClassLoader @7216ff7e, parent loader org.eclipse.osgi.internal.loader.EquinoxClassLoader @2aae2128)> (0x00000000ebaee748) 
thrown [s\src\hotspot\share\classfile\systemDictionary.cpp, line 1724]
Event: 7.262 Thread 0x000001fd2f0e0e10 Exception <a 'java/lang/LinkageError'{0x00000000eba74688}: loader lombok.launch.ShadowClassLoader @7216ff7e attempted duplicate class definition for lombok.launch.PatchFixesHider$Transform. (lombok.launch.PatchFixesHider$Transform is in unnamed module of loader lombok.launch.ShadowClassLoader @7216ff7e, parent loader org.eclipse.osgi.internal.loader.EquinoxClassLoader @2aae2128)> (0x00000000eba74688) 
thrown [s\src\hotspot\share\classfile\systemDictionary.cpp, line 1724]
Event: 7.263 Thread 0x000001fd2f0e0900 Exception <a 'java/lang/LinkageError'{0x00000000ebb20a80}: loader lombok.launch.ShadowClassLoader @7216ff7e attempted duplicate class definition for lombok.launch.PatchFixesHider$Transform. (lombok.launch.PatchFixesHider$Transform is in unnamed module of loader lombok.launch.ShadowClassLoader @7216ff7e, parent loader org.eclipse.osgi.internal.loader.EquinoxClassLoader @2aae2128)> (0x00000000ebb20a80) 
thrown [s\src\hotspot\share\classfile\systemDictionary.cpp, line 1724]
Event: 7.264 Thread 0x000001fd2f0e1830 Exception <a 'java/lang/LinkageError'{0x00000000eb9e59b8}: loader lombok.launch.ShadowClassLoader @7216ff7e attempted duplicate class definition for lombok.launch.PatchFixesHider$Transform. (lombok.launch.PatchFixesHider$Transform is in unnamed module of loader lombok.launch.ShadowClassLoader @7216ff7e, parent loader org.eclipse.osgi.internal.loader.EquinoxClassLoader @2aae2128)> (0x00000000eb9e59b8) 
thrown [s\src\hotspot\share\classfile\systemDictionary.cpp, line 1724]
Event: 7.266 Thread 0x000001fd2f0e4fe0 Exception <a 'java/lang/LinkageError'{0x00000000ebb58368}: loader lombok.launch.ShadowClassLoader @7216ff7e attempted duplicate class definition for lombok.launch.PatchFixesHider$Transform. (lombok.launch.PatchFixesHider$Transform is in unnamed module of loader lombok.launch.ShadowClassLoader @7216ff7e, parent loader org.eclipse.osgi.internal.loader.EquinoxClassLoader @2aae2128)> (0x00000000ebb58368) 
thrown [s\src\hotspot\share\classfile\systemDictionary.cpp, line 1724]
Event: 7.266 Thread 0x000001fd2f0e3ba0 Exception <a 'java/lang/LinkageError'{0x00000000eb9d08f8}: loader lombok.launch.ShadowClassLoader @7216ff7e attempted duplicate class definition for lombok.launch.PatchFixesHider$Transform. (lombok.launch.PatchFixesHider$Transform is in unnamed module of loader lombok.launch.ShadowClassLoader @7216ff7e, parent loader org.eclipse.osgi.internal.loader.EquinoxClassLoader @2aae2128)> (0x00000000eb9d08f8) 
thrown [s\src\hotspot\share\classfile\systemDictionary.cpp, line 1724]
Event: 8.111 Thread 0x000001fd2f0e1830 Exception <a 'java/lang/LinkageError'{0x00000000eaf90058}: loader lombok.launch.ShadowClassLoader @7216ff7e attempted duplicate class definition for lombok.launch.PatchFixesHider$ValPortal. (lombok.launch.PatchFixesHider$ValPortal is in unnamed module of loader lombok.launch.ShadowClassLoader @7216ff7e, parent loader org.eclipse.osgi.internal.loader.EquinoxClassLoader @2aae2128)> (0x00000000eaf90058) 
thrown [s\src\hotspot\share\classfile\systemDictionary.cpp, line 1724]
Event: 8.137 Thread 0x000001fd2f0e45c0 Exception <a 'java/lang/LinkageError'{0x00000000eaf86548}: loader lombok.launch.ShadowClassLoader @7216ff7e attempted duplicate class definition for lombok.launch.PatchFixesHider$ValPortal. (lombok.launch.PatchFixesHider$ValPortal is in unnamed module of loader lombok.launch.ShadowClassLoader @7216ff7e, parent loader org.eclipse.osgi.internal.loader.EquinoxClassLoader @2aae2128)> (0x00000000eaf86548) 
thrown [s\src\hotspot\share\classfile\systemDictionary.cpp, line 1724]
Event: 8.138 Thread 0x000001fd2f0e4fe0 Exception <a 'java/lang/LinkageError'{0x00000000eaf5da90}: loader lombok.launch.ShadowClassLoader @7216ff7e attempted duplicate class definition for lombok.launch.PatchFixesHider$ValPortal. (lombok.launch.PatchFixesHider$ValPortal is in unnamed module of loader lombok.launch.ShadowClassLoader @7216ff7e, parent loader org.eclipse.osgi.internal.loader.EquinoxClassLoader @2aae2128)> (0x00000000eaf5da90) 
thrown [s\src\hotspot\share\classfile\systemDictionary.cpp, line 1724]
Event: 8.138 Thread 0x000001fd2f0e0900 Exception <a 'java/lang/LinkageError'{0x00000000eaff0730}: loader lombok.launch.ShadowClassLoader @7216ff7e attempted duplicate class definition for lombok.launch.PatchFixesHider$ValPortal. (lombok.launch.PatchFixesHider$ValPortal is in unnamed module of loader lombok.launch.ShadowClassLoader @7216ff7e, parent loader org.eclipse.osgi.internal.loader.EquinoxClassLoader @2aae2128)> (0x00000000eaff0730) 
thrown [s\src\hotspot\share\classfile\systemDictionary.cpp, line 1724]
Event: 8.139 Thread 0x000001fd2f0e3ba0 Exception <a 'java/lang/LinkageError'{0x00000000eaff7760}: loader lombok.launch.ShadowClassLoader @7216ff7e attempted duplicate class definition for lombok.launch.PatchFixesHider$ValPortal. (lombok.launch.PatchFixesHider$ValPortal is in unnamed module of loader lombok.launch.ShadowClassLoader @7216ff7e, parent loader org.eclipse.osgi.internal.loader.EquinoxClassLoader @2aae2128)> (0x00000000eaff7760) 
thrown [s\src\hotspot\share\classfile\systemDictionary.cpp, line 1724]
Event: 8.139 Thread 0x000001fd2f0e2250 Exception <a 'java/lang/LinkageError'{0x00000000eabba9b0}: loader lombok.launch.ShadowClassLoader @7216ff7e attempted duplicate class definition for lombok.launch.PatchFixesHider$ValPortal. (lombok.launch.PatchFixesHider$ValPortal is in unnamed module of loader lombok.launch.ShadowClassLoader @7216ff7e, parent loader org.eclipse.osgi.internal.loader.EquinoxClassLoader @2aae2128)> (0x00000000eabba9b0) 
thrown [s\src\hotspot\share\classfile\systemDictionary.cpp, line 1724]
Event: 8.140 Thread 0x000001fd2f0e1d40 Exception <a 'java/lang/LinkageError'{0x00000000eaf04e10}: loader lombok.launch.ShadowClassLoader @7216ff7e attempted duplicate class definition for lombok.launch.PatchFixesHider$ValPortal. (lombok.launch.PatchFixesHider$ValPortal is in unnamed module of loader lombok.launch.ShadowClassLoader @7216ff7e, parent loader org.eclipse.osgi.internal.loader.EquinoxClassLoader @2aae2128)> (0x00000000eaf04e10) 
thrown [s\src\hotspot\share\classfile\systemDictionary.cpp, line 1724]

VM Operations (20 events):
Event: 6.232 Executing VM operation: ParallelGCFailedAllocation
Event: 6.236 Executing VM operation: ParallelGCFailedAllocation done
Event: 6.323 Executing VM operation: ParallelGCFailedAllocation
Event: 6.326 Executing VM operation: ParallelGCFailedAllocation done
Event: 6.397 Executing VM operation: ParallelGCFailedAllocation
Event: 6.401 Executing VM operation: ParallelGCFailedAllocation done
Event: 6.838 Executing VM operation: ParallelGCFailedAllocation
Event: 6.846 Executing VM operation: ParallelGCFailedAllocation done
Event: 6.852 Executing VM operation: HandshakeAllThreads
Event: 6.852 Executing VM operation: HandshakeAllThreads done
Event: 7.205 Executing VM operation: HandshakeAllThreads
Event: 7.205 Executing VM operation: HandshakeAllThreads done
Event: 7.366 Executing VM operation: ParallelGCFailedAllocation
Event: 7.370 Executing VM operation: ParallelGCFailedAllocation done
Event: 7.959 Executing VM operation: ParallelGCFailedAllocation
Event: 7.961 Executing VM operation: ParallelGCFailedAllocation done
Event: 8.254 Executing VM operation: ParallelGCFailedAllocation
Event: 8.256 Executing VM operation: ParallelGCFailedAllocation done
Event: 8.537 Executing VM operation: ParallelGCFailedAllocation
Event: 8.539 Executing VM operation: ParallelGCFailedAllocation done

Events (20 events):
Event: 6.802 loading class sun/nio/cs/ThreadLocalCoders done
Event: 6.802 loading class sun/nio/cs/ThreadLocalCoders$1
Event: 6.802 loading class sun/nio/cs/ThreadLocalCoders$Cache
Event: 6.802 loading class sun/nio/cs/ThreadLocalCoders$Cache done
Event: 6.802 loading class sun/nio/cs/ThreadLocalCoders$1 done
Event: 6.802 loading class sun/nio/cs/ThreadLocalCoders$2
Event: 6.802 loading class sun/nio/cs/ThreadLocalCoders$2 done
Event: 6.881 loading class java/lang/ExceptionInInitializerError
Event: 6.882 loading class java/lang/ExceptionInInitializerError done
Event: 7.071 Thread 0x000001fd2ecbc470 Thread exited: 0x000001fd2ecbc470
Event: 7.246 Thread 0x000001fd2f0e3690 Thread added: 0x000001fd2f0e3690
Event: 7.247 loading class java/util/WeakHashMap$KeyIterator
Event: 7.247 loading class java/util/WeakHashMap$KeyIterator done
Event: 7.584 Thread 0x000001fd2e167c50 Thread exited: 0x000001fd2e167c50
Event: 7.596 loading class java/util/Vector$1
Event: 7.597 loading class java/util/Vector$1 done
Event: 7.893 loading class java/util/Collections$UnmodifiableSortedSet
Event: 7.894 loading class java/util/Collections$UnmodifiableSortedSet done
Event: 7.970 loading class java/util/regex/Pattern$Caret
Event: 7.971 loading class java/util/regex/Pattern$Caret done


Dynamic libraries:
0x00007ff749fd0000 - 0x00007ff749fde000 	c:\Users\DELL\.vscode\extensions\redhat.java-1.30.0-win32-x64\jre\17.0.10-win32-x86_64\bin\java.exe
0x00007fff5e910000 - 0x00007fff5eb26000 	C:\Windows\SYSTEM32\ntdll.dll
0x00007fff5d7a0000 - 0x00007fff5d864000 	C:\Windows\System32\KERNEL32.DLL
0x00007fff5bfa0000 - 0x00007fff5c347000 	C:\Windows\System32\KERNELBASE.dll
0x00007fff58bc0000 - 0x00007fff58c57000 	C:\Windows\SYSTEM32\apphelp.dll
0x00007fff5c350000 - 0x00007fff5c461000 	C:\Windows\System32\ucrtbase.dll
0x00007fff4aea0000 - 0x00007fff4aeb7000 	c:\Users\DELL\.vscode\extensions\redhat.java-1.30.0-win32-x64\jre\17.0.10-win32-x86_64\bin\jli.dll
0x00007fff4ab60000 - 0x00007fff4ab7b000 	c:\Users\DELL\.vscode\extensions\redhat.java-1.30.0-win32-x64\jre\17.0.10-win32-x86_64\bin\VCRUNTIME140.dll
0x00007fff5d440000 - 0x00007fff5d5ee000 	C:\Windows\System32\USER32.dll
0x00007fff42100000 - 0x00007fff42393000 	C:\Windows\WinSxS\amd64_microsoft.windows.common-controls_6595b64144ccf1df_6.0.22621.3235_none_270f74e173860f98\COMCTL32.dll
0x00007fff5bc60000 - 0x00007fff5bc86000 	C:\Windows\System32\win32u.dll
0x00007fff5c640000 - 0x00007fff5c6e7000 	C:\Windows\System32\msvcrt.dll
0x00007fff5dae0000 - 0x00007fff5db09000 	C:\Windows\System32\GDI32.dll
0x00007fff5be00000 - 0x00007fff5bf19000 	C:\Windows\System32\gdi32full.dll
0x00007fff5c4e0000 - 0x00007fff5c57a000 	C:\Windows\System32\msvcp_win.dll
0x00007fff5dee0000 - 0x00007fff5df11000 	C:\Windows\System32\IMM32.DLL
0x00007fff58ac0000 - 0x00007fff58acc000 	c:\Users\DELL\.vscode\extensions\redhat.java-1.30.0-win32-x64\jre\17.0.10-win32-x86_64\bin\vcruntime140_1.dll
0x00007fff44390000 - 0x00007fff4441d000 	c:\Users\DELL\.vscode\extensions\redhat.java-1.30.0-win32-x64\jre\17.0.10-win32-x86_64\bin\msvcp140.dll
0x00007fff0a110000 - 0x00007fff0ad72000 	c:\Users\DELL\.vscode\extensions\redhat.java-1.30.0-win32-x64\jre\17.0.10-win32-x86_64\bin\server\jvm.dll
0x00007fff5cb00000 - 0x00007fff5cbb2000 	C:\Windows\System32\ADVAPI32.dll
0x00007fff5e790000 - 0x00007fff5e838000 	C:\Windows\System32\sechost.dll
0x00007fff5bc30000 - 0x00007fff5bc58000 	C:\Windows\System32\bcrypt.dll
0x00007fff5dda0000 - 0x00007fff5deb5000 	C:\Windows\System32\RPCRT4.dll
0x00007fff5aad0000 - 0x00007fff5ab1d000 	C:\Windows\SYSTEM32\POWRPROF.dll
0x00007fff41d10000 - 0x00007fff41d19000 	C:\Windows\SYSTEM32\WSOCK32.dll
0x00007fff5da60000 - 0x00007fff5dad1000 	C:\Windows\System32\WS2_32.dll
0x00007fff4ce40000 - 0x00007fff4ce4a000 	C:\Windows\SYSTEM32\VERSION.dll
0x00007fff52640000 - 0x00007fff52674000 	C:\Windows\SYSTEM32\WINMM.dll
0x00007fff5aab0000 - 0x00007fff5aac3000 	C:\Windows\SYSTEM32\UMPDC.dll
0x00007fff5ad60000 - 0x00007fff5ad78000 	C:\Windows\SYSTEM32\kernel.appcore.dll
0x00007fff53d70000 - 0x00007fff53d7a000 	c:\Users\DELL\.vscode\extensions\redhat.java-1.30.0-win32-x64\jre\17.0.10-win32-x86_64\bin\jimage.dll
0x00007fff59030000 - 0x00007fff59263000 	C:\Windows\SYSTEM32\DBGHELP.DLL
0x00007fff5d0b0000 - 0x00007fff5d438000 	C:\Windows\System32\combase.dll
0x00007fff5ca10000 - 0x00007fff5cae7000 	C:\Windows\System32\OLEAUT32.dll
0x00007fff4bee0000 - 0x00007fff4bf12000 	C:\Windows\SYSTEM32\dbgcore.DLL
0x00007fff5bf20000 - 0x00007fff5bf99000 	C:\Windows\System32\bcryptPrimitives.dll
0x00007fff53d30000 - 0x00007fff53d3e000 	c:\Users\DELL\.vscode\extensions\redhat.java-1.30.0-win32-x64\jre\17.0.10-win32-x86_64\bin\instrument.dll
0x00007fff45bc0000 - 0x00007fff45be5000 	c:\Users\DELL\.vscode\extensions\redhat.java-1.30.0-win32-x64\jre\17.0.10-win32-x86_64\bin\java.dll
0x00007fff44890000 - 0x00007fff448a8000 	c:\Users\DELL\.vscode\extensions\redhat.java-1.30.0-win32-x64\jre\17.0.10-win32-x86_64\bin\zip.dll
0x00007fff5df30000 - 0x00007fff5e78c000 	C:\Windows\System32\SHELL32.dll
0x00007fff59ba0000 - 0x00007fff5a499000 	C:\Windows\SYSTEM32\windows.storage.dll
0x00007fff59a60000 - 0x00007fff59b9e000 	C:\Windows\SYSTEM32\wintypes.dll
0x00007fff5c910000 - 0x00007fff5ca03000 	C:\Windows\System32\SHCORE.dll
0x00007fff5c6f0000 - 0x00007fff5c74e000 	C:\Windows\System32\shlwapi.dll
0x00007fff5bb60000 - 0x00007fff5bb81000 	C:\Windows\SYSTEM32\profapi.dll
0x00007fff44820000 - 0x00007fff44839000 	C:\Users\DELL\.vscode\extensions\redhat.java-1.30.0-win32-x64\jre\17.0.10-win32-x86_64\bin\net.dll
0x00007fff56020000 - 0x00007fff56156000 	C:\Windows\SYSTEM32\WINHTTP.dll
0x00007fff5b1d0000 - 0x00007fff5b239000 	C:\Windows\system32\mswsock.dll
0x00007fff44800000 - 0x00007fff44816000 	C:\Users\DELL\.vscode\extensions\redhat.java-1.30.0-win32-x64\jre\17.0.10-win32-x86_64\bin\nio.dll
0x00007fff50620000 - 0x00007fff50630000 	c:\Users\DELL\.vscode\extensions\redhat.java-1.30.0-win32-x64\jre\17.0.10-win32-x86_64\bin\verify.dll
0x00007fff447c0000 - 0x00007fff447fe000 	C:\Users\DELL\AppData\Roaming\Code\User\globalStorage\redhat.java\1.30.0\config_ss_win\org.eclipse.equinox.launcher\org.eclipse.equinox.launcher.win32.win32.x86_64_1.2.900.v20240213-1244\eclipse_11900.dll
0x00007fff5d5f0000 - 0x00007fff5d795000 	C:\Windows\System32\ole32.dll
0x00007fff5b430000 - 0x00007fff5b44b000 	C:\Windows\SYSTEM32\CRYPTSP.dll
0x00007fff5acc0000 - 0x00007fff5acf5000 	C:\Windows\system32\rsaenh.dll
0x00007fff5b2d0000 - 0x00007fff5b2f8000 	C:\Windows\SYSTEM32\USERENV.dll
0x00007fff5b450000 - 0x00007fff5b45c000 	C:\Windows\SYSTEM32\CRYPTBASE.dll
0x00007fff5a770000 - 0x00007fff5a79d000 	C:\Windows\SYSTEM32\IPHLPAPI.DLL
0x00007fff5da50000 - 0x00007fff5da59000 	C:\Windows\System32\NSI.dll
0x00007fff55cb0000 - 0x00007fff55cc9000 	C:\Windows\SYSTEM32\dhcpcsvc6.DLL
0x00007fff55bc0000 - 0x00007fff55bdf000 	C:\Windows\SYSTEM32\dhcpcsvc.DLL
0x00007fff5a7a0000 - 0x00007fff5a899000 	C:\Windows\SYSTEM32\DNSAPI.dll
0x00007fff3d850000 - 0x00007fff3d895000 	C:\Users\DELL\AppData\Local\Temp\jna-2094529\jna9229655095076192513.dll
0x00007fff5caf0000 - 0x00007fff5caf8000 	C:\Windows\System32\PSAPI.DLL

dbghelp: loaded successfully - version: 4.0.5 - missing functions: none
symbol engine: initialized successfully - sym options: 0x614 - pdb path: .;c:\Users\DELL\.vscode\extensions\redhat.java-1.30.0-win32-x64\jre\17.0.10-win32-x86_64\bin;C:\Windows\SYSTEM32;C:\Windows\WinSxS\amd64_microsoft.windows.common-controls_6595b64144ccf1df_6.0.22621.3235_none_270f74e173860f98;c:\Users\DELL\.vscode\extensions\redhat.java-1.30.0-win32-x64\jre\17.0.10-win32-x86_64\bin\server;C:\Users\DELL\AppData\Roaming\Code\User\globalStorage\redhat.java\1.30.0\config_ss_win\org.eclipse.equinox.launcher\org.eclipse.equinox.launcher.win32.win32.x86_64_1.2.900.v20240213-1244;C:\Users\DELL\AppData\Local\Temp\jna-2094529

VM Arguments:
jvm_args: --add-modules=ALL-SYSTEM --add-opens=java.base/java.util=ALL-UNNAMED --add-opens=java.base/java.lang=ALL-UNNAMED --add-opens=java.base/sun.nio.fs=ALL-UNNAMED -Declipse.application=org.eclipse.jdt.ls.core.id1 -Dosgi.bundles.defaultStartLevel=4 -Declipse.product=org.eclipse.jdt.ls.core.product -Djava.import.generatesMetadataFilesAtProjectRoot=false -DDetectVMInstallationsJob.disabled=true -Dfile.encoding=utf8 -XX:+UseParallelGC -XX:GCTimeRatio=4 -XX:AdaptiveSizePolicyWeight=90 -Dsun.zip.disableMemoryMapping=true -Xmx1G -Xms100m -Xlog:disable -javaagent:c:\Users\DELL\.vscode\extensions\redhat.java-1.30.0-win32-x64\lombok\lombok-1.18.32.jar 
java_command: c:\Users\DELL\.vscode\extensions\redhat.java-1.30.0-win32-x64\server\plugins\org.eclipse.equinox.launcher_1.6.800.v20240330-1250.jar -configuration c:\Users\DELL\AppData\Roaming\Code\User\globalStorage\redhat.java\1.30.0\config_ss_win -data c:\Users\DELL\AppData\Roaming\Code\User\workspaceStorage\dae1452efd752c700ad62780db8628e0\redhat.java\ss_ws --pipe=\\.\pipe\lsp-0be1d8824927b69cac9e581b916694b1-sock
java_class_path (initial): c:\Users\DELL\.vscode\extensions\redhat.java-1.30.0-win32-x64\server\plugins\org.eclipse.equinox.launcher_1.6.800.v20240330-1250.jar
Launcher Type: SUN_STANDARD

[Global flags]
    uintx AdaptiveSizePolicyWeight                 = 90                                        {product} {command line}
     intx CICompilerCount                          = 4                                         {product} {ergonomic}
    uintx GCTimeRatio                              = 4                                         {product} {command line}
   size_t InitialHeapSize                          = 104857600                                 {product} {command line}
   size_t MaxHeapSize                              = 1073741824                                {product} {command line}
   size_t MaxNewSize                               = 357564416                                 {product} {ergonomic}
   size_t MinHeapDeltaBytes                        = 524288                                    {product} {ergonomic}
   size_t MinHeapSize                              = 104857600                                 {product} {command line}
   size_t NewSize                                  = 34603008                                  {product} {ergonomic}
    uintx NonNMethodCodeHeapSize                   = 5839372                                {pd product} {ergonomic}
    uintx NonProfiledCodeHeapSize                  = 122909434                              {pd product} {ergonomic}
   size_t OldSize                                  = 70254592                                  {product} {ergonomic}
    uintx ProfiledCodeHeapSize                     = 122909434                              {pd product} {ergonomic}
    uintx ReservedCodeCacheSize                    = 251658240                              {pd product} {ergonomic}
     bool SegmentedCodeCache                       = true                                      {product} {ergonomic}
   size_t SoftMaxHeapSize                          = 1073741824                             {manageable} {ergonomic}
     bool UseCompressedClassPointers               = true                           {product lp64_product} {ergonomic}
     bool UseCompressedOops                        = true                           {product lp64_product} {ergonomic}
     bool UseLargePagesIndividualAllocation        = false                                  {pd product} {ergonomic}
     bool UseParallelGC                            = true                                      {product} {command line}

Logging:
Log output configuration:
 #0: stdout all=off uptime,level,tags
 #1: stderr all=off uptime,level,tags

Environment Variables:
JAVA_HOME=C:\Users\DELL\AppData\Local\Programs\Eclipse Adoptium\jdk-17.0.8.101-hotspot\
PATH=C:\Program Files\Common Files\Oracle\Java\javapath;C:\Windows\system32;C:\Windows;C:\Windows\System32\Wbem;C:\Windows\System32\WindowsPowerShell\v1.0\;C:\Windows\System32\OpenSSH\;C:\Program Files\nodejs\;C:\Users\DELL\AppData\Local\Programs\Eclipse Adoptium\jdk-17.0.8.101-hotspot\bin;C:\Users\DELL\AppData\Local\Microsoft\WindowsApps;;C:\Users\DELL\AppData\Local\Programs\Microsoft VS Code\bin;C:\Users\DELL\AppData\Roaming\npm
USERNAME=DELL
OS=Windows_NT
PROCESSOR_IDENTIFIER=Intel64 Family 6 Model 165 Stepping 2, GenuineIntel
TMP=C:\Users\DELL\AppData\Local\Temp
TEMP=C:\Users\DELL\AppData\Local\Temp



Periodic native trim disabled


---------------  S Y S T E M  ---------------

OS:
 Windows 11 , 64 bit Build 22621 (10.0.22621.3374)
OS uptime: 1 days 4:13 hours

CPU: total 8 (initial active 8) (4 cores per cpu, 2 threads per core) family 6 model 165 stepping 2 microcode 0xf8, cx8, cmov, fxsr, ht, mmx, 3dnowpref, sse, sse2, sse3, ssse3, sse4.1, sse4.2, popcnt, lzcnt, tsc, tscinvbit, avx, avx2, aes, erms, clmul, bmi1, bmi2, adx, fma, vzeroupper, clflush, clflushopt
Processor Information for all 8 processors :
  Max Mhz: 2496, Current Mhz: 2496, Mhz Limit: 2496

Memory: 4k page, system-wide physical 7985M (289M free)
TotalPageFile size 32561M (AvailPageFile size 0M)
current process WorkingSet (physical memory assigned to process): 194M, peak: 195M
current process commit charge ("private bytes"): 273M, peak: 278M

vm_info: OpenJDK 64-Bit Server VM (17.0.10+7) for windows-amd64 JRE (17.0.10+7), built on Jan 16 2024 23:25:11 by "admin" with MS VC++ 16.10 / 16.11 (VS2019)

END.
